<?xml version="1.0" encoding="UTF-8"?>
<testsuite xmlns:xsi="http://www.w3.org/2001/XMLSchema-instance" xsi:schemaLocation="https://maven.apache.org/surefire/maven-surefire-plugin/xsd/surefire-test-report.xsd" name="TestSuite" time="1,076.957" tests="243" errors="0" skipped="17" failures="17">
  <properties>
    <property name="java.runtime.name" value="Java(TM) SE Runtime Environment"/>
    <property name="java.vm.version" value="17.0.1+12-LTS-39"/>
    <property name="sun.boot.library.path" value="C:\Program Files\Java\jdk-17.0.1\bin"/>
    <property name="user.country.format" value="NG"/>
    <property name="maven.multiModuleProjectDirectory" value="C:\Users\ennym\IdeaProjects\messenger_backend_api_test"/>
    <property name="java.vm.vendor" value="Oracle Corporation"/>
    <property name="java.vendor.url" value="https://java.oracle.com/"/>
    <property name="guice.disable.misplaced.annotation.check" value="true"/>
    <property name="path.separator" value=";"/>
    <property name="java.vm.name" value="Java HotSpot(TM) 64-Bit Server VM"/>
    <property name="sun.os.patch.level" value=""/>
    <property name="user.script" value=""/>
    <property name="user.country" value="GB"/>
    <property name="sun.java.launcher" value="SUN_STANDARD"/>
    <property name="java.vm.specification.name" value="Java Virtual Machine Specification"/>
    <property name="user.dir" value="C:\Users\ennym\IdeaProjects\messenger_backend_api_test"/>
    <property name="java.vm.compressedOopsMode" value="Zero based"/>
    <property name="java.runtime.version" value="17.0.1+12-LTS-39"/>
    <property name="os.arch" value="amd64"/>
    <property name="java.io.tmpdir" value="C:\Users\ennym\AppData\Local\Temp\"/>
    <property name="line.separator" value="&#10;"/>
    <property name="java.vm.specification.vendor" value="Oracle Corporation"/>
    <property name="user.variant" value=""/>
    <property name="os.name" value="Windows 10"/>
    <property name="classworlds.conf" value="C:\Users\ennym\maven\apache-maven-3.8.4-bin\apache-maven-3.8.4\bin\m2.conf"/>
    <property name="sun.jnu.encoding" value="Cp1252"/>
    <property name="java.library.path" value="C:\Program Files\Java\jdk-17.0.1\bin;C:\WINDOWS\Sun\Java\bin;C:\WINDOWS\system32;C:\WINDOWS;C:\Program Files\Common Files\Oracle\Java\javapath;C:\Program Files (x86)\Common Files\Oracle\Java\javapath;C:\WINDOWS\system32;C:\WINDOWS;C:\WINDOWS\System32\Wbem;C:\WINDOWS\System32\WindowsPowerShell\v1.0\;C:\WINDOWS\System32\OpenSSH\;C:\Program Files\Git\cmd;C:\Program Files\Java\jdk-17.0.1\bin;C:\Users\ennym\maven\apache-maven-3.8.4-bin\apache-maven-3.8.4\bin;C:\Users\ennym\allure-2.17.2\bin;C:\Users\ennym\AppData\Local\Microsoft\WindowsApps;;."/>
    <property name="maven.conf" value="C:\Users\ennym\maven\apache-maven-3.8.4-bin\apache-maven-3.8.4/conf"/>
    <property name="jdk.debug" value="release"/>
    <property name="java.class.version" value="61.0"/>
    <property name="java.specification.name" value="Java Platform API Specification"/>
    <property name="sun.management.compiler" value="HotSpot 64-Bit Tiered Compilers"/>
    <property name="os.version" value="10.0"/>
    <property name="library.jansi.path" value="C:\Users\ennym\maven\apache-maven-3.8.4-bin\apache-maven-3.8.4\lib\jansi-native"/>
    <property name="user.home" value="C:\Users\ennym"/>
    <property name="user.timezone" value="Africa/Lagos"/>
    <property name="file.encoding" value="Cp1252"/>
    <property name="java.specification.version" value="17"/>
    <property name="user.name" value="ennym"/>
    <property name="java.class.path" value="C:\Users\ennym\maven\apache-maven-3.8.4-bin\apache-maven-3.8.4\boot\plexus-classworlds-2.6.0.jar"/>
    <property name="java.vm.specification.version" value="17"/>
    <property name="sun.arch.data.model" value="64"/>
    <property name="sun.java.command" value="org.codehaus.plexus.classworlds.launcher.Launcher clean test"/>
    <property name="java.home" value="C:\Program Files\Java\jdk-17.0.1"/>
    <property name="user.language" value="en"/>
    <property name="java.specification.vendor" value="Oracle Corporation"/>
    <property name="java.vm.info" value="mixed mode, sharing"/>
    <property name="java.version" value="17.0.1"/>
    <property name="native.encoding" value="Cp1252"/>
    <property name="java.vendor" value="Oracle Corporation"/>
    <property name="sun.stderr.encoding" value="cp850"/>
    <property name="maven.home" value="C:\Users\ennym\maven\apache-maven-3.8.4-bin\apache-maven-3.8.4"/>
    <property name="file.separator" value="\"/>
    <property name="java.version.date" value="2021-10-19"/>
    <property name="java.vendor.url.bug" value="https://bugreport.java.com/bugreport/"/>
    <property name="sun.io.unicode.encoding" value="UnicodeLittle"/>
    <property name="sun.cpu.endian" value="little"/>
    <property name="sun.stdout.encoding" value="cp850"/>
    <property name="sun.cpu.isalist" value="amd64"/>
  </properties>
  <testcase name="ActivateTeam_200" classname="Collection.AutoAssign.ActivateTeam" time="0">
    <skipped message="2 expectations failed.&#10;Expected status code &lt;200&gt; but was &lt;500&gt;.&#10;&#10;Expected status line &quot;HTTP/1.1 200 OK&quot; doesn&apos;t match actual status line &quot;HTTP/1.1 500 Internal Server Error&quot;.&#10;"/>
    <system-out><![CDATA[**************************************** ActivateTeam_200 Started  ************************************** 
Request method:	POST
Request URI:	https://qa-backend.nexus360.mobi/api/authentication
Proxy:			<none>
Request params:	<none>
Query params:	<none>
Form params:	<none>
Path params:	<none>
Headers:		Accept=*/*
				Content-Type=application/json
Cookies:		<none>
Multiparts:		<none>
Body:
{
    "loginId": "admin@ebanqo.com",
    "password": "12345678"
}
Request method:	POST
Request URI:	https://qa-be.ebanqo.io/teams/activate/22/1
Proxy:			<none>
Request params:	<none>
Query params:	<none>
Form params:	<none>
Path params:	<none>
Headers:		token=eyJhbGciOiJIUzI1NiIsInR5cCI6IkpXVCJ9.eyJ1bmlxdWVfbmFtZSI6ImFkbWluQGViYW5xby5jb20iLCJodHRwOi8vc2NoZW1hcy5taWNyb3NvZnQuY29tL3dzLzIwMDgvMDYvaWRlbnRpdHkvY2xhaW1zL3VzZXJkYXRhIjoie1wiaWRcIjoxLFwiZ3VpZFwiOlwiOTQ2ODk3OTItYjBhMi00MzY4LWExMDktYWRhNDUwY2U3OWMyXCIsXCJ0aXRsZVwiOlwiTXIuXCIsXCJmaXJzdE5hbWVcIjpcImVCYW5xb1wiLFwibGFzdE5hbWVcIjpcIkFkbWluXCIsXCJwaG9uZVwiOlwiOTIzMzM4MTI1NTc1XCIsXCJjb3VudHJ5XCI6bnVsbCxcImNvdW50cnlDb2RlXCI6bnVsbCxcInN0YWtlaG9sZGVyXCI6XCJlQmFucW8gSW5jLlwiLFwic3Rha2Vob2xkZXJJZFwiOjEsXCJpbmR1c3RyeUlkXCI6NyxcInN0YWtlaG9sZGVyQ29kZVwiOlwiRUJRXCIsXCJwbGFuQ29kZVwiOm51bGwsXCJsb2dpbklkXCI6XCJhZG1pbkBlYmFucW8uY29tXCIsXCJpc0FkbWluXCI6dHJ1ZSxcInByb2ZpbGVQaG90b1wiOlwibm9zdHJ1ZFwiLFwidG9rZW5cIjpudWxsLFwicmVmcmVzaEtleVwiOm51bGwsXCJsYXN0TG9naW5BdFwiOlwiMjAyMi0wMi0wNVQwOToxMDoyNlwiLFwicm9sZVBlcm1pc3Npb25zXCI6bnVsbCxcInVzZXJSb2xlc1wiOm51bGwsXCJ1c2VyUGVybWlzc2lvbnNcIjpudWxsLFwiZGFzaGJvYXJkXCI6bnVsbH0iLCJuYmYiOjE2NDQwNTI2MjksImV4cCI6MTY0NDA1NjI4OSwiaWF0IjoxNjQ0MDUyNjg5fQ.Qb4665j1HgiGXrPzzN0GPRQ4No-C2-jowskeXpkyVHA
				Accept=*/*
				Content-Type=application/json
Cookies:		<none>
Multiparts:		<none>
Body:
{
    "agent_id": 2,
    "name": "Department Team",
    "description": "Department team",
    "email": "dept@ebanqo.com",
    "assign_criteria": "department",
    "criteria": [
        "15"
    ]
}
HTTP/1.1 500 Internal Server Error
Date: Sat, 05 Feb 2022 09:18:24 GMT
Content-Type: application/json; charset=utf-8
Content-Length: 89
Connection: keep-alive
Set-Cookie: AWSALB=/avC7ceUraFbOFznh3flVjMjAvdo5xWyqcc+svtyYhUfsmLdd5LyOANPvgYId/aJe3EATTPD+a5C+tzICuSQsC43OaKzEbXJ1BhCNtDcdMHcOxvAHrqF/7PJxgwA; Expires=Sat, 12 Feb 2022 09:18:24 GMT; Path=/
Set-Cookie: AWSALBCORS=/avC7ceUraFbOFznh3flVjMjAvdo5xWyqcc+svtyYhUfsmLdd5LyOANPvgYId/aJe3EATTPD+a5C+tzICuSQsC43OaKzEbXJ1BhCNtDcdMHcOxvAHrqF/7PJxgwA; Expires=Sat, 12 Feb 2022 09:18:24 GMT; Path=/; SameSite=None; Secure
X-Powered-By: Express
Access-Control-Allow-Origin: *
ETag: W/"59-koaKP1JId3J6Pq8MJHujaCPom8U"

{
    "status": "error",
    "message": "Cannot read properties of null (reading 'assign_criteria')"
}
***************************Skipped********************* ActivateTeam_200  Sat Feb 05 10:18:22 WAT 2022 ********Skipped************ 


]]></system-out>
    <system-err><![CDATA[SLF4J: Failed to load class "org.slf4j.impl.StaticLoggerBinder".
SLF4J: Defaulting to no-operation (NOP) logger implementation
SLF4J: See http://www.slf4j.org/codes.html#StaticLoggerBinder for further details.
]]></system-err>
  </testcase>
  <testcase name="ActivateTeam_200" classname="Collection.AutoAssign.ActivateTeam" time="5.38">
    <failure message="2 expectations failed.&#10;Expected status code &lt;200&gt; but was &lt;500&gt;.&#10;&#10;Expected status line &quot;HTTP/1.1 200 OK&quot; doesn&apos;t match actual status line &quot;HTTP/1.1 500 Internal Server Error&quot;.&#10;" type="java.lang.AssertionError"><![CDATA[java.lang.AssertionError: 
2 expectations failed.
Expected status code <200> but was <500>.

Expected status line "HTTP/1.1 200 OK" doesn't match actual status line "HTTP/1.1 500 Internal Server Error".

	at Collection.AutoAssign.ActivateTeam.ActivateTeam_200(ActivateTeam.java:27)
]]></failure>
    <system-out><![CDATA[**************************************** ActivateTeam_200 Started  ************************************** 
Request method:	POST
Request URI:	https://qa-backend.nexus360.mobi/api/authentication
Proxy:			<none>
Request params:	<none>
Query params:	<none>
Form params:	<none>
Path params:	<none>
Headers:		Accept=*/*
				Content-Type=application/json
Cookies:		<none>
Multiparts:		<none>
Body:
{
    "loginId": "admin@ebanqo.com",
    "password": "12345678"
}
Request method:	POST
Request URI:	https://qa-be.ebanqo.io/teams/activate/22/1
Proxy:			<none>
Request params:	<none>
Query params:	<none>
Form params:	<none>
Path params:	<none>
Headers:		token=eyJhbGciOiJIUzI1NiIsInR5cCI6IkpXVCJ9.eyJ1bmlxdWVfbmFtZSI6ImFkbWluQGViYW5xby5jb20iLCJodHRwOi8vc2NoZW1hcy5taWNyb3NvZnQuY29tL3dzLzIwMDgvMDYvaWRlbnRpdHkvY2xhaW1zL3VzZXJkYXRhIjoie1wiaWRcIjoxLFwiZ3VpZFwiOlwiOTQ2ODk3OTItYjBhMi00MzY4LWExMDktYWRhNDUwY2U3OWMyXCIsXCJ0aXRsZVwiOlwiTXIuXCIsXCJmaXJzdE5hbWVcIjpcImVCYW5xb1wiLFwibGFzdE5hbWVcIjpcIkFkbWluXCIsXCJwaG9uZVwiOlwiOTIzMzM4MTI1NTc1XCIsXCJjb3VudHJ5XCI6bnVsbCxcImNvdW50cnlDb2RlXCI6bnVsbCxcInN0YWtlaG9sZGVyXCI6XCJlQmFucW8gSW5jLlwiLFwic3Rha2Vob2xkZXJJZFwiOjEsXCJpbmR1c3RyeUlkXCI6NyxcInN0YWtlaG9sZGVyQ29kZVwiOlwiRUJRXCIsXCJwbGFuQ29kZVwiOm51bGwsXCJsb2dpbklkXCI6XCJhZG1pbkBlYmFucW8uY29tXCIsXCJpc0FkbWluXCI6dHJ1ZSxcInByb2ZpbGVQaG90b1wiOlwibm9zdHJ1ZFwiLFwidG9rZW5cIjpudWxsLFwicmVmcmVzaEtleVwiOm51bGwsXCJsYXN0TG9naW5BdFwiOlwiMjAyMi0wMi0wNVQwOToxODoxMFwiLFwicm9sZVBlcm1pc3Npb25zXCI6bnVsbCxcInVzZXJSb2xlc1wiOm51bGwsXCJ1c2VyUGVybWlzc2lvbnNcIjpudWxsLFwiZGFzaGJvYXJkXCI6bnVsbH0iLCJuYmYiOjE2NDQwNTI2NDcsImV4cCI6MTY0NDA1NjMwNywiaWF0IjoxNjQ0MDUyNzA3fQ.KwUIdFSsVyjRmoL-F83cyYshQSgxC9VMZZYev8CmEog
				Accept=*/*
				Content-Type=application/json
Cookies:		<none>
Multiparts:		<none>
Body:
{
    "agent_id": 2,
    "name": "Department Team",
    "description": "Department team",
    "email": "dept@ebanqo.com",
    "assign_criteria": "department",
    "criteria": [
        "15"
    ]
}
HTTP/1.1 500 Internal Server Error
Date: Sat, 05 Feb 2022 09:18:30 GMT
Content-Type: application/json; charset=utf-8
Content-Length: 89
Connection: keep-alive
Set-Cookie: AWSALB=BL6SQQ7/c0eipQarCakkYDis7akbsTV8RqCDLoeB0twfKGnz3EndKGfZ3TPjFm4W2kLWJOcXiUpjcvfNa9r61dexxFmIdaWvy9jB9S4577KjBwo/m/Q9g+4Qm5qS; Expires=Sat, 12 Feb 2022 09:18:30 GMT; Path=/
Set-Cookie: AWSALBCORS=BL6SQQ7/c0eipQarCakkYDis7akbsTV8RqCDLoeB0twfKGnz3EndKGfZ3TPjFm4W2kLWJOcXiUpjcvfNa9r61dexxFmIdaWvy9jB9S4577KjBwo/m/Q9g+4Qm5qS; Expires=Sat, 12 Feb 2022 09:18:30 GMT; Path=/; SameSite=None; Secure
X-Powered-By: Express
Access-Control-Allow-Origin: *
ETag: W/"59-koaKP1JId3J6Pq8MJHujaCPom8U"

{
    "status": "error",
    "message": "Cannot read properties of null (reading 'assign_criteria')"
}
**********Failed********************* ActivateTeam_200  Sat Feb 05 10:18:28 WAT 2022 **********Failed************* 
 

]]></system-out>
  </testcase>
  <testcase name="ActivateTeam_401" classname="Collection.AutoAssign.ActivateTeam" time="1.601"/>
  <testcase name="ActivateTeam_403" classname="Collection.AutoAssign.ActivateTeam" time="2.791"/>
  <testcase name="CreateTeam_200" classname="Collection.AutoAssign.CreateTeam" time="4.474"/>
  <testcase name="CreateTeam_401" classname="Collection.AutoAssign.CreateTeam" time="1.417"/>
  <testcase name="CreateTeam_403" classname="Collection.AutoAssign.CreateTeam" time="3.021"/>
  <testcase name="List_Teams_By_Agent_200" classname="Collection.AutoAssign.List_Teams_By_Agent" time="4.004"/>
  <testcase name="List_Teams_By_Agent_401" classname="Collection.AutoAssign.List_Teams_By_Agent" time="1.222"/>
  <testcase name="List_Teams_By_Agent_403" classname="Collection.AutoAssign.List_Teams_By_Agent" time="3.543"/>
  <testcase name="UpdateTeam_200" classname="Collection.AutoAssign.UpdateTeam" time="0">
    <skipped message="2 expectations failed.&#10;Expected status code &lt;200&gt; but was &lt;500&gt;.&#10;&#10;Expected status line &quot;HTTP/1.1 200 OK&quot; doesn&apos;t match actual status line &quot;HTTP/1.1 500 Internal Server Error&quot;.&#10;"/>
    <system-out><![CDATA[===== Invoked methods
    List_Teams_By_Agent.List_Teams_By_Agent_200()[pri:1, instance:Collection.AutoAssign.List_Teams_By_Agent@5454d35e]
    List_Teams_By_Agent.List_Teams_By_Agent_401()[pri:2, instance:Collection.AutoAssign.List_Teams_By_Agent@5454d35e]
    List_Teams_By_Agent.List_Teams_By_Agent_403()[pri:3, instance:Collection.AutoAssign.List_Teams_By_Agent@5454d35e]
=====
PASSED: List_Teams_By_Agent_401
PASSED: List_Teams_By_Agent_403
PASSED: List_Teams_By_Agent_200

===============================================
    List Teams By Agent
    Tests run: 3, Failures: 0, Skips: 0
===============================================

**************************************** UpdateTeam_200 Started  ************************************** 
Request method:	POST
Request URI:	https://qa-backend.nexus360.mobi/api/authentication
Proxy:			<none>
Request params:	<none>
Query params:	<none>
Form params:	<none>
Path params:	<none>
Headers:		Accept=*/*
				Content-Type=application/json
Cookies:		<none>
Multiparts:		<none>
Body:
{
    "loginId": "admin@ebanqo.com",
    "password": "12345678"
}
Request method:	PUT
Request URI:	https://qa-be.ebanqo.io/teams/28
Proxy:			<none>
Request params:	<none>
Query params:	<none>
Form params:	<none>
Path params:	<none>
Headers:		token=eyJhbGciOiJIUzI1NiIsInR5cCI6IkpXVCJ9.eyJ1bmlxdWVfbmFtZSI6ImFkbWluQGViYW5xby5jb20iLCJodHRwOi8vc2NoZW1hcy5taWNyb3NvZnQuY29tL3dzLzIwMDgvMDYvaWRlbnRpdHkvY2xhaW1zL3VzZXJkYXRhIjoie1wiaWRcIjoxLFwiZ3VpZFwiOlwiOTQ2ODk3OTItYjBhMi00MzY4LWExMDktYWRhNDUwY2U3OWMyXCIsXCJ0aXRsZVwiOlwiTXIuXCIsXCJmaXJzdE5hbWVcIjpcImVCYW5xb1wiLFwibGFzdE5hbWVcIjpcIkFkbWluXCIsXCJwaG9uZVwiOlwiOTIzMzM4MTI1NTc1XCIsXCJjb3VudHJ5XCI6bnVsbCxcImNvdW50cnlDb2RlXCI6bnVsbCxcInN0YWtlaG9sZGVyXCI6XCJlQmFucW8gSW5jLlwiLFwic3Rha2Vob2xkZXJJZFwiOjEsXCJpbmR1c3RyeUlkXCI6NyxcInN0YWtlaG9sZGVyQ29kZVwiOlwiRUJRXCIsXCJwbGFuQ29kZVwiOm51bGwsXCJsb2dpbklkXCI6XCJhZG1pbkBlYmFucW8uY29tXCIsXCJpc0FkbWluXCI6dHJ1ZSxcInByb2ZpbGVQaG90b1wiOlwibm9zdHJ1ZFwiLFwidG9rZW5cIjpudWxsLFwicmVmcmVzaEtleVwiOm51bGwsXCJsYXN0TG9naW5BdFwiOlwiMjAyMi0wMi0wNVQwOToxODo0OVwiLFwicm9sZVBlcm1pc3Npb25zXCI6bnVsbCxcInVzZXJSb2xlc1wiOm51bGwsXCJ1c2VyUGVybWlzc2lvbnNcIjpudWxsLFwiZGFzaGJvYXJkXCI6bnVsbH0iLCJuYmYiOjE2NDQwNTI2NzksImV4cCI6MTY0NDA1NjMzOSwiaWF0IjoxNjQ0MDUyNzM5fQ.rTAnGIV6qw5BByvZRcXQ9r46Wxt3YbX3qD8jd0NsvfA
				Accept=*/*
				Content-Type=application/json
Cookies:		<none>
Multiparts:		<none>
Body:
{
    "agent_id": 5,
    "name": "Second Test Team",
    "description": "team description",
    "assign_criteria": "platform",
    "email": "testtesm@team.com",
    "criteria": [
        "facebook",
        "webchat",
        "whatsapp"
    ]
}
HTTP/1.1 500 Internal Server Error
Date: Sat, 05 Feb 2022 09:19:02 GMT
Content-Type: application/json; charset=utf-8
Content-Length: 46
Connection: keep-alive
Set-Cookie: AWSALB=SFU2zWpgYw4l8BZZOTbLa1PVWK5MAEhxA0fd/u7fCyFl7Anjdqk/+GKclhLMVNHgaqgwD35FH030IP4QsBie3AZOCFjrEhs7uCr6zDGG0zGun/NaXBMBvWPWFvJ+; Expires=Sat, 12 Feb 2022 09:19:01 GMT; Path=/
Set-Cookie: AWSALBCORS=SFU2zWpgYw4l8BZZOTbLa1PVWK5MAEhxA0fd/u7fCyFl7Anjdqk/+GKclhLMVNHgaqgwD35FH030IP4QsBie3AZOCFjrEhs7uCr6zDGG0zGun/NaXBMBvWPWFvJ+; Expires=Sat, 12 Feb 2022 09:19:01 GMT; Path=/; SameSite=None; Secure
X-Powered-By: Express
Access-Control-Allow-Origin: *
ETag: W/"2e-JkQBYJfnsxA543RnmIAfr8xzFRA"

{
    "status": "error",
    "message": "No Rows Updated"
}
***************************Skipped********************* UpdateTeam_200  Sat Feb 05 10:18:59 WAT 2022 ********Skipped************ 


]]></system-out>
  </testcase>
  <testcase name="UpdateTeam_200" classname="Collection.AutoAssign.UpdateTeam" time="3.873">
    <failure message="2 expectations failed.&#10;Expected status code &lt;200&gt; but was &lt;500&gt;.&#10;&#10;Expected status line &quot;HTTP/1.1 200 OK&quot; doesn&apos;t match actual status line &quot;HTTP/1.1 500 Internal Server Error&quot;.&#10;" type="java.lang.AssertionError"><![CDATA[java.lang.AssertionError: 
2 expectations failed.
Expected status code <200> but was <500>.

Expected status line "HTTP/1.1 200 OK" doesn't match actual status line "HTTP/1.1 500 Internal Server Error".

	at Collection.AutoAssign.UpdateTeam.UpdateTeam_200(UpdateTeam.java:26)
]]></failure>
    <system-out><![CDATA[**************************************** UpdateTeam_200 Started  ************************************** 
Request method:	POST
Request URI:	https://qa-backend.nexus360.mobi/api/authentication
Proxy:			<none>
Request params:	<none>
Query params:	<none>
Form params:	<none>
Path params:	<none>
Headers:		Accept=*/*
				Content-Type=application/json
Cookies:		<none>
Multiparts:		<none>
Body:
{
    "loginId": "admin@ebanqo.com",
    "password": "12345678"
}
Request method:	PUT
Request URI:	https://qa-be.ebanqo.io/teams/28
Proxy:			<none>
Request params:	<none>
Query params:	<none>
Form params:	<none>
Path params:	<none>
Headers:		token=eyJhbGciOiJIUzI1NiIsInR5cCI6IkpXVCJ9.eyJ1bmlxdWVfbmFtZSI6ImFkbWluQGViYW5xby5jb20iLCJodHRwOi8vc2NoZW1hcy5taWNyb3NvZnQuY29tL3dzLzIwMDgvMDYvaWRlbnRpdHkvY2xhaW1zL3VzZXJkYXRhIjoie1wiaWRcIjoxLFwiZ3VpZFwiOlwiOTQ2ODk3OTItYjBhMi00MzY4LWExMDktYWRhNDUwY2U3OWMyXCIsXCJ0aXRsZVwiOlwiTXIuXCIsXCJmaXJzdE5hbWVcIjpcImVCYW5xb1wiLFwibGFzdE5hbWVcIjpcIkFkbWluXCIsXCJwaG9uZVwiOlwiOTIzMzM4MTI1NTc1XCIsXCJjb3VudHJ5XCI6bnVsbCxcImNvdW50cnlDb2RlXCI6bnVsbCxcInN0YWtlaG9sZGVyXCI6XCJlQmFucW8gSW5jLlwiLFwic3Rha2Vob2xkZXJJZFwiOjEsXCJpbmR1c3RyeUlkXCI6NyxcInN0YWtlaG9sZGVyQ29kZVwiOlwiRUJRXCIsXCJwbGFuQ29kZVwiOm51bGwsXCJsb2dpbklkXCI6XCJhZG1pbkBlYmFucW8uY29tXCIsXCJpc0FkbWluXCI6dHJ1ZSxcInByb2ZpbGVQaG90b1wiOlwibm9zdHJ1ZFwiLFwidG9rZW5cIjpudWxsLFwicmVmcmVzaEtleVwiOm51bGwsXCJsYXN0TG9naW5BdFwiOlwiMjAyMi0wMi0wNVQwOToxOTowMFwiLFwicm9sZVBlcm1pc3Npb25zXCI6bnVsbCxcInVzZXJSb2xlc1wiOm51bGwsXCJ1c2VyUGVybWlzc2lvbnNcIjpudWxsLFwiZGFzaGJvYXJkXCI6bnVsbH0iLCJuYmYiOjE2NDQwNTI2NzIsImV4cCI6MTY0NDA1NjMzMiwiaWF0IjoxNjQ0MDUyNzMyfQ.Xe8eRQ9Jy6_9lQYOAXyhTQTmoROANfDcDJHEnK0b_mQ
				Accept=*/*
				Content-Type=application/json
Cookies:		<none>
Multiparts:		<none>
Body:
{
    "agent_id": 5,
    "name": "Second Test Team",
    "description": "team description",
    "assign_criteria": "platform",
    "email": "testtesm@team.com",
    "criteria": [
        "facebook",
        "webchat",
        "whatsapp"
    ]
}
HTTP/1.1 500 Internal Server Error
Date: Sat, 05 Feb 2022 09:19:06 GMT
Content-Type: application/json; charset=utf-8
Content-Length: 46
Connection: keep-alive
Set-Cookie: AWSALB=taWEIU3KnCI5WOZTbyKApKp557DaDgQ+IZ2jc3Q6wJhIiw3hH+vvby5bfs1EyU/4yc+dCdiwSlKFQXA5rPUrRIrndeEACVKfzt/qmAFGN4sdCCphV4YlY65/pabL; Expires=Sat, 12 Feb 2022 09:19:06 GMT; Path=/
Set-Cookie: AWSALBCORS=taWEIU3KnCI5WOZTbyKApKp557DaDgQ+IZ2jc3Q6wJhIiw3hH+vvby5bfs1EyU/4yc+dCdiwSlKFQXA5rPUrRIrndeEACVKfzt/qmAFGN4sdCCphV4YlY65/pabL; Expires=Sat, 12 Feb 2022 09:19:06 GMT; Path=/; SameSite=None; Secure
X-Powered-By: Express
Access-Control-Allow-Origin: *
ETag: W/"2e-JkQBYJfnsxA543RnmIAfr8xzFRA"

{
    "status": "error",
    "message": "No Rows Updated"
}
**********Failed********************* UpdateTeam_200  Sat Feb 05 10:19:04 WAT 2022 **********Failed************* 
 

]]></system-out>
  </testcase>
  <testcase name="UpdateTeam_401" classname="Collection.AutoAssign.UpdateTeam" time="1.664"/>
  <testcase name="UpdateTeam_403" classname="Collection.AutoAssign.UpdateTeam" time="3.161"/>
  <testcase name="UpdateTeam_404" classname="Collection.AutoAssign.UpdateTeam" time="4.886"/>
  <testcase name="ListGoogleProject_200" classname="Collection.GoogleProject.ListGoogleProject" time="3.768"/>
  <testcase name="Get_My_Session_Support_401" classname="Collection.GoogleProject.ListGoogleProject" time="1.415"/>
  <testcase name="ListGoogleProject_403" classname="Collection.GoogleProject.ListGoogleProject" time="2.891"/>
  <testcase name="Accept_User_Chat_Support_200" classname="Collection.Accept_User_Chat_Support" time="0">
    <skipped message="3 expectations failed.&#10;Expected status code &lt;200&gt; but was &lt;404&gt;.&#10;&#10;Expected status line &quot;HTTP/1.1 200 OK&quot; doesn&apos;t match actual status line &quot;HTTP/1.1 404 Not Found&quot;.&#10;&#10;Expected content-type &quot;JSON&quot; doesn&apos;t match actual content-type &quot;text/html; charset=utf-8&quot;.&#10;"/>
    <system-out><![CDATA[===== Invoked methods
    ListGoogleProject.ListGoogleProject_200()[pri:1, instance:Collection.GoogleProject.ListGoogleProject@74a6f9c1]
    ListGoogleProject.Get_My_Session_Support_401()[pri:2, instance:Collection.GoogleProject.ListGoogleProject@74a6f9c1]
    ListGoogleProject.ListGoogleProject_403()[pri:3, instance:Collection.GoogleProject.ListGoogleProject@74a6f9c1]
=====
PASSED: Get_My_Session_Support_401
PASSED: ListGoogleProject_403
PASSED: ListGoogleProject_200

===============================================
    List Google Project
    Tests run: 3, Failures: 0, Skips: 0
===============================================

**************************************** Accept_User_Chat_Support_200 Started  ************************************** 
Request method:	POST
Request URI:	https://qa-backend.nexus360.mobi/api/authentication
Proxy:			<none>
Request params:	<none>
Query params:	<none>
Form params:	<none>
Path params:	<none>
Headers:		Accept=*/*
				Content-Type=application/json
Cookies:		<none>
Multiparts:		<none>
Body:
{
    "loginId": "admin@ebanqo.com",
    "password": "12345678"
}
Request method:	PUT
Request URI:	https://qa-be.ebanqo.io/support/assign
Proxy:			<none>
Request params:	<none>
Query params:	<none>
Form params:	<none>
Path params:	<none>
Headers:		token=eyJhbGciOiJIUzI1NiIsInR5cCI6IkpXVCJ9.eyJ1bmlxdWVfbmFtZSI6ImFkbWluQGViYW5xby5jb20iLCJodHRwOi8vc2NoZW1hcy5taWNyb3NvZnQuY29tL3dzLzIwMDgvMDYvaWRlbnRpdHkvY2xhaW1zL3VzZXJkYXRhIjoie1wiaWRcIjoxLFwiZ3VpZFwiOlwiOTQ2ODk3OTItYjBhMi00MzY4LWExMDktYWRhNDUwY2U3OWMyXCIsXCJ0aXRsZVwiOlwiTXIuXCIsXCJmaXJzdE5hbWVcIjpcImVCYW5xb1wiLFwibGFzdE5hbWVcIjpcIkFkbWluXCIsXCJwaG9uZVwiOlwiOTIzMzM4MTI1NTc1XCIsXCJjb3VudHJ5XCI6bnVsbCxcImNvdW50cnlDb2RlXCI6bnVsbCxcInN0YWtlaG9sZGVyXCI6XCJlQmFucW8gSW5jLlwiLFwic3Rha2Vob2xkZXJJZFwiOjEsXCJpbmR1c3RyeUlkXCI6NyxcInN0YWtlaG9sZGVyQ29kZVwiOlwiRUJRXCIsXCJwbGFuQ29kZVwiOm51bGwsXCJsb2dpbklkXCI6XCJhZG1pbkBlYmFucW8uY29tXCIsXCJpc0FkbWluXCI6dHJ1ZSxcInByb2ZpbGVQaG90b1wiOlwibm9zdHJ1ZFwiLFwidG9rZW5cIjpudWxsLFwicmVmcmVzaEtleVwiOm51bGwsXCJsYXN0TG9naW5BdFwiOlwiMjAyMi0wMi0wNVQwOToxOToyMFwiLFwicm9sZVBlcm1pc3Npb25zXCI6bnVsbCxcInVzZXJSb2xlc1wiOm51bGwsXCJ1c2VyUGVybWlzc2lvbnNcIjpudWxsLFwiZGFzaGJvYXJkXCI6bnVsbH0iLCJuYmYiOjE2NDQwNTI2OTcsImV4cCI6MTY0NDA1NjM1NywiaWF0IjoxNjQ0MDUyNzU3fQ.VSJ0yYtk_R7ZZ453TbcFJttO8p5qktRw110HZcXxTW4
				Accept=*/*
				Content-Type=application/json
Cookies:		<none>
Multiparts:		<none>
Body:
{
    "agent_id": 5,
    "user_code": "fd840300850c1610099107553",
    "platform": "webchat",
    "assigned_support_id": 50,
    "assigned_support_name": "Charles Ademola",
    "support_stakeholder": "EBQ",
    "support_email": "charlesa@ebanqo.com"
}
HTTP/1.1 404 Not Found
Date: Sat, 05 Feb 2022 09:19:31 GMT
Content-Type: text/html; charset=utf-8
Content-Length: 153
Connection: keep-alive
Set-Cookie: AWSALB=q70s5Oy1z3b+H+XHWw4gKkEunkLNqMXUfeJIRvymrJAb3NKuZ1fEts5RbaFdT5NoFK9IfkzffmCiXg49SvpVuwg89LR1U64RGtNHraNawDfO8h2G9T3rnib9gEay; Expires=Sat, 12 Feb 2022 09:19:31 GMT; Path=/
Set-Cookie: AWSALBCORS=q70s5Oy1z3b+H+XHWw4gKkEunkLNqMXUfeJIRvymrJAb3NKuZ1fEts5RbaFdT5NoFK9IfkzffmCiXg49SvpVuwg89LR1U64RGtNHraNawDfO8h2G9T3rnib9gEay; Expires=Sat, 12 Feb 2022 09:19:31 GMT; Path=/; SameSite=None; Secure
X-Powered-By: Express
Access-Control-Allow-Origin: *
Content-Security-Policy: default-src 'none'
X-Content-Type-Options: nosniff

<html lang="en">
  <head>
    <meta charset="utf-8"/>
    <title>Error</title>
  </head>
  <body>
    <pre>Cannot PUT /support/assign</pre>
  </body>
</html>
***************************Skipped********************* Accept_User_Chat_Support_200  Sat Feb 05 10:19:29 WAT 2022 ********Skipped************ 


]]></system-out>
  </testcase>
  <testcase name="Accept_User_Chat_Support_200" classname="Collection.Accept_User_Chat_Support" time="3.738">
    <failure message="3 expectations failed.&#10;Expected status code &lt;200&gt; but was &lt;404&gt;.&#10;&#10;Expected status line &quot;HTTP/1.1 200 OK&quot; doesn&apos;t match actual status line &quot;HTTP/1.1 404 Not Found&quot;.&#10;&#10;Expected content-type &quot;JSON&quot; doesn&apos;t match actual content-type &quot;text/html; charset=utf-8&quot;.&#10;" type="java.lang.AssertionError"><![CDATA[java.lang.AssertionError: 
3 expectations failed.
Expected status code <200> but was <404>.

Expected status line "HTTP/1.1 200 OK" doesn't match actual status line "HTTP/1.1 404 Not Found".

Expected content-type "JSON" doesn't match actual content-type "text/html; charset=utf-8".

	at Collection.Accept_User_Chat_Support.Accept_User_Chat_Support_200(Accept_User_Chat_Support.java:24)
]]></failure>
    <system-out><![CDATA[**************************************** Accept_User_Chat_Support_200 Started  ************************************** 
Request method:	POST
Request URI:	https://qa-backend.nexus360.mobi/api/authentication
Proxy:			<none>
Request params:	<none>
Query params:	<none>
Form params:	<none>
Path params:	<none>
Headers:		Accept=*/*
				Content-Type=application/json
Cookies:		<none>
Multiparts:		<none>
Body:
{
    "loginId": "admin@ebanqo.com",
    "password": "12345678"
}
Request method:	PUT
Request URI:	https://qa-be.ebanqo.io/support/assign
Proxy:			<none>
Request params:	<none>
Query params:	<none>
Form params:	<none>
Path params:	<none>
Headers:		token=eyJhbGciOiJIUzI1NiIsInR5cCI6IkpXVCJ9.eyJ1bmlxdWVfbmFtZSI6ImFkbWluQGViYW5xby5jb20iLCJodHRwOi8vc2NoZW1hcy5taWNyb3NvZnQuY29tL3dzLzIwMDgvMDYvaWRlbnRpdHkvY2xhaW1zL3VzZXJkYXRhIjoie1wiaWRcIjoxLFwiZ3VpZFwiOlwiOTQ2ODk3OTItYjBhMi00MzY4LWExMDktYWRhNDUwY2U3OWMyXCIsXCJ0aXRsZVwiOlwiTXIuXCIsXCJmaXJzdE5hbWVcIjpcImVCYW5xb1wiLFwibGFzdE5hbWVcIjpcIkFkbWluXCIsXCJwaG9uZVwiOlwiOTIzMzM4MTI1NTc1XCIsXCJjb3VudHJ5XCI6bnVsbCxcImNvdW50cnlDb2RlXCI6bnVsbCxcInN0YWtlaG9sZGVyXCI6XCJlQmFucW8gSW5jLlwiLFwic3Rha2Vob2xkZXJJZFwiOjEsXCJpbmR1c3RyeUlkXCI6NyxcInN0YWtlaG9sZGVyQ29kZVwiOlwiRUJRXCIsXCJwbGFuQ29kZVwiOm51bGwsXCJsb2dpbklkXCI6XCJhZG1pbkBlYmFucW8uY29tXCIsXCJpc0FkbWluXCI6dHJ1ZSxcInByb2ZpbGVQaG90b1wiOlwibm9zdHJ1ZFwiLFwidG9rZW5cIjpudWxsLFwicmVmcmVzaEtleVwiOm51bGwsXCJsYXN0TG9naW5BdFwiOlwiMjAyMi0wMi0wNVQwOToxOToxOFwiLFwicm9sZVBlcm1pc3Npb25zXCI6bnVsbCxcInVzZXJSb2xlc1wiOm51bGwsXCJ1c2VyUGVybWlzc2lvbnNcIjpudWxsLFwiZGFzaGJvYXJkXCI6bnVsbH0iLCJuYmYiOjE2NDQwNTI3MTQsImV4cCI6MTY0NDA1NjM3NCwiaWF0IjoxNjQ0MDUyNzc0fQ.z0y66roQYT1ebtsIOjKqZsxSqzDkfV0Xk5lXJTtXJIw
				Accept=*/*
				Content-Type=application/json
Cookies:		<none>
Multiparts:		<none>
Body:
{
    "agent_id": 5,
    "user_code": "fd840300850c1610099107553",
    "platform": "webchat",
    "assigned_support_id": 50,
    "assigned_support_name": "Charles Ademola",
    "support_stakeholder": "EBQ",
    "support_email": "charlesa@ebanqo.com"
}
HTTP/1.1 404 Not Found
Date: Sat, 05 Feb 2022 09:19:36 GMT
Content-Type: text/html; charset=utf-8
Content-Length: 153
Connection: keep-alive
Set-Cookie: AWSALB=EvVjNXNSYfIS1krqXl5XAuXu3+b4BqyumPdBKUeocJmui5vbkJGQCYVHUSl9Z8I0iofR/DZWymeGMUPOSqcNNr5PLvJnBNaGNFTzsXPQcwBAa6RNLHp5E8FTlMLc; Expires=Sat, 12 Feb 2022 09:19:36 GMT; Path=/
Set-Cookie: AWSALBCORS=EvVjNXNSYfIS1krqXl5XAuXu3+b4BqyumPdBKUeocJmui5vbkJGQCYVHUSl9Z8I0iofR/DZWymeGMUPOSqcNNr5PLvJnBNaGNFTzsXPQcwBAa6RNLHp5E8FTlMLc; Expires=Sat, 12 Feb 2022 09:19:36 GMT; Path=/; SameSite=None; Secure
X-Powered-By: Express
Access-Control-Allow-Origin: *
Content-Security-Policy: default-src 'none'
X-Content-Type-Options: nosniff

<html lang="en">
  <head>
    <meta charset="utf-8"/>
    <title>Error</title>
  </head>
  <body>
    <pre>Cannot PUT /support/assign</pre>
  </body>
</html>
**********Failed********************* Accept_User_Chat_Support_200  Sat Feb 05 10:19:33 WAT 2022 **********Failed************* 
 

]]></system-out>
  </testcase>
  <testcase name="Accept_User_Chat_Support_401" classname="Collection.Accept_User_Chat_Support" time="1.585"/>
  <testcase name="Accept_User_Chat_Support_403" classname="Collection.Accept_User_Chat_Support" time="2.689"/>
  <testcase name="Accept_User_Chat_Support_404" classname="Collection.Accept_User_Chat_Support" time="4.033"/>
  <testcase name="Add_User_To_Queue_200" classname="Collection.Add_User_To_Queue" time="0">
    <skipped message="2 expectations failed.&#10;Expected status code &lt;200&gt; but was &lt;403&gt;.&#10;&#10;Expected status line &quot;HTTP/1.1 200 OK&quot; doesn&apos;t match actual status line &quot;HTTP/1.1 403 Forbidden&quot;.&#10;"/>
    <system-out><![CDATA[===== Invoked methods
    Accept_User_Chat_Support.Accept_User_Chat_Support_200()[pri:1, instance:Collection.Accept_User_Chat_Support@7d9e8ef7]
    Accept_User_Chat_Support.Accept_User_Chat_Support_401()[pri:2, instance:Collection.Accept_User_Chat_Support@7d9e8ef7]
    Accept_User_Chat_Support.Accept_User_Chat_Support_403()[pri:3, instance:Collection.Accept_User_Chat_Support@7d9e8ef7]
    Accept_User_Chat_Support.Accept_User_Chat_Support_404()[pri:4, instance:Collection.Accept_User_Chat_Support@7d9e8ef7]
=====
PASSED: Accept_User_Chat_Support_403
PASSED: Accept_User_Chat_Support_404
PASSED: Accept_User_Chat_Support_401
FAILED: Accept_User_Chat_Support_200
java.lang.AssertionError: 3 expectations failed.
Expected status code <200> but was <404>.

Expected status line "HTTP/1.1 200 OK" doesn't match actual status line "HTTP/1.1 404 Not Found".

Expected content-type "JSON" doesn't match actual content-type "text/html; charset=utf-8".

	at java.base/jdk.internal.reflect.NativeConstructorAccessorImpl.newInstance0(Native Method)
	at java.base/jdk.internal.reflect.NativeConstructorAccessorImpl.newInstance(NativeConstructorAccessorImpl.java:77)
	at java.base/jdk.internal.reflect.DelegatingConstructorAccessorImpl.newInstance(DelegatingConstructorAccessorImpl.java:45)
	at java.base/java.lang.reflect.Constructor.newInstanceWithCaller(Constructor.java:499)
	at java.base/java.lang.reflect.Constructor.newInstance(Constructor.java:480)
	at org.codehaus.groovy.reflection.CachedConstructor.invoke(CachedConstructor.java:72)
	at org.codehaus.groovy.runtime.callsite.ConstructorSite$ConstructorSiteNoUnwrapNoCoerce.callConstructor(ConstructorSite.java:105)
	at org.codehaus.groovy.runtime.callsite.AbstractCallSite.callConstructor(AbstractCallSite.java:277)
	at io.restassured.internal.ResponseSpecificationImpl$HamcrestAssertionClosure.validate(ResponseSpecificationImpl.groovy:499)
	at io.restassured.internal.ResponseSpecificationImpl$HamcrestAssertionClosure$validate$1.call(Unknown Source)
	at io.restassured.internal.ResponseSpecificationImpl.validate(ResponseSpecificationImpl.groovy:93)
	at io.restassured.internal.ValidatableResponseOptionsImpl.spec(ValidatableResponseOptionsImpl.java:288)
	at io.restassured.internal.ValidatableResponseImpl.super$2$spec(ValidatableResponseImpl.groovy)
	at java.base/jdk.internal.reflect.NativeMethodAccessorImpl.invoke0(Native Method)
	at java.base/jdk.internal.reflect.NativeMethodAccessorImpl.invoke(NativeMethodAccessorImpl.java:77)
	at java.base/jdk.internal.reflect.DelegatingMethodAccessorImpl.invoke(DelegatingMethodAccessorImpl.java:43)
	at java.base/java.lang.reflect.Method.invoke(Method.java:568)
	at org.codehaus.groovy.reflection.CachedMethod.invoke(CachedMethod.java:107)
	at groovy.lang.MetaMethod.doMethodInvoke(MetaMethod.java:323)
	at groovy.lang.MetaClassImpl.invokeMethod(MetaClassImpl.java:1268)
	at org.codehaus.groovy.runtime.ScriptBytecodeAdapter.invokeMethodOnSuperN(ScriptBytecodeAdapter.java:144)
	at io.restassured.internal.ValidatableResponseImpl.spec(ValidatableResponseImpl.groovy:76)
	at io.restassured.internal.ValidatableResponseImpl.spec(ValidatableResponseImpl.groovy)
	at Collection.Accept_User_Chat_Support.Accept_User_Chat_Support_200(Accept_User_Chat_Support.java:24)
	at java.base/jdk.internal.reflect.NativeMethodAccessorImpl.invoke0(Native Method)
	at java.base/jdk.internal.reflect.NativeMethodAccessorImpl.invoke(NativeMethodAccessorImpl.java:77)
	at java.base/jdk.internal.reflect.DelegatingMethodAccessorImpl.invoke(DelegatingMethodAccessorImpl.java:43)
	at java.base/java.lang.reflect.Method.invoke(Method.java:568)
	at org.testng.internal.invokers.MethodInvocationHelper.invokeMethod(MethodInvocationHelper.java:135)
	at org.testng.internal.invokers.TestInvoker.invokeMethod(TestInvoker.java:673)
	at org.testng.internal.invokers.TestInvoker.retryFailed(TestInvoker.java:262)
	at org.testng.internal.invokers.MethodRunner.runInSequence(MethodRunner.java:62)
	at org.testng.internal.invokers.TestInvoker$MethodInvocationAgent.invoke(TestInvoker.java:945)
	at org.testng.internal.invokers.TestInvoker.invokeTestMethods(TestInvoker.java:193)
	at org.testng.internal.invokers.TestMethodWorker.invokeTestMethods(TestMethodWorker.java:146)
	at org.testng.internal.invokers.TestMethodWorker.run(TestMethodWorker.java:128)
	at java.base/java.util.ArrayList.forEach(ArrayList.java:1511)
	at org.testng.TestRunner.privateRun(TestRunner.java:808)
	at org.testng.TestRunner.run(TestRunner.java:603)
	at org.testng.SuiteRunner.runTest(SuiteRunner.java:429)
	at org.testng.SuiteRunner.runSequentially(SuiteRunner.java:423)
	at org.testng.SuiteRunner.privateRun(SuiteRunner.java:383)
	at org.testng.SuiteRunner.run(SuiteRunner.java:326)
	at org.testng.SuiteRunnerWorker.runSuite(SuiteRunnerWorker.java:52)
	at org.testng.SuiteRunnerWorker.run(SuiteRunnerWorker.java:95)
	at org.testng.TestNG.runSuitesSequentially(TestNG.java:1249)
	at org.testng.TestNG.runSuitesLocally(TestNG.java:1169)
	at org.testng.TestNG.runSuites(TestNG.java:1092)
	at org.testng.TestNG.run(TestNG.java:1060)
	at org.apache.maven.surefire.testng.TestNGExecutor.run(TestNGExecutor.java:281)
	at org.apache.maven.surefire.testng.TestNGXmlTestSuite.execute(TestNGXmlTestSuite.java:75)
	at org.apache.maven.surefire.testng.TestNGProvider.invoke(TestNGProvider.java:121)
	at org.apache.maven.surefire.booter.ForkedBooter.invokeProviderInSameClassLoader(ForkedBooter.java:290)
	at org.apache.maven.surefire.booter.ForkedBooter.runSuitesInProcess(ForkedBooter.java:242)
	at org.apache.maven.surefire.booter.ForkedBooter.main(ForkedBooter.java:121)

RETRIED: Accept_User_Chat_Support_200
java.lang.AssertionError: 3 expectations failed.
Expected status code <200> but was <404>.

Expected status line "HTTP/1.1 200 OK" doesn't match actual status line "HTTP/1.1 404 Not Found".

Expected content-type "JSON" doesn't match actual content-type "text/html; charset=utf-8".

	at java.base/jdk.internal.reflect.NativeConstructorAccessorImpl.newInstance0(Native Method)
	at java.base/jdk.internal.reflect.NativeConstructorAccessorImpl.newInstance(NativeConstructorAccessorImpl.java:77)
	at java.base/jdk.internal.reflect.DelegatingConstructorAccessorImpl.newInstance(DelegatingConstructorAccessorImpl.java:45)
	at java.base/java.lang.reflect.Constructor.newInstanceWithCaller(Constructor.java:499)
	at java.base/java.lang.reflect.Constructor.newInstance(Constructor.java:480)
	at org.codehaus.groovy.reflection.CachedConstructor.invoke(CachedConstructor.java:72)
	at org.codehaus.groovy.runtime.callsite.ConstructorSite$ConstructorSiteNoUnwrapNoCoerce.callConstructor(ConstructorSite.java:105)
	at org.codehaus.groovy.runtime.callsite.AbstractCallSite.callConstructor(AbstractCallSite.java:277)
	at io.restassured.internal.ResponseSpecificationImpl$HamcrestAssertionClosure.validate(ResponseSpecificationImpl.groovy:499)
	at io.restassured.internal.ResponseSpecificationImpl$HamcrestAssertionClosure$validate$1.call(Unknown Source)
	at io.restassured.internal.ResponseSpecificationImpl.validate(ResponseSpecificationImpl.groovy:93)
	at io.restassured.internal.ValidatableResponseOptionsImpl.spec(ValidatableResponseOptionsImpl.java:288)
	at io.restassured.internal.ValidatableResponseImpl.super$2$spec(ValidatableResponseImpl.groovy)
	at java.base/jdk.internal.reflect.NativeMethodAccessorImpl.invoke0(Native Method)
	at java.base/jdk.internal.reflect.NativeMethodAccessorImpl.invoke(NativeMethodAccessorImpl.java:77)
	at java.base/jdk.internal.reflect.DelegatingMethodAccessorImpl.invoke(DelegatingMethodAccessorImpl.java:43)
	at java.base/java.lang.reflect.Method.invoke(Method.java:568)
	at org.codehaus.groovy.reflection.CachedMethod.invoke(CachedMethod.java:107)
	at groovy.lang.MetaMethod.doMethodInvoke(MetaMethod.java:323)
	at groovy.lang.MetaClassImpl.invokeMethod(MetaClassImpl.java:1268)
	at org.codehaus.groovy.runtime.ScriptBytecodeAdapter.invokeMethodOnSuperN(ScriptBytecodeAdapter.java:144)
	at io.restassured.internal.ValidatableResponseImpl.spec(ValidatableResponseImpl.groovy:76)
	at io.restassured.internal.ValidatableResponseImpl.spec(ValidatableResponseImpl.groovy)
	at Collection.Accept_User_Chat_Support.Accept_User_Chat_Support_200(Accept_User_Chat_Support.java:24)
	at java.base/jdk.internal.reflect.NativeMethodAccessorImpl.invoke0(Native Method)
	at java.base/jdk.internal.reflect.NativeMethodAccessorImpl.invoke(NativeMethodAccessorImpl.java:77)
	at java.base/jdk.internal.reflect.DelegatingMethodAccessorImpl.invoke(DelegatingMethodAccessorImpl.java:43)
	at java.base/java.lang.reflect.Method.invoke(Method.java:568)
	at org.testng.internal.invokers.MethodInvocationHelper.invokeMethod(MethodInvocationHelper.java:135)
	at org.testng.internal.invokers.TestInvoker.invokeMethod(TestInvoker.java:673)
	at org.testng.internal.invokers.TestInvoker.invokeTestMethod(TestInvoker.java:220)
	at org.testng.internal.invokers.MethodRunner.runInSequence(MethodRunner.java:50)
	at org.testng.internal.invokers.TestInvoker$MethodInvocationAgent.invoke(TestInvoker.java:945)
	at org.testng.internal.invokers.TestInvoker.invokeTestMethods(TestInvoker.java:193)
	at org.testng.internal.invokers.TestMethodWorker.invokeTestMethods(TestMethodWorker.java:146)
	at org.testng.internal.invokers.TestMethodWorker.run(TestMethodWorker.java:128)
	at java.base/java.util.ArrayList.forEach(ArrayList.java:1511)
	at org.testng.TestRunner.privateRun(TestRunner.java:808)
	at org.testng.TestRunner.run(TestRunner.java:603)
	at org.testng.SuiteRunner.runTest(SuiteRunner.java:429)
	at org.testng.SuiteRunner.runSequentially(SuiteRunner.java:423)
	at org.testng.SuiteRunner.privateRun(SuiteRunner.java:383)
	at org.testng.SuiteRunner.run(SuiteRunner.java:326)
	at org.testng.SuiteRunnerWorker.runSuite(SuiteRunnerWorker.java:52)
	at org.testng.SuiteRunnerWorker.run(SuiteRunnerWorker.java:95)
	at org.testng.TestNG.runSuitesSequentially(TestNG.java:1249)
	at org.testng.TestNG.runSuitesLocally(TestNG.java:1169)
	at org.testng.TestNG.runSuites(TestNG.java:1092)
	at org.testng.TestNG.run(TestNG.java:1060)
	at org.apache.maven.surefire.testng.TestNGExecutor.run(TestNGExecutor.java:281)
	at org.apache.maven.surefire.testng.TestNGXmlTestSuite.execute(TestNGXmlTestSuite.java:75)
	at org.apache.maven.surefire.testng.TestNGProvider.invoke(TestNGProvider.java:121)
	at org.apache.maven.surefire.booter.ForkedBooter.invokeProviderInSameClassLoader(ForkedBooter.java:290)
	at org.apache.maven.surefire.booter.ForkedBooter.runSuitesInProcess(ForkedBooter.java:242)
	at org.apache.maven.surefire.booter.ForkedBooter.main(ForkedBooter.java:121)


===============================================
    Accept User Chat Support
    Tests run: 4, Failures: 1, Skips: 0, Retries: 1
===============================================

**************************************** Add_User_To_Queue_200 Started  ************************************** 
Request method:	POST
Request URI:	https://qa-backend.nexus360.mobi/api/authentication
Proxy:			<none>
Request params:	<none>
Query params:	<none>
Form params:	<none>
Path params:	<none>
Headers:		Accept=*/*
				Content-Type=application/json
Cookies:		<none>
Multiparts:		<none>
Body:
{
    "loginId": "admin@ebanqo.com",
    "password": "12345678"
}
Request method:	POST
Request URI:	https://qa-be.ebanqo.io/support/joinqueue
Proxy:			<none>
Request params:	<none>
Query params:	<none>
Form params:	<none>
Path params:	<none>
Headers:		token=eyJhbGciOiJIUzI1NiIsInR5cCI6IkpXVCJ9.eyJ1bmlxdWVfbmFtZSI6ImFkbWluQGViYW5xby5jb20iLCJodHRwOi8vc2NoZW1hcy5taWNyb3NvZnQuY29tL3dzLzIwMDgvMDYvaWRlbnRpdHkvY2xhaW1zL3VzZXJkYXRhIjoie1wiaWRcIjoxLFwiZ3VpZFwiOlwiOTQ2ODk3OTItYjBhMi00MzY4LWExMDktYWRhNDUwY2U3OWMyXCIsXCJ0aXRsZVwiOlwiTXIuXCIsXCJmaXJzdE5hbWVcIjpcImVCYW5xb1wiLFwibGFzdE5hbWVcIjpcIkFkbWluXCIsXCJwaG9uZVwiOlwiOTIzMzM4MTI1NTc1XCIsXCJjb3VudHJ5XCI6bnVsbCxcImNvdW50cnlDb2RlXCI6bnVsbCxcInN0YWtlaG9sZGVyXCI6XCJlQmFucW8gSW5jLlwiLFwic3Rha2Vob2xkZXJJZFwiOjEsXCJpbmR1c3RyeUlkXCI6NyxcInN0YWtlaG9sZGVyQ29kZVwiOlwiRUJRXCIsXCJwbGFuQ29kZVwiOm51bGwsXCJsb2dpbklkXCI6XCJhZG1pbkBlYmFucW8uY29tXCIsXCJpc0FkbWluXCI6dHJ1ZSxcInByb2ZpbGVQaG90b1wiOlwibm9zdHJ1ZFwiLFwidG9rZW5cIjpudWxsLFwicmVmcmVzaEtleVwiOm51bGwsXCJsYXN0TG9naW5BdFwiOlwiMjAyMi0wMi0wNVQwOToxOTo0NFwiLFwicm9sZVBlcm1pc3Npb25zXCI6bnVsbCxcInVzZXJSb2xlc1wiOm51bGwsXCJ1c2VyUGVybWlzc2lvbnNcIjpudWxsLFwiZGFzaGJvYXJkXCI6bnVsbH0iLCJuYmYiOjE2NDQwNTI3MTYsImV4cCI6MTY0NDA1NjM3NiwiaWF0IjoxNjQ0MDUyNzc2fQ.HC07tqDQ07jDnWgaV7E26jUw8VW5PoWUrVs36QMsNEE
				Accept=*/*
				Content-Type=application/json
Cookies:		<none>
Multiparts:		<none>
Body:
{
    "platform": "webchat",
    "user_code": "fd840300850c1610099107553",
    "agent_id": 5,
    "user_data": [
        {
            "key": "Description",
            "value": "Just Testing"
        },
        {
            "key": "Name",
            "value": "Toyosi Oyesola"
        }
    ]
}
HTTP/1.1 403 Forbidden
Date: Sat, 05 Feb 2022 09:19:51 GMT
Content-Type: application/json; charset=utf-8
Content-Length: 52
Connection: keep-alive
Set-Cookie: AWSALB=n/3pLNyx1GvDzmzPZRbnUVZIwBia0nLljR/OwnbrC3IacYEyJjR236yuHeyIZ9aZYUpShgO6RWNmX3wlqGnNIrhQcRqw6NsO4u2nzJtXffWsWiz1u1fpWDsrAHJ+; Expires=Sat, 12 Feb 2022 09:19:50 GMT; Path=/
Set-Cookie: AWSALBCORS=n/3pLNyx1GvDzmzPZRbnUVZIwBia0nLljR/OwnbrC3IacYEyJjR236yuHeyIZ9aZYUpShgO6RWNmX3wlqGnNIrhQcRqw6NsO4u2nzJtXffWsWiz1u1fpWDsrAHJ+; Expires=Sat, 12 Feb 2022 09:19:50 GMT; Path=/; SameSite=None; Secure
X-Powered-By: Express
Access-Control-Allow-Origin: *
ETag: W/"34-g9w9BIRVrAJzfBvYWKp2v04PPWA"

{
    "status": "fail",
    "data": "User already in the queue"
}
***************************Skipped********************* Add_User_To_Queue_200  Sat Feb 05 10:19:49 WAT 2022 ********Skipped************ 


]]></system-out>
  </testcase>
  <testcase name="Add_User_To_Queue_200" classname="Collection.Add_User_To_Queue" time="4.872">
    <failure message="2 expectations failed.&#10;Expected status code &lt;200&gt; but was &lt;403&gt;.&#10;&#10;Expected status line &quot;HTTP/1.1 200 OK&quot; doesn&apos;t match actual status line &quot;HTTP/1.1 403 Forbidden&quot;.&#10;" type="java.lang.AssertionError"><![CDATA[java.lang.AssertionError: 
2 expectations failed.
Expected status code <200> but was <403>.

Expected status line "HTTP/1.1 200 OK" doesn't match actual status line "HTTP/1.1 403 Forbidden".

	at Collection.Add_User_To_Queue.Add_User_To_Queue_200(Add_User_To_Queue.java:25)
]]></failure>
    <system-out><![CDATA[**************************************** Add_User_To_Queue_200 Started  ************************************** 
Request method:	POST
Request URI:	https://qa-backend.nexus360.mobi/api/authentication
Proxy:			<none>
Request params:	<none>
Query params:	<none>
Form params:	<none>
Path params:	<none>
Headers:		Accept=*/*
				Content-Type=application/json
Cookies:		<none>
Multiparts:		<none>
Body:
{
    "loginId": "admin@ebanqo.com",
    "password": "12345678"
}
Request method:	POST
Request URI:	https://qa-be.ebanqo.io/support/joinqueue
Proxy:			<none>
Request params:	<none>
Query params:	<none>
Form params:	<none>
Path params:	<none>
Headers:		token=eyJhbGciOiJIUzI1NiIsInR5cCI6IkpXVCJ9.eyJ1bmlxdWVfbmFtZSI6ImFkbWluQGViYW5xby5jb20iLCJodHRwOi8vc2NoZW1hcy5taWNyb3NvZnQuY29tL3dzLzIwMDgvMDYvaWRlbnRpdHkvY2xhaW1zL3VzZXJkYXRhIjoie1wiaWRcIjoxLFwiZ3VpZFwiOlwiOTQ2ODk3OTItYjBhMi00MzY4LWExMDktYWRhNDUwY2U3OWMyXCIsXCJ0aXRsZVwiOlwiTXIuXCIsXCJmaXJzdE5hbWVcIjpcImVCYW5xb1wiLFwibGFzdE5hbWVcIjpcIkFkbWluXCIsXCJwaG9uZVwiOlwiOTIzMzM4MTI1NTc1XCIsXCJjb3VudHJ5XCI6bnVsbCxcImNvdW50cnlDb2RlXCI6bnVsbCxcInN0YWtlaG9sZGVyXCI6XCJlQmFucW8gSW5jLlwiLFwic3Rha2Vob2xkZXJJZFwiOjEsXCJpbmR1c3RyeUlkXCI6NyxcInN0YWtlaG9sZGVyQ29kZVwiOlwiRUJRXCIsXCJwbGFuQ29kZVwiOm51bGwsXCJsb2dpbklkXCI6XCJhZG1pbkBlYmFucW8uY29tXCIsXCJpc0FkbWluXCI6dHJ1ZSxcInByb2ZpbGVQaG90b1wiOlwibm9zdHJ1ZFwiLFwidG9rZW5cIjpudWxsLFwicmVmcmVzaEtleVwiOm51bGwsXCJsYXN0TG9naW5BdFwiOlwiMjAyMi0wMi0wNVQwOToxOTozNlwiLFwicm9sZVBlcm1pc3Npb25zXCI6bnVsbCxcInVzZXJSb2xlc1wiOm51bGwsXCJ1c2VyUGVybWlzc2lvbnNcIjpudWxsLFwiZGFzaGJvYXJkXCI6bnVsbH0iLCJuYmYiOjE2NDQwNTI3MzQsImV4cCI6MTY0NDA1NjM5NCwiaWF0IjoxNjQ0MDUyNzk0fQ.88wORcrQfRL7TH7nObxkcaoiPM3hZ2PSGboK85de9DQ
				Accept=*/*
				Content-Type=application/json
Cookies:		<none>
Multiparts:		<none>
Body:
{
    "platform": "webchat",
    "user_code": "fd840300850c1610099107553",
    "agent_id": 5,
    "user_data": [
        {
            "key": "Description",
            "value": "Just Testing"
        },
        {
            "key": "Name",
            "value": "Toyosi Oyesola"
        }
    ]
}
HTTP/1.1 403 Forbidden
Date: Sat, 05 Feb 2022 09:19:56 GMT
Content-Type: application/json; charset=utf-8
Content-Length: 52
Connection: keep-alive
Set-Cookie: AWSALB=Edazhu2Fot8wFV1ixwPUguK1zr2+zptlJ/BHX+Y3UMVNI9ikPNwquyTZb4GeSEP8L8+1J7JsQIPNR70kGUZeY0wdJUp0wiOyVskjEJykjDKgQVtXQL859tVpY8Zu; Expires=Sat, 12 Feb 2022 09:19:55 GMT; Path=/
Set-Cookie: AWSALBCORS=Edazhu2Fot8wFV1ixwPUguK1zr2+zptlJ/BHX+Y3UMVNI9ikPNwquyTZb4GeSEP8L8+1J7JsQIPNR70kGUZeY0wdJUp0wiOyVskjEJykjDKgQVtXQL859tVpY8Zu; Expires=Sat, 12 Feb 2022 09:19:55 GMT; Path=/; SameSite=None; Secure
X-Powered-By: Express
Access-Control-Allow-Origin: *
ETag: W/"34-g9w9BIRVrAJzfBvYWKp2v04PPWA"

{
    "status": "fail",
    "data": "User already in the queue"
}
**********Failed********************* Add_User_To_Queue_200  Sat Feb 05 10:19:54 WAT 2022 **********Failed************* 
 

]]></system-out>
  </testcase>
  <testcase name="Add_User_To_Queue_401" classname="Collection.Add_User_To_Queue" time="1.435"/>
  <testcase name="Add_User_To_Queue_403" classname="Collection.Add_User_To_Queue" time="2.858"/>
  <testcase name="Add_User_To_Queue_404" classname="Collection.Add_User_To_Queue" time="3.841"/>
  <testcase name="AddPhraseTo_Service_200" classname="Collection.AddPhraseTo_Service" time="6.248"/>
  <testcase name="Add_Phrase_To_Service_401" classname="Collection.AddPhraseTo_Service" time="1.344"/>
  <testcase name="Add_Phrase_To_Service_403" classname="Collection.AddPhraseTo_Service" time="3.397"/>
  <testcase name="Assign_User_Agent_to_Support_200" classname="Collection.Assign_User_Agent_to_Support" time="5.247"/>
  <testcase name="Assign_User_Agent_to_Support_401" classname="Collection.Assign_User_Agent_to_Support" time="1.229"/>
  <testcase name="Assign_User_Agent_to_Support_403" classname="Collection.Assign_User_Agent_to_Support" time="3.17"/>
  <testcase name="Create_KB_Dialogue_Flow_200" classname="Collection.Create_KB_Dialogue_Flow" time="7.594"/>
  <testcase name="Create_KB_Dialogue_Flow_401" classname="Collection.Create_KB_Dialogue_Flow" time="1.702"/>
  <testcase name="Create_KB_Dialogue_Flow_403" classname="Collection.Create_KB_Dialogue_Flow" time="3.369"/>
  <testcase name="Create_KnowledgeBase_200" classname="Collection.Create_KnowledgeBase" time="0">
    <skipped message="4 expectations failed.&#10;Expected status code &lt;200&gt; but was &lt;504&gt;.&#10;&#10;Expected status line &quot;HTTP/1.1 200 OK&quot; doesn&apos;t match actual status line &quot;HTTP/1.1 504 Gateway Time-out&quot;.&#10;&#10;Expected content-type &quot;JSON&quot; doesn&apos;t match actual content-type &quot;text/html&quot;.&#10;&#10;Expected response time was not a value less than &lt;15L&gt; seconds, was 61329 milliseconds (61 seconds)."/>
    <system-out><![CDATA[===== Invoked methods
    Create_KB_Dialogue_Flow.Create_KB_Dialogue_Flow_200()[pri:1, instance:Collection.Create_KB_Dialogue_Flow@35645047]
    Create_KB_Dialogue_Flow.Create_KB_Dialogue_Flow_401()[pri:2, instance:Collection.Create_KB_Dialogue_Flow@35645047]
    Create_KB_Dialogue_Flow.Create_KB_Dialogue_Flow_403()[pri:3, instance:Collection.Create_KB_Dialogue_Flow@35645047]
=====
PASSED: Create_KB_Dialogue_Flow_403
PASSED: Create_KB_Dialogue_Flow_200
PASSED: Create_KB_Dialogue_Flow_401

===============================================
    Create KB Dialogue flow
    Tests run: 3, Failures: 0, Skips: 0
===============================================

**************************************** Create_KnowledgeBase_200 Started  ************************************** 
Request method:	POST
Request URI:	https://qa-backend.nexus360.mobi/api/authentication
Proxy:			<none>
Request params:	<none>
Query params:	<none>
Form params:	<none>
Path params:	<none>
Headers:		Accept=*/*
				Content-Type=application/json
Cookies:		<none>
Multiparts:		<none>
Body:
{
    "loginId": "admin@ebanqo.com",
    "password": "12345678"
}
Request method:	POST
Request URI:	https://qa-be.ebanqo.io/knowledgebase
Proxy:			<none>
Request params:	<none>
Query params:	<none>
Form params:	<none>
Path params:	<none>
Headers:		token=eyJhbGciOiJIUzI1NiIsInR5cCI6IkpXVCJ9.eyJ1bmlxdWVfbmFtZSI6ImFkbWluQGViYW5xby5jb20iLCJodHRwOi8vc2NoZW1hcy5taWNyb3NvZnQuY29tL3dzLzIwMDgvMDYvaWRlbnRpdHkvY2xhaW1zL3VzZXJkYXRhIjoie1wiaWRcIjoxLFwiZ3VpZFwiOlwiOTQ2ODk3OTItYjBhMi00MzY4LWExMDktYWRhNDUwY2U3OWMyXCIsXCJ0aXRsZVwiOlwiTXIuXCIsXCJmaXJzdE5hbWVcIjpcImVCYW5xb1wiLFwibGFzdE5hbWVcIjpcIkFkbWluXCIsXCJwaG9uZVwiOlwiOTIzMzM4MTI1NTc1XCIsXCJjb3VudHJ5XCI6bnVsbCxcImNvdW50cnlDb2RlXCI6bnVsbCxcInN0YWtlaG9sZGVyXCI6XCJlQmFucW8gSW5jLlwiLFwic3Rha2Vob2xkZXJJZFwiOjEsXCJpbmR1c3RyeUlkXCI6NyxcInN0YWtlaG9sZGVyQ29kZVwiOlwiRUJRXCIsXCJwbGFuQ29kZVwiOm51bGwsXCJsb2dpbklkXCI6XCJhZG1pbkBlYmFucW8uY29tXCIsXCJpc0FkbWluXCI6dHJ1ZSxcInByb2ZpbGVQaG90b1wiOlwibm9zdHJ1ZFwiLFwidG9rZW5cIjpudWxsLFwicmVmcmVzaEtleVwiOm51bGwsXCJsYXN0TG9naW5BdFwiOlwiMjAyMi0wMi0wNVQwOToyMDoyMVwiLFwicm9sZVBlcm1pc3Npb25zXCI6bnVsbCxcInVzZXJSb2xlc1wiOm51bGwsXCJ1c2VyUGVybWlzc2lvbnNcIjpudWxsLFwiZGFzaGJvYXJkXCI6bnVsbH0iLCJuYmYiOjE2NDQwNTI3NzQsImV4cCI6MTY0NDA1NjQzNCwiaWF0IjoxNjQ0MDUyODM0fQ.vS1b55IOSjZFN9Vj5uD8d7fYmYA5chKd2NUon4hQ0cI
				Accept=*/*
				Content-Type=application/json
Cookies:		<none>
Multiparts:		<none>
Body:
{
    "name": "knowledgebase123",
    "document_name": "Test_FAQs223",
    "user_id": 1,
    "agent_id": 16,
    "mime_type": "text/csv",
    "question_answer": [
        {
            "question": "What is this product about12345?",
            "answer": "We help you attend to your financial needs123445"
        },
        {
            "question": "How do I check my balance123445?",
            "answer": "By simply sending 'Balance' in your chat box123445"
        },
        {
            "question": "How much does it cost per transaction12345?",
            "answer": "You will be charged N50 per transaction123445"
        }
    ]
}
HTTP/1.1 504 Gateway Time-out
Server: awselb/2.0
Date: Sat, 05 Feb 2022 09:21:49 GMT
Content-Type: text/html
Content-Length: 132
Connection: keep-alive
Set-Cookie: AWSALB=tlrMS9XkO5gkm1fAjiIIpiD+ylCxP2rorfcz4YC24j8j7kEpVm+dVEJ/mTXR5wRzg3ErmH8fnV20IpoplOCliNYHpq577SvPPfNu6+u+n/jw4McQWySZJs+UxZ0/; Expires=Sat, 12 Feb 2022 09:20:49 GMT; Path=/
Set-Cookie: AWSALBCORS=tlrMS9XkO5gkm1fAjiIIpiD+ylCxP2rorfcz4YC24j8j7kEpVm+dVEJ/mTXR5wRzg3ErmH8fnV20IpoplOCliNYHpq577SvPPfNu6+u+n/jw4McQWySZJs+UxZ0/; Expires=Sat, 12 Feb 2022 09:20:49 GMT; Path=/; SameSite=None; Secure

<html>
  <head>
    <title>504 Gateway Time-out</title>
  </head>
  <body>
    <center>
      <h1>504 Gateway Time-out</h1>
    </center>
  </body>
</html>
***************************Skipped********************* Create_KnowledgeBase_200  Sat Feb 05 10:21:47 WAT 2022 ********Skipped************ 


]]></system-out>
  </testcase>
  <testcase name="Create_KnowledgeBase_200" classname="Collection.Create_KnowledgeBase" time="63.932">
    <failure message="4 expectations failed.&#10;Expected status code &lt;200&gt; but was &lt;504&gt;.&#10;&#10;Expected status line &quot;HTTP/1.1 200 OK&quot; doesn&apos;t match actual status line &quot;HTTP/1.1 504 Gateway Time-out&quot;.&#10;&#10;Expected content-type &quot;JSON&quot; doesn&apos;t match actual content-type &quot;text/html&quot;.&#10;&#10;Expected response time was not a value less than &lt;15L&gt; seconds, was 61537 milliseconds (61 seconds)." type="java.lang.AssertionError"><![CDATA[java.lang.AssertionError: 
4 expectations failed.
Expected status code <200> but was <504>.

Expected status line "HTTP/1.1 200 OK" doesn't match actual status line "HTTP/1.1 504 Gateway Time-out".

Expected content-type "JSON" doesn't match actual content-type "text/html".

Expected response time was not a value less than <15L> seconds, was 61537 milliseconds (61 seconds).
	at Collection.Create_KnowledgeBase.Create_KnowledgeBase_200(Create_KnowledgeBase.java:26)
]]></failure>
    <system-out><![CDATA[**************************************** Create_KnowledgeBase_200 Started  ************************************** 
Request method:	POST
Request URI:	https://qa-backend.nexus360.mobi/api/authentication
Proxy:			<none>
Request params:	<none>
Query params:	<none>
Form params:	<none>
Path params:	<none>
Headers:		Accept=*/*
				Content-Type=application/json
Cookies:		<none>
Multiparts:		<none>
Body:
{
    "loginId": "admin@ebanqo.com",
    "password": "12345678"
}
Request method:	POST
Request URI:	https://qa-be.ebanqo.io/knowledgebase
Proxy:			<none>
Request params:	<none>
Query params:	<none>
Form params:	<none>
Path params:	<none>
Headers:		token=eyJhbGciOiJIUzI1NiIsInR5cCI6IkpXVCJ9.eyJ1bmlxdWVfbmFtZSI6ImFkbWluQGViYW5xby5jb20iLCJodHRwOi8vc2NoZW1hcy5taWNyb3NvZnQuY29tL3dzLzIwMDgvMDYvaWRlbnRpdHkvY2xhaW1zL3VzZXJkYXRhIjoie1wiaWRcIjoxLFwiZ3VpZFwiOlwiOTQ2ODk3OTItYjBhMi00MzY4LWExMDktYWRhNDUwY2U3OWMyXCIsXCJ0aXRsZVwiOlwiTXIuXCIsXCJmaXJzdE5hbWVcIjpcImVCYW5xb1wiLFwibGFzdE5hbWVcIjpcIkFkbWluXCIsXCJwaG9uZVwiOlwiOTIzMzM4MTI1NTc1XCIsXCJjb3VudHJ5XCI6bnVsbCxcImNvdW50cnlDb2RlXCI6bnVsbCxcInN0YWtlaG9sZGVyXCI6XCJlQmFucW8gSW5jLlwiLFwic3Rha2Vob2xkZXJJZFwiOjEsXCJpbmR1c3RyeUlkXCI6NyxcInN0YWtlaG9sZGVyQ29kZVwiOlwiRUJRXCIsXCJwbGFuQ29kZVwiOm51bGwsXCJsb2dpbklkXCI6XCJhZG1pbkBlYmFucW8uY29tXCIsXCJpc0FkbWluXCI6dHJ1ZSxcInByb2ZpbGVQaG90b1wiOlwibm9zdHJ1ZFwiLFwidG9rZW5cIjpudWxsLFwicmVmcmVzaEtleVwiOm51bGwsXCJsYXN0TG9naW5BdFwiOlwiMjAyMi0wMi0wNVQwOToyMDozNVwiLFwicm9sZVBlcm1pc3Npb25zXCI6bnVsbCxcInVzZXJSb2xlc1wiOm51bGwsXCJ1c2VyUGVybWlzc2lvbnNcIjpudWxsLFwiZGFzaGJvYXJkXCI6bnVsbH0iLCJuYmYiOjE2NDQwNTI4MzksImV4cCI6MTY0NDA1NjQ5OSwiaWF0IjoxNjQ0MDUyODk5fQ.tMMj5m5R7EdOys7hPdVdZhF1EmiDkWGKqCxZJrWtYK4
				Accept=*/*
				Content-Type=application/json
Cookies:		<none>
Multiparts:		<none>
Body:
{
    "name": "knowledgebase123",
    "document_name": "Test_FAQs223",
    "user_id": 1,
    "agent_id": 16,
    "mime_type": "text/csv",
    "question_answer": [
        {
            "question": "What is this product about12345?",
            "answer": "We help you attend to your financial needs123445"
        },
        {
            "question": "How do I check my balance123445?",
            "answer": "By simply sending 'Balance' in your chat box123445"
        },
        {
            "question": "How much does it cost per transaction12345?",
            "answer": "You will be charged N50 per transaction123445"
        }
    ]
}
HTTP/1.1 504 Gateway Time-out
Server: awselb/2.0
Date: Sat, 05 Feb 2022 09:22:53 GMT
Content-Type: text/html
Content-Length: 132
Connection: keep-alive
Set-Cookie: AWSALB=9qiIoui9hKdZ7LWiju1CV/BCU5penEqa6IluH2vNSf3FJTZimnwa0MfXa2SOLf/bshgraoY3pWuJV10UyeGtAieZVanCCjwvgpqeaZR2RvU99J0qBHjlp+pRn8mF; Expires=Sat, 12 Feb 2022 09:21:53 GMT; Path=/
Set-Cookie: AWSALBCORS=9qiIoui9hKdZ7LWiju1CV/BCU5penEqa6IluH2vNSf3FJTZimnwa0MfXa2SOLf/bshgraoY3pWuJV10UyeGtAieZVanCCjwvgpqeaZR2RvU99J0qBHjlp+pRn8mF; Expires=Sat, 12 Feb 2022 09:21:53 GMT; Path=/; SameSite=None; Secure

<html>
  <head>
    <title>504 Gateway Time-out</title>
  </head>
  <body>
    <center>
      <h1>504 Gateway Time-out</h1>
    </center>
  </body>
</html>
**********Failed********************* Create_KnowledgeBase_200  Sat Feb 05 10:22:51 WAT 2022 **********Failed************* 
 

]]></system-out>
  </testcase>
  <testcase name="Create_KnowledgeBase_401" classname="Collection.Create_KnowledgeBase" time="1.376"/>
  <testcase name="Create_KnowledgeBase_403" classname="Collection.Create_KnowledgeBase" time="3.039"/>
  <testcase name="Create_user_session_client_200" classname="Collection.Create_user_session_client" time="4.763"/>
  <testcase name="Create_user_session_client_401" classname="Collection.Create_user_session_client" time="1.768"/>
  <testcase name="Create_user_session_client_403" classname="Collection.Create_user_session_client" time="3.353"/>
  <testcase name="CreateUser_200" classname="Collection.CreateUser" time="5.175"/>
  <testcase name="CreateUser_401" classname="Collection.CreateUser" time="1.678"/>
  <testcase name="CreateUser_403" classname="Collection.CreateUser" time="3.006"/>
  <testcase name="CreateUser_400" classname="Collection.CreateUser" time="4.248"/>
  <testcase name="CreateUser_409" classname="Collection.CreateUser" time="0">
    <skipped message="2 expectations failed.&#10;Expected status code &lt;409&gt; but was &lt;200&gt;.&#10;&#10;Expected status line &quot;HTTP/1.1 400 Bad Request&quot; doesn&apos;t match actual status line &quot;HTTP/1.1 200 OK&quot;.&#10;"/>
    <system-out><![CDATA[**************************************** CreateUser_409 Started  ************************************** 
Request method:	POST
Request URI:	https://qa-backend.nexus360.mobi/api/authentication
Proxy:			<none>
Request params:	<none>
Query params:	<none>
Form params:	<none>
Path params:	<none>
Headers:		Accept=*/*
				Content-Type=application/json
Cookies:		<none>
Multiparts:		<none>
Body:
{
    "loginId": "admin@ebanqo.com",
    "password": "12345678"
}
Request method:	POST
Request URI:	https://qa-be.ebanqo.io/user
Proxy:			<none>
Request params:	<none>
Query params:	<none>
Form params:	<none>
Path params:	<none>
Headers:		token=eyJhbGciOiJIUzI1NiIsInR5cCI6IkpXVCJ9.eyJ1bmlxdWVfbmFtZSI6ImFkbWluQGViYW5xby5jb20iLCJodHRwOi8vc2NoZW1hcy5taWNyb3NvZnQuY29tL3dzLzIwMDgvMDYvaWRlbnRpdHkvY2xhaW1zL3VzZXJkYXRhIjoie1wiaWRcIjoxLFwiZ3VpZFwiOlwiOTQ2ODk3OTItYjBhMi00MzY4LWExMDktYWRhNDUwY2U3OWMyXCIsXCJ0aXRsZVwiOlwiTXIuXCIsXCJmaXJzdE5hbWVcIjpcImVCYW5xb1wiLFwibGFzdE5hbWVcIjpcIkFkbWluXCIsXCJwaG9uZVwiOlwiOTIzMzM4MTI1NTc1XCIsXCJjb3VudHJ5XCI6bnVsbCxcImNvdW50cnlDb2RlXCI6bnVsbCxcInN0YWtlaG9sZGVyXCI6XCJlQmFucW8gSW5jLlwiLFwic3Rha2Vob2xkZXJJZFwiOjEsXCJpbmR1c3RyeUlkXCI6NyxcInN0YWtlaG9sZGVyQ29kZVwiOlwiRUJRXCIsXCJwbGFuQ29kZVwiOm51bGwsXCJsb2dpbklkXCI6XCJhZG1pbkBlYmFucW8uY29tXCIsXCJpc0FkbWluXCI6dHJ1ZSxcInByb2ZpbGVQaG90b1wiOlwibm9zdHJ1ZFwiLFwidG9rZW5cIjpudWxsLFwicmVmcmVzaEtleVwiOm51bGwsXCJsYXN0TG9naW5BdFwiOlwiMjAyMi0wMi0wNVQwOToyMzoxMlwiLFwicm9sZVBlcm1pc3Npb25zXCI6bnVsbCxcInVzZXJSb2xlc1wiOm51bGwsXCJ1c2VyUGVybWlzc2lvbnNcIjpudWxsLFwiZGFzaGJvYXJkXCI6bnVsbH0iLCJuYmYiOjE2NDQwNTI5NDksImV4cCI6MTY0NDA1NjYwOSwiaWF0IjoxNjQ0MDUzMDA5fQ.4bEF8b8seNTWnheAoOWvyip4W73_vE-4vnxEVu60Vko
				Accept=*/*
				Content-Type=application/json
Cookies:		<none>
Multiparts:		<none>
Body:
{
    "email": "toyosio@ebanqo.com",
    "identifier": "toyosio@ebanqo.com",
    "name": "Tayo Akinnaso",
    "gender": null,
    "user_type": "user",
    "yob": null,
    "city": null,
    "phone": "08122223456789",
    "user_code": "fd840300850c1610099107553",
    "agent_id": 5,
    "platform": "webchat",
    "meta": "{'cipher_password':'yMJVOY1n7a9GfQV3HuEoWnvyKdXyqStxBWRmvQf9fyg='}"
}
HTTP/1.1 200 OK
Date: Sat, 05 Feb 2022 09:23:31 GMT
Content-Type: application/json; charset=utf-8
Content-Length: 371
Connection: keep-alive
Set-Cookie: AWSALB=67nyG4Xd5/D9Ppe0EJF1rzUGSawmcxw7nIOWU3cAD0ea+1WP6uDwzHFvVClpHCYS72nHTh+5Pfm9LNP1ruz4loSLYFE8D42j7OMBwYOl7SviUWVSp6kaKxsM8WWO; Expires=Sat, 12 Feb 2022 09:23:31 GMT; Path=/
Set-Cookie: AWSALBCORS=67nyG4Xd5/D9Ppe0EJF1rzUGSawmcxw7nIOWU3cAD0ea+1WP6uDwzHFvVClpHCYS72nHTh+5Pfm9LNP1ruz4loSLYFE8D42j7OMBwYOl7SviUWVSp6kaKxsM8WWO; Expires=Sat, 12 Feb 2022 09:23:31 GMT; Path=/; SameSite=None; Secure
X-Powered-By: Express
Access-Control-Allow-Origin: *
ETag: W/"173-OFEC/Lyb2PBZgswec0oyBImYpIA"

{
    "status": "success",
    "data": {
        "id": 138,
        "email": "toyosio@ebanqo.com",
        "user_id": "toyosio@ebanqo.com",
        "name": "Tayo Akinnaso",
        "gender": null,
        "user_type": "user",
        "yob": null,
        "location": null,
        "phone": "08122223456789",
        "meta": "{'cipher_password':'yMJVOY1n7a9GfQV3HuEoWnvyKdXyqStxBWRmvQf9fyg='}",
        "updated_at": "2022-02-05T09:23:31.878Z",
        "is_active": true,
        "is_deleted": false,
        "agent_id": 5
    }
}
***************************Skipped********************* CreateUser_409  Sat Feb 05 10:23:29 WAT 2022 ********Skipped************ 


]]></system-out>
  </testcase>
  <testcase name="CreateUser_409" classname="Collection.CreateUser" time="4.169">
    <failure message="2 expectations failed.&#10;Expected status code &lt;409&gt; but was &lt;200&gt;.&#10;&#10;Expected status line &quot;HTTP/1.1 400 Bad Request&quot; doesn&apos;t match actual status line &quot;HTTP/1.1 200 OK&quot;.&#10;" type="java.lang.AssertionError"><![CDATA[java.lang.AssertionError: 
2 expectations failed.
Expected status code <409> but was <200>.

Expected status line "HTTP/1.1 400 Bad Request" doesn't match actual status line "HTTP/1.1 200 OK".

	at Collection.CreateUser.CreateUser_409(CreateUser.java:68)
]]></failure>
    <system-out><![CDATA[**************************************** CreateUser_409 Started  ************************************** 
Request method:	POST
Request URI:	https://qa-backend.nexus360.mobi/api/authentication
Proxy:			<none>
Request params:	<none>
Query params:	<none>
Form params:	<none>
Path params:	<none>
Headers:		Accept=*/*
				Content-Type=application/json
Cookies:		<none>
Multiparts:		<none>
Body:
{
    "loginId": "admin@ebanqo.com",
    "password": "12345678"
}
Request method:	POST
Request URI:	https://qa-be.ebanqo.io/user
Proxy:			<none>
Request params:	<none>
Query params:	<none>
Form params:	<none>
Path params:	<none>
Headers:		token=eyJhbGciOiJIUzI1NiIsInR5cCI6IkpXVCJ9.eyJ1bmlxdWVfbmFtZSI6ImFkbWluQGViYW5xby5jb20iLCJodHRwOi8vc2NoZW1hcy5taWNyb3NvZnQuY29tL3dzLzIwMDgvMDYvaWRlbnRpdHkvY2xhaW1zL3VzZXJkYXRhIjoie1wiaWRcIjoxLFwiZ3VpZFwiOlwiOTQ2ODk3OTItYjBhMi00MzY4LWExMDktYWRhNDUwY2U3OWMyXCIsXCJ0aXRsZVwiOlwiTXIuXCIsXCJmaXJzdE5hbWVcIjpcImVCYW5xb1wiLFwibGFzdE5hbWVcIjpcIkFkbWluXCIsXCJwaG9uZVwiOlwiOTIzMzM4MTI1NTc1XCIsXCJjb3VudHJ5XCI6bnVsbCxcImNvdW50cnlDb2RlXCI6bnVsbCxcInN0YWtlaG9sZGVyXCI6XCJlQmFucW8gSW5jLlwiLFwic3Rha2Vob2xkZXJJZFwiOjEsXCJpbmR1c3RyeUlkXCI6NyxcInN0YWtlaG9sZGVyQ29kZVwiOlwiRUJRXCIsXCJwbGFuQ29kZVwiOm51bGwsXCJsb2dpbklkXCI6XCJhZG1pbkBlYmFucW8uY29tXCIsXCJpc0FkbWluXCI6dHJ1ZSxcInByb2ZpbGVQaG90b1wiOlwibm9zdHJ1ZFwiLFwidG9rZW5cIjpudWxsLFwicmVmcmVzaEtleVwiOm51bGwsXCJsYXN0TG9naW5BdFwiOlwiMjAyMi0wMi0wNVQwOToyMzozMFwiLFwicm9sZVBlcm1pc3Npb25zXCI6bnVsbCxcInVzZXJSb2xlc1wiOm51bGwsXCJ1c2VyUGVybWlzc2lvbnNcIjpudWxsLFwiZGFzaGJvYXJkXCI6bnVsbH0iLCJuYmYiOjE2NDQwNTI5NDEsImV4cCI6MTY0NDA1NjYwMSwiaWF0IjoxNjQ0MDUzMDAxfQ.JCm_tafw3qCS1SCOUxyCkAJ1YTXa6VVhu9oSTFeEsdE
				Accept=*/*
				Content-Type=application/json
Cookies:		<none>
Multiparts:		<none>
Body:
{
    "email": "toyosio@ebanqo.com",
    "identifier": "toyosio@ebanqo.com",
    "name": "Tayo Akinnaso",
    "gender": null,
    "user_type": "user",
    "yob": null,
    "city": null,
    "phone": "08122223456789",
    "user_code": "fd840300850c1610099107553",
    "agent_id": 5,
    "platform": "webchat",
    "meta": "{'cipher_password':'yMJVOY1n7a9GfQV3HuEoWnvyKdXyqStxBWRmvQf9fyg='}"
}
HTTP/1.1 200 OK
Date: Sat, 05 Feb 2022 09:23:36 GMT
Content-Type: application/json; charset=utf-8
Content-Length: 371
Connection: keep-alive
Set-Cookie: AWSALB=pVdkdkPHTuMgZYUa+g/UchqWdSMwoP8R75/B+Sc/7Od4dU8ImlbfkqNVBIZOrBEuD1ah/Yc9ZhDlk8tfkOTvEtBjMuHjyicGnK9OIOq+sOvNmi+Hb+mvbfpW2kcD; Expires=Sat, 12 Feb 2022 09:23:36 GMT; Path=/
Set-Cookie: AWSALBCORS=pVdkdkPHTuMgZYUa+g/UchqWdSMwoP8R75/B+Sc/7Od4dU8ImlbfkqNVBIZOrBEuD1ah/Yc9ZhDlk8tfkOTvEtBjMuHjyicGnK9OIOq+sOvNmi+Hb+mvbfpW2kcD; Expires=Sat, 12 Feb 2022 09:23:36 GMT; Path=/; SameSite=None; Secure
X-Powered-By: Express
Access-Control-Allow-Origin: *
ETag: W/"173-TwwmuPc3Z7YEp8Vna5OPAxgbtso"

{
    "status": "success",
    "data": {
        "id": 138,
        "email": "toyosio@ebanqo.com",
        "user_id": "toyosio@ebanqo.com",
        "name": "Tayo Akinnaso",
        "gender": null,
        "user_type": "user",
        "yob": null,
        "location": null,
        "phone": "08122223456789",
        "meta": "{'cipher_password':'yMJVOY1n7a9GfQV3HuEoWnvyKdXyqStxBWRmvQf9fyg='}",
        "updated_at": "2022-02-05T09:23:36.560Z",
        "is_active": true,
        "is_deleted": false,
        "agent_id": 5
    }
}
**********Failed********************* CreateUser_409  Sat Feb 05 10:23:34 WAT 2022 **********Failed************* 
 

]]></system-out>
  </testcase>
  <testcase name="DashBoard_Service_200" classname="Collection.DashBoard_Service" time="7.209"/>
  <testcase name="DashBoard_Service_401" classname="Collection.DashBoard_Service" time="1.487"/>
  <testcase name="DashBoard_Service_403" classname="Collection.DashBoard_Service" time="3.357"/>
  <testcase name="DetectIntent_401" classname="Collection.DetectIntent" time="1.213"/>
  <testcase name="DetectIntent_403" classname="Collection.DetectIntent" time="2.928"/>
  <testcase name="DetectIntent_400" classname="Collection.DetectIntent" time="4.035"/>
  <testcase name="End_Support_Chat_200" classname="Collection.End_Support_Chat" time="0">
    <skipped message="2 expectations failed.&#10;Expected status code &lt;200&gt; but was &lt;400&gt;.&#10;&#10;Expected status line &quot;HTTP/1.1 200 OK&quot; doesn&apos;t match actual status line &quot;HTTP/1.1 400 Bad Request&quot;.&#10;"/>
    <system-out><![CDATA[===== Invoked methods
    DetectIntent.DetectIntent_401()[pri:2, instance:Collection.DetectIntent@1fb669c3]
    DetectIntent.DetectIntent_403()[pri:3, instance:Collection.DetectIntent@1fb669c3]
    DetectIntent.DetectIntent_400()[pri:5, instance:Collection.DetectIntent@1fb669c3]
=====
PASSED: DetectIntent_400
PASSED: DetectIntent_401
PASSED: DetectIntent_403

===============================================
    Detect Intent
    Tests run: 3, Failures: 0, Skips: 0
===============================================

**************************************** End_Support_Chat_200 Started  ************************************** 
Request method:	POST
Request URI:	https://qa-backend.nexus360.mobi/api/authentication
Proxy:			<none>
Request params:	<none>
Query params:	<none>
Form params:	<none>
Path params:	<none>
Headers:		Accept=*/*
				Content-Type=application/json
Cookies:		<none>
Multiparts:		<none>
Body:
{
    "loginId": "admin@ebanqo.com",
    "password": "12345678"
}
Request method:	POST
Request URI:	https://qa-be.ebanqo.io/support/accept
Proxy:			<none>
Request params:	<none>
Query params:	<none>
Form params:	<none>
Path params:	<none>
Headers:		token=eyJhbGciOiJIUzI1NiIsInR5cCI6IkpXVCJ9.eyJ1bmlxdWVfbmFtZSI6ImFkbWluQGViYW5xby5jb20iLCJodHRwOi8vc2NoZW1hcy5taWNyb3NvZnQuY29tL3dzLzIwMDgvMDYvaWRlbnRpdHkvY2xhaW1zL3VzZXJkYXRhIjoie1wiaWRcIjoxLFwiZ3VpZFwiOlwiOTQ2ODk3OTItYjBhMi00MzY4LWExMDktYWRhNDUwY2U3OWMyXCIsXCJ0aXRsZVwiOlwiTXIuXCIsXCJmaXJzdE5hbWVcIjpcImVCYW5xb1wiLFwibGFzdE5hbWVcIjpcIkFkbWluXCIsXCJwaG9uZVwiOlwiOTIzMzM4MTI1NTc1XCIsXCJjb3VudHJ5XCI6bnVsbCxcImNvdW50cnlDb2RlXCI6bnVsbCxcInN0YWtlaG9sZGVyXCI6XCJlQmFucW8gSW5jLlwiLFwic3Rha2Vob2xkZXJJZFwiOjEsXCJpbmR1c3RyeUlkXCI6NyxcInN0YWtlaG9sZGVyQ29kZVwiOlwiRUJRXCIsXCJwbGFuQ29kZVwiOm51bGwsXCJsb2dpbklkXCI6XCJhZG1pbkBlYmFucW8uY29tXCIsXCJpc0FkbWluXCI6dHJ1ZSxcInByb2ZpbGVQaG90b1wiOlwibm9zdHJ1ZFwiLFwidG9rZW5cIjpudWxsLFwicmVmcmVzaEtleVwiOm51bGwsXCJsYXN0TG9naW5BdFwiOlwiMjAyMi0wMi0wNVQwOToyMzo0NlwiLFwicm9sZVBlcm1pc3Npb25zXCI6bnVsbCxcInVzZXJSb2xlc1wiOm51bGwsXCJ1c2VyUGVybWlzc2lvbnNcIjpudWxsLFwiZGFzaGJvYXJkXCI6bnVsbH0iLCJuYmYiOjE2NDQwNTI5ODIsImV4cCI6MTY0NDA1NjY0MiwiaWF0IjoxNjQ0MDUzMDQyfQ.myzC9-RF0rfSCoGNH2xaSgKKWAJGP7xNzAkpKKj8G6k
				Accept=*/*
				Content-Type=application/json
Cookies:		<none>
Multiparts:		<none>
Body:
HTTP/1.1 400 Bad Request
Date: Sat, 05 Feb 2022 09:24:04 GMT
Content-Type: application/json; charset=utf-8
Content-Length: 55
Connection: keep-alive
Set-Cookie: AWSALB=KIQfSANYUYbD9WGtK+SmD9jreiiEklNdETLnmDV33/3OgQtig9Zn6fwXZORUfYiESOc/11q6xjsyIAu+8rjKVDNRMzmVOcaWJM42xpdQMquwdAZLrROfGhHfz5tX; Expires=Sat, 12 Feb 2022 09:24:04 GMT; Path=/
Set-Cookie: AWSALBCORS=KIQfSANYUYbD9WGtK+SmD9jreiiEklNdETLnmDV33/3OgQtig9Zn6fwXZORUfYiESOc/11q6xjsyIAu+8rjKVDNRMzmVOcaWJM42xpdQMquwdAZLrROfGhHfz5tX; Expires=Sat, 12 Feb 2022 09:24:04 GMT; Path=/; SameSite=None; Secure
X-Powered-By: Express
Access-Control-Allow-Origin: *
ETag: W/"37-4N6YiFlgVJfCcM+CyXLRpJqtw3w"

{
    "status": "error",
    "message": "\"agent_id\" is required"
}
***************************Skipped********************* End_Support_Chat_200  Sat Feb 05 10:24:02 WAT 2022 ********Skipped************ 


]]></system-out>
  </testcase>
  <testcase name="End_Support_Chat_200" classname="Collection.End_Support_Chat" time="4.672">
    <failure message="2 expectations failed.&#10;Expected status code &lt;200&gt; but was &lt;400&gt;.&#10;&#10;Expected status line &quot;HTTP/1.1 200 OK&quot; doesn&apos;t match actual status line &quot;HTTP/1.1 400 Bad Request&quot;.&#10;" type="java.lang.AssertionError"><![CDATA[java.lang.AssertionError: 
2 expectations failed.
Expected status code <200> but was <400>.

Expected status line "HTTP/1.1 200 OK" doesn't match actual status line "HTTP/1.1 400 Bad Request".

	at Collection.End_Support_Chat.End_Support_Chat_200(End_Support_Chat.java:24)
]]></failure>
    <system-out><![CDATA[**************************************** End_Support_Chat_200 Started  ************************************** 
Request method:	POST
Request URI:	https://qa-backend.nexus360.mobi/api/authentication
Proxy:			<none>
Request params:	<none>
Query params:	<none>
Form params:	<none>
Path params:	<none>
Headers:		Accept=*/*
				Content-Type=application/json
Cookies:		<none>
Multiparts:		<none>
Body:
{
    "loginId": "admin@ebanqo.com",
    "password": "12345678"
}
Request method:	POST
Request URI:	https://qa-be.ebanqo.io/support/accept
Proxy:			<none>
Request params:	<none>
Query params:	<none>
Form params:	<none>
Path params:	<none>
Headers:		token=eyJhbGciOiJIUzI1NiIsInR5cCI6IkpXVCJ9.eyJ1bmlxdWVfbmFtZSI6ImFkbWluQGViYW5xby5jb20iLCJodHRwOi8vc2NoZW1hcy5taWNyb3NvZnQuY29tL3dzLzIwMDgvMDYvaWRlbnRpdHkvY2xhaW1zL3VzZXJkYXRhIjoie1wiaWRcIjoxLFwiZ3VpZFwiOlwiOTQ2ODk3OTItYjBhMi00MzY4LWExMDktYWRhNDUwY2U3OWMyXCIsXCJ0aXRsZVwiOlwiTXIuXCIsXCJmaXJzdE5hbWVcIjpcImVCYW5xb1wiLFwibGFzdE5hbWVcIjpcIkFkbWluXCIsXCJwaG9uZVwiOlwiOTIzMzM4MTI1NTc1XCIsXCJjb3VudHJ5XCI6bnVsbCxcImNvdW50cnlDb2RlXCI6bnVsbCxcInN0YWtlaG9sZGVyXCI6XCJlQmFucW8gSW5jLlwiLFwic3Rha2Vob2xkZXJJZFwiOjEsXCJpbmR1c3RyeUlkXCI6NyxcInN0YWtlaG9sZGVyQ29kZVwiOlwiRUJRXCIsXCJwbGFuQ29kZVwiOm51bGwsXCJsb2dpbklkXCI6XCJhZG1pbkBlYmFucW8uY29tXCIsXCJpc0FkbWluXCI6dHJ1ZSxcInByb2ZpbGVQaG90b1wiOlwibm9zdHJ1ZFwiLFwidG9rZW5cIjpudWxsLFwicmVmcmVzaEtleVwiOm51bGwsXCJsYXN0TG9naW5BdFwiOlwiMjAyMi0wMi0wNVQwOToyNDowM1wiLFwicm9sZVBlcm1pc3Npb25zXCI6bnVsbCxcInVzZXJSb2xlc1wiOm51bGwsXCJ1c2VyUGVybWlzc2lvbnNcIjpudWxsLFwiZGFzaGJvYXJkXCI6bnVsbH0iLCJuYmYiOjE2NDQwNTI5NzQsImV4cCI6MTY0NDA1NjYzNCwiaWF0IjoxNjQ0MDUzMDM0fQ.962ZFDFGvMCRWxQc6U40zMIischRDMYQOzL3IX36WLo
				Accept=*/*
				Content-Type=application/json
Cookies:		<none>
Multiparts:		<none>
Body:
HTTP/1.1 400 Bad Request
Date: Sat, 05 Feb 2022 09:24:09 GMT
Content-Type: application/json; charset=utf-8
Content-Length: 55
Connection: keep-alive
Set-Cookie: AWSALB=Uzx9qU9N4CpeJSUv9PTl8Q4EkUBnZsoXB3s1E996+w+siN+y8bgz1fyVIT6mW+0lEhEskDIie4ffc6bCIdw8eYMgV1JLEX8ci6/F4hRlOCm5jlgwBoHSUt1Ll2Uw; Expires=Sat, 12 Feb 2022 09:24:09 GMT; Path=/
Set-Cookie: AWSALBCORS=Uzx9qU9N4CpeJSUv9PTl8Q4EkUBnZsoXB3s1E996+w+siN+y8bgz1fyVIT6mW+0lEhEskDIie4ffc6bCIdw8eYMgV1JLEX8ci6/F4hRlOCm5jlgwBoHSUt1Ll2Uw; Expires=Sat, 12 Feb 2022 09:24:09 GMT; Path=/; SameSite=None; Secure
X-Powered-By: Express
Access-Control-Allow-Origin: *
ETag: W/"37-4N6YiFlgVJfCcM+CyXLRpJqtw3w"

{
    "status": "error",
    "message": "\"agent_id\" is required"
}
**********Failed********************* End_Support_Chat_200  Sat Feb 05 10:24:07 WAT 2022 **********Failed************* 
 

]]></system-out>
  </testcase>
  <testcase name="End_Support_Chat_401" classname="Collection.End_Support_Chat" time="1.719"/>
  <testcase name="End_Support_Chat_403" classname="Collection.End_Support_Chat" time="3.376"/>
  <testcase name="End_Support_Chat_404" classname="Collection.End_Support_Chat" time="4.195"/>
  <testcase name="Get_ActiveAgent_Support_200" classname="Collection.Get_ActiveAgent_Support" time="4.103"/>
  <testcase name="Get_ActiveAgent_Support_401" classname="Collection.Get_ActiveAgent_Support" time="1.731"/>
  <testcase name="Get_ActiveAgent_Support_403" classname="Collection.Get_ActiveAgent_Support" time="3.144"/>
  <testcase name="Get_Agent_Setting_Admin_200" classname="Collection.Get_Agent_Setting_Admin" time="3.95"/>
  <testcase name="Get_Agent_Setting_Admin_401" classname="Collection.Get_Agent_Setting_Admin" time="1.711"/>
  <testcase name="Get_Agent_Setting_Admin_403" classname="Collection.Get_Agent_Setting_Admin" time="2.868"/>
  <testcase name="Get_Agent_Setting_User_200" classname="Collection.Get_Agent_Setting_User" time="4.015"/>
  <testcase name="Get_Agent_Setting_User_401" classname="Collection.Get_Agent_Setting_User" time="1.679"/>
  <testcase name="Get_Agent_Setting_User_403" classname="Collection.Get_Agent_Setting_User" time="3.329"/>
  <testcase name="Search_Failed_Response_Date_200" classname="Collection.Get_Failed_ResponseBy_Date" time="4.108"/>
  <testcase name="Search_Failed_Response_Date_401" classname="Collection.Get_Failed_ResponseBy_Date" time="1.484"/>
  <testcase name="Search_Failed_Response_Date_403" classname="Collection.Get_Failed_ResponseBy_Date" time="3.302"/>
  <testcase name="Get_My_Session_Support_200" classname="Collection.Get_My_Session_Support" time="4.093"/>
  <testcase name="Get_My_Session_Support_401" classname="Collection.Get_My_Session_Support" time="1.737"/>
  <testcase name="Get_My_Session_Support_403" classname="Collection.Get_My_Session_Support" time="3.092"/>
  <testcase name="Get_No_Matched_Messages_200" classname="Collection.Get_No_Matched_Messages" time="4.594"/>
  <testcase name="Get_No_Matched_Messages_401" classname="Collection.Get_No_Matched_Messages" time="1.832"/>
  <testcase name="Get_Notification_Batch_200" classname="Collection.Get_Notification_Batch" time="4.09"/>
  <testcase name="Get_Notification_Batch_401" classname="Collection.Get_Notification_Batch" time="1.556"/>
  <testcase name="Get_Notification_Batch_403" classname="Collection.Get_Notification_Batch" time="3.172"/>
  <testcase name="Get_Notification_By_Batch_200" classname="Collection.Get_Notification_By_Batch" time="3.792"/>
  <testcase name="Get_Notification_By_Batch_401" classname="Collection.Get_Notification_By_Batch" time="1.737"/>
  <testcase name="Get_Notification_By_Batch_Batch_403" classname="Collection.Get_Notification_By_Batch" time="2.942"/>
  <testcase name="Get_WebChat_Last_Session_200" classname="Collection.Get_WebChat_Last_Session" time="4.896"/>
  <testcase name="Get_WebChat_Last_Session_401" classname="Collection.Get_WebChat_Last_Session" time="1.768"/>
  <testcase name="Get_WebChat_Last_Session_403" classname="Collection.Get_WebChat_Last_Session" time="3.396"/>
  <testcase name="Get_WebChat_Last_Session_400" classname="Collection.Get_WebChat_Last_Session" time="0">
    <skipped message="2 expectations failed.&#10;Expected status code &lt;400&gt; but was &lt;500&gt;.&#10;&#10;Expected status line &quot;HTTP/1.1 400 Bad Request&quot; doesn&apos;t match actual status line &quot;HTTP/1.1 500 Internal Server Error&quot;.&#10;"/>
    <system-out><![CDATA[**************************************** Get_WebChat_Last_Session_400 Started  ************************************** 
Request method:	POST
Request URI:	https://qa-backend.nexus360.mobi/api/authentication
Proxy:			<none>
Request params:	<none>
Query params:	<none>
Form params:	<none>
Path params:	<none>
Headers:		Accept=*/*
				Content-Type=application/json
Cookies:		<none>
Multiparts:		<none>
Body:
{
    "loginId": "admin@ebanqo.com",
    "password": "12345678"
}
Request method:	POST
Request URI:	https://qa-be.ebanqo.io/user/webchat/messages
Proxy:			<none>
Request params:	<none>
Query params:	<none>
Form params:	<none>
Path params:	<none>
Headers:		token=eyJhbGciOiJIUzI1NiIsInR5cCI6IkpXVCJ9.eyJ1bmlxdWVfbmFtZSI6ImFkbWluQGViYW5xby5jb20iLCJodHRwOi8vc2NoZW1hcy5taWNyb3NvZnQuY29tL3dzLzIwMDgvMDYvaWRlbnRpdHkvY2xhaW1zL3VzZXJkYXRhIjoie1wiaWRcIjoxLFwiZ3VpZFwiOlwiOTQ2ODk3OTItYjBhMi00MzY4LWExMDktYWRhNDUwY2U3OWMyXCIsXCJ0aXRsZVwiOlwiTXIuXCIsXCJmaXJzdE5hbWVcIjpcImVCYW5xb1wiLFwibGFzdE5hbWVcIjpcIkFkbWluXCIsXCJwaG9uZVwiOlwiOTIzMzM4MTI1NTc1XCIsXCJjb3VudHJ5XCI6bnVsbCxcImNvdW50cnlDb2RlXCI6bnVsbCxcInN0YWtlaG9sZGVyXCI6XCJlQmFucW8gSW5jLlwiLFwic3Rha2Vob2xkZXJJZFwiOjEsXCJpbmR1c3RyeUlkXCI6NyxcInN0YWtlaG9sZGVyQ29kZVwiOlwiRUJRXCIsXCJwbGFuQ29kZVwiOm51bGwsXCJsb2dpbklkXCI6XCJhZG1pbkBlYmFucW8uY29tXCIsXCJpc0FkbWluXCI6dHJ1ZSxcInByb2ZpbGVQaG90b1wiOlwibm9zdHJ1ZFwiLFwidG9rZW5cIjpudWxsLFwicmVmcmVzaEtleVwiOm51bGwsXCJsYXN0TG9naW5BdFwiOlwiMjAyMi0wMi0wNVQwOToyNTozMlwiLFwicm9sZVBlcm1pc3Npb25zXCI6bnVsbCxcInVzZXJSb2xlc1wiOm51bGwsXCJ1c2VyUGVybWlzc2lvbnNcIjpudWxsLFwiZGFzaGJvYXJkXCI6bnVsbH0iLCJuYmYiOjE2NDQwNTMwODMsImV4cCI6MTY0NDA1Njc0MywiaWF0IjoxNjQ0MDUzMTQzfQ.e5Vy1Va094QRPNDExV-6HbI6NVO0w2SdT73wTBKGeqo
				Accept=*/*
				Content-Type=application/json
Cookies:		<none>
Multiparts:		<none>
Body:
{
    "email": "toyosio@ebanqo.com",
    "identifier": "toyosio@ebanqo.com",
    "name": "Tayo Akinnaso",
    "gender": null,
    "user_type": "user",
    "yob": null,
    "city": null,
    "phone": "08122223456789",
    "user_code": "fd840300850c1610099107553",
    "agent_id": 5,
    "platform": "webchat",
    "meta": "{'cipher_password':'yMJVOY1n7a9GfQV3HuEoWnvyKdXyqStxBWRmvQf9fyg='}"
}
HTTP/1.1 500 Internal Server Error
Date: Sat, 05 Feb 2022 09:25:57 GMT
Content-Type: application/json; charset=utf-8
Content-Length: 144
Connection: keep-alive
Set-Cookie: AWSALB=/af2ZQWc3Txd7hkribjgY1rp4ElwKwdhCiCQSSgc9cNX8w06iz1Qhhnd/vZdvqVBzCTaalLmAbpVBjAzSt+Nmt0NWu+lIn5MZ6SOZFQXaeuFyQMpGRHJocwnPU/g; Expires=Sat, 12 Feb 2022 09:25:57 GMT; Path=/
Set-Cookie: AWSALBCORS=/af2ZQWc3Txd7hkribjgY1rp4ElwKwdhCiCQSSgc9cNX8w06iz1Qhhnd/vZdvqVBzCTaalLmAbpVBjAzSt+Nmt0NWu+lIn5MZ6SOZFQXaeuFyQMpGRHJocwnPU/g; Expires=Sat, 12 Feb 2022 09:25:57 GMT; Path=/; SameSite=None; Secure
X-Powered-By: Express
Access-Control-Allow-Origin: *
ETag: W/"90-uJUzROgSfiCtCJ6i3vzdlBO07RE"

{
    "status": "error",
    "message": "Undefined binding(s) detected when compiling SELECT query: select `agent`.* from `agent` where `code` = ? limit ?"
}
***************************Skipped********************* Get_WebChat_Last_Session_400  Sat Feb 05 10:25:55 WAT 2022 ********Skipped************ 


]]></system-out>
  </testcase>
  <testcase name="Get_WebChat_Last_Session_400" classname="Collection.Get_WebChat_Last_Session" time="4.063">
    <failure message="2 expectations failed.&#10;Expected status code &lt;400&gt; but was &lt;500&gt;.&#10;&#10;Expected status line &quot;HTTP/1.1 400 Bad Request&quot; doesn&apos;t match actual status line &quot;HTTP/1.1 500 Internal Server Error&quot;.&#10;" type="java.lang.AssertionError"><![CDATA[java.lang.AssertionError: 
2 expectations failed.
Expected status code <400> but was <500>.

Expected status line "HTTP/1.1 400 Bad Request" doesn't match actual status line "HTTP/1.1 500 Internal Server Error".

	at Collection.Get_WebChat_Last_Session.Get_WebChat_Last_Session_400(Get_WebChat_Last_Session.java:52)
]]></failure>
    <system-out><![CDATA[**************************************** Get_WebChat_Last_Session_400 Started  ************************************** 
Request method:	POST
Request URI:	https://qa-backend.nexus360.mobi/api/authentication
Proxy:			<none>
Request params:	<none>
Query params:	<none>
Form params:	<none>
Path params:	<none>
Headers:		Accept=*/*
				Content-Type=application/json
Cookies:		<none>
Multiparts:		<none>
Body:
{
    "loginId": "admin@ebanqo.com",
    "password": "12345678"
}
Request method:	POST
Request URI:	https://qa-be.ebanqo.io/user/webchat/messages
Proxy:			<none>
Request params:	<none>
Query params:	<none>
Form params:	<none>
Path params:	<none>
Headers:		token=eyJhbGciOiJIUzI1NiIsInR5cCI6IkpXVCJ9.eyJ1bmlxdWVfbmFtZSI6ImFkbWluQGViYW5xby5jb20iLCJodHRwOi8vc2NoZW1hcy5taWNyb3NvZnQuY29tL3dzLzIwMDgvMDYvaWRlbnRpdHkvY2xhaW1zL3VzZXJkYXRhIjoie1wiaWRcIjoxLFwiZ3VpZFwiOlwiOTQ2ODk3OTItYjBhMi00MzY4LWExMDktYWRhNDUwY2U3OWMyXCIsXCJ0aXRsZVwiOlwiTXIuXCIsXCJmaXJzdE5hbWVcIjpcImVCYW5xb1wiLFwibGFzdE5hbWVcIjpcIkFkbWluXCIsXCJwaG9uZVwiOlwiOTIzMzM4MTI1NTc1XCIsXCJjb3VudHJ5XCI6bnVsbCxcImNvdW50cnlDb2RlXCI6bnVsbCxcInN0YWtlaG9sZGVyXCI6XCJlQmFucW8gSW5jLlwiLFwic3Rha2Vob2xkZXJJZFwiOjEsXCJpbmR1c3RyeUlkXCI6NyxcInN0YWtlaG9sZGVyQ29kZVwiOlwiRUJRXCIsXCJwbGFuQ29kZVwiOm51bGwsXCJsb2dpbklkXCI6XCJhZG1pbkBlYmFucW8uY29tXCIsXCJpc0FkbWluXCI6dHJ1ZSxcInByb2ZpbGVQaG90b1wiOlwibm9zdHJ1ZFwiLFwidG9rZW5cIjpudWxsLFwicmVmcmVzaEtleVwiOm51bGwsXCJsYXN0TG9naW5BdFwiOlwiMjAyMi0wMi0wNVQwOToyNTo0NFwiLFwicm9sZVBlcm1pc3Npb25zXCI6bnVsbCxcInVzZXJSb2xlc1wiOm51bGwsXCJ1c2VyUGVybWlzc2lvbnNcIjpudWxsLFwiZGFzaGJvYXJkXCI6bnVsbH0iLCJuYmYiOjE2NDQwNTMxMDAsImV4cCI6MTY0NDA1Njc2MCwiaWF0IjoxNjQ0MDUzMTYwfQ.CSN_BAjToAk3kL-dlscGz2RXPCQGmsmF6O77MnR3tJc
				Accept=*/*
				Content-Type=application/json
Cookies:		<none>
Multiparts:		<none>
Body:
{
    "email": "toyosio@ebanqo.com",
    "identifier": "toyosio@ebanqo.com",
    "name": "Tayo Akinnaso",
    "gender": null,
    "user_type": "user",
    "yob": null,
    "city": null,
    "phone": "08122223456789",
    "user_code": "fd840300850c1610099107553",
    "agent_id": 5,
    "platform": "webchat",
    "meta": "{'cipher_password':'yMJVOY1n7a9GfQV3HuEoWnvyKdXyqStxBWRmvQf9fyg='}"
}
HTTP/1.1 500 Internal Server Error
Date: Sat, 05 Feb 2022 09:26:02 GMT
Content-Type: application/json; charset=utf-8
Content-Length: 144
Connection: keep-alive
Set-Cookie: AWSALB=oe1dlyRnTnkDE89O+mXGb3T8x3ROXUL07IBck/XPzzr2xEMbXZ/lnCq4cWnJVGY98+6dmqdsrieAiJeHKJcTyVIS2g/UkbPdOFEl/aF0luGiF8JNOXgo2w7Z9LE/; Expires=Sat, 12 Feb 2022 09:26:02 GMT; Path=/
Set-Cookie: AWSALBCORS=oe1dlyRnTnkDE89O+mXGb3T8x3ROXUL07IBck/XPzzr2xEMbXZ/lnCq4cWnJVGY98+6dmqdsrieAiJeHKJcTyVIS2g/UkbPdOFEl/aF0luGiF8JNOXgo2w7Z9LE/; Expires=Sat, 12 Feb 2022 09:26:02 GMT; Path=/; SameSite=None; Secure
X-Powered-By: Express
Access-Control-Allow-Origin: *
ETag: W/"90-uJUzROgSfiCtCJ6i3vzdlBO07RE"

{
    "status": "error",
    "message": "Undefined binding(s) detected when compiling SELECT query: select `agent`.* from `agent` where `code` = ? limit ?"
}
**********Failed********************* Get_WebChat_Last_Session_400  Sat Feb 05 10:26:00 WAT 2022 **********Failed************* 
 

]]></system-out>
  </testcase>
  <testcase name="GetAgentBy_ID_200" classname="Collection.GetAgentBy_ID" time="3.893"/>
  <testcase name="GetAgentBy_ID_401" classname="Collection.GetAgentBy_ID" time="1.851"/>
  <testcase name="GetAgentBy_ID_403" classname="Collection.GetAgentBy_ID" time="3.1"/>
  <testcase name="GetAgentStakeHolder_200" classname="Collection.GetAgentStakeHolder" time="4.235"/>
  <testcase name="GetAgentStakeHolder_401" classname="Collection.GetAgentStakeHolder" time="1.634"/>
  <testcase name="GetAgentStakeHolder_403" classname="Collection.GetAgentStakeHolder" time="2.921"/>
  <testcase name="SaveChannel_200" classname="Collection.GetChannel" time="4.103"/>
  <testcase name="Get_All_Channel_401" classname="Collection.GetChannel" time="1.782"/>
  <testcase name="SaveChannel_403" classname="Collection.GetChannel" time="3.966"/>
  <testcase name="GetCurrentSession_200" classname="Collection.GetCurrentSession" time="4.159"/>
  <testcase name="GetCurrentSession_401" classname="Collection.GetCurrentSession" time="1.549"/>
  <testcase name="GetCurrentSession_403" classname="Collection.GetCurrentSession" time="3.052"/>
  <testcase name="GetIntent_200" classname="Collection.GetIntent" time="4.223"/>
  <testcase name="GetIntent_401" classname="Collection.GetIntent" time="1.61"/>
  <testcase name="GetIntent_403" classname="Collection.GetIntent" time="3.152"/>
  <testcase name="GetLocationByAgent_200" classname="Collection.GetLocationByAgent" time="4.333"/>
  <testcase name="GetLocationByAgent_401" classname="Collection.GetLocationByAgent" time="1.65"/>
  <testcase name="GetLocationByAgent_403" classname="Collection.GetLocationByAgent" time="3.141"/>
  <testcase name="GetNotificationByAgent_200" classname="Collection.GetNotificationByAgent" time="4.427"/>
  <testcase name="GetNotificationByAgent_401" classname="Collection.GetNotificationByAgent" time="2.053"/>
  <testcase name="GetNotificationByAgent_403" classname="Collection.GetNotificationByAgent" time="2.805"/>
  <testcase name="GetQueueList_Support_200" classname="Collection.GetQueueList_Support" time="4.578"/>
  <testcase name="GetQueueList_Support_401" classname="Collection.GetQueueList_Support" time="1.312"/>
  <testcase name="GetQueueList_Support_403" classname="Collection.GetQueueList_Support" time="3.428"/>
  <testcase name="GetServicesPaginated_200" classname="Collection.GetServicesPaginated" time="4.242"/>
  <testcase name="GetServicesPaginated_401" classname="Collection.GetServicesPaginated" time="1.544"/>
  <testcase name="GetServicesPaginated_403" classname="Collection.GetServicesPaginated" time="2.953"/>
  <testcase name="GetIntent_200" classname="Collection.GetSessionArchive" time="0">
    <skipped message="2 expectations failed.&#10;Expected status code &lt;200&gt; but was &lt;400&gt;.&#10;&#10;Expected status line &quot;HTTP/1.1 200 OK&quot; doesn&apos;t match actual status line &quot;HTTP/1.1 400 Bad Request&quot;.&#10;"/>
    <system-out><![CDATA[===== Invoked methods
    GetServicesPaginated.GetServicesPaginated_200()[pri:1, instance:Collection.GetServicesPaginated@22f31dec]
    GetServicesPaginated.GetServicesPaginated_401()[pri:2, instance:Collection.GetServicesPaginated@22f31dec]
    GetServicesPaginated.GetServicesPaginated_403()[pri:3, instance:Collection.GetServicesPaginated@22f31dec]
=====
PASSED: GetServicesPaginated_401
PASSED: GetServicesPaginated_200
PASSED: GetServicesPaginated_403

===============================================
    Get service Paginated
    Tests run: 3, Failures: 0, Skips: 0
===============================================

**************************************** GetIntent_200 Started  ************************************** 
Request method:	POST
Request URI:	https://qa-backend.nexus360.mobi/api/authentication
Proxy:			<none>
Request params:	<none>
Query params:	<none>
Form params:	<none>
Path params:	<none>
Headers:		Accept=*/*
				Content-Type=application/json
Cookies:		<none>
Multiparts:		<none>
Body:
{
    "loginId": "admin@ebanqo.com",
    "password": "12345678"
}
HTTP/1.1 400 Bad Request
Date: Sat, 05 Feb 2022 09:27:44 GMT
Content-Type: application/json; charset=utf-8
Content-Length: 47
Connection: keep-alive
Set-Cookie: AWSALB=4NxSh2a1+wlKUWVQjxSKw7hVGiSz5xMxgDnVOiBiyavETQiX5BwG2yju/Jd87Q1B3+fgR4RD7O/2ll6Y1pB4jGgcYFAh65quWdSjmA31yIk2mp+D4nQ77p4y7ZLM; Expires=Sat, 12 Feb 2022 09:27:44 GMT; Path=/
Set-Cookie: AWSALBCORS=4NxSh2a1+wlKUWVQjxSKw7hVGiSz5xMxgDnVOiBiyavETQiX5BwG2yju/Jd87Q1B3+fgR4RD7O/2ll6Y1pB4jGgcYFAh65quWdSjmA31yIk2mp+D4nQ77p4y7ZLM; Expires=Sat, 12 Feb 2022 09:27:44 GMT; Path=/; SameSite=None; Secure
X-Powered-By: Express
Access-Control-Allow-Origin: *
ETag: W/"2f-Z8M3vAXY7nHGCGsFCMeR1A1UAW0"

{
    "status": "fail",
    "data": "No data is available"
}
***************************Skipped********************* GetIntent_200  Sat Feb 05 10:27:42 WAT 2022 ********Skipped************ 


]]></system-out>
  </testcase>
  <testcase name="GetIntent_200" classname="Collection.GetSessionArchive" time="4.057">
    <failure message="2 expectations failed.&#10;Expected status code &lt;200&gt; but was &lt;400&gt;.&#10;&#10;Expected status line &quot;HTTP/1.1 200 OK&quot; doesn&apos;t match actual status line &quot;HTTP/1.1 400 Bad Request&quot;.&#10;" type="java.lang.AssertionError"><![CDATA[java.lang.AssertionError: 
2 expectations failed.
Expected status code <200> but was <400>.

Expected status line "HTTP/1.1 200 OK" doesn't match actual status line "HTTP/1.1 400 Bad Request".

	at Collection.GetSessionArchive.GetIntent_200(GetSessionArchive.java:23)
]]></failure>
    <system-out><![CDATA[**************************************** GetIntent_200 Started  ************************************** 
Request method:	POST
Request URI:	https://qa-backend.nexus360.mobi/api/authentication
Proxy:			<none>
Request params:	<none>
Query params:	<none>
Form params:	<none>
Path params:	<none>
Headers:		Accept=*/*
				Content-Type=application/json
Cookies:		<none>
Multiparts:		<none>
Body:
{
    "loginId": "admin@ebanqo.com",
    "password": "12345678"
}
HTTP/1.1 400 Bad Request
Date: Sat, 05 Feb 2022 09:27:49 GMT
Content-Type: application/json; charset=utf-8
Content-Length: 47
Connection: keep-alive
Set-Cookie: AWSALB=yB1YDMHBS+HEg8bLib1O6oy/MHqCZgkae0p9nY8+5vdDeYrLnSULx8FbaRfZEsdSwScEhjMwJMKAjgEiUjh8PDaiwAatUdn74HUNR7HSphILSkLOF9zHhun1jXQ0; Expires=Sat, 12 Feb 2022 09:27:49 GMT; Path=/
Set-Cookie: AWSALBCORS=yB1YDMHBS+HEg8bLib1O6oy/MHqCZgkae0p9nY8+5vdDeYrLnSULx8FbaRfZEsdSwScEhjMwJMKAjgEiUjh8PDaiwAatUdn74HUNR7HSphILSkLOF9zHhun1jXQ0; Expires=Sat, 12 Feb 2022 09:27:49 GMT; Path=/; SameSite=None; Secure
X-Powered-By: Express
Access-Control-Allow-Origin: *
ETag: W/"2f-Z8M3vAXY7nHGCGsFCMeR1A1UAW0"

{
    "status": "fail",
    "data": "No data is available"
}
**********Failed********************* GetIntent_200  Sat Feb 05 10:27:46 WAT 2022 **********Failed************* 
 

]]></system-out>
  </testcase>
  <testcase name="GetIntent_401" classname="Collection.GetSessionArchive" time="1.521"/>
  <testcase name="GetIntent_403" classname="Collection.GetSessionArchive" time="3.328"/>
  <testcase name="GetSettingByName_200" classname="Collection.GetSettingByName" time="3.925"/>
  <testcase name="GetSettingByName_401" classname="Collection.GetSettingByName" time="1.509"/>
  <testcase name="GetSettingByName_403" classname="Collection.GetSettingByName" time="2.856"/>
  <testcase name="GetSubscribers_200" classname="Collection.GetSubscribers" time="5.157"/>
  <testcase name="GetSubscribers_401" classname="Collection.GetSubscribers" time="1.27"/>
  <testcase name="GetSubscribers_403" classname="Collection.GetSubscribers" time="3.919"/>
  <testcase name="GetTemplateByAgent_200" classname="Collection.GetTemplateByAgent" time="4.242"/>
  <testcase name="GetTemplateByAgent_401" classname="Collection.GetTemplateByAgent" time="1.628"/>
  <testcase name="GetTemplateByAgent_403" classname="Collection.GetTemplateByAgent" time="3.633"/>
  <testcase name="GetTrainingSet_Intent_200" classname="Collection.GetTrainingSet_Intent" time="4.845"/>
  <testcase name="GetTrainingSet_Intent_401" classname="Collection.GetTrainingSet_Intent" time="1.846"/>
  <testcase name="GetTrainingSet_Intent_403" classname="Collection.GetTrainingSet_Intent" time="2.725"/>
  <testcase name="GetUser_By_Latest_Message_Enrolled_200" classname="Collection.GetUser_By_Latest_Message_Enrolled" time="4.753"/>
  <testcase name="GetUser_By_Latest_Message_Enrolled_401" classname="Collection.GetUser_By_Latest_Message_Enrolled" time="1.497"/>
  <testcase name="GetUser_By_Latest_Message_Enrolled_403" classname="Collection.GetUser_By_Latest_Message_Enrolled" time="3.118"/>
  <testcase name="GetUser_By_Latest_Message_Enrolled_404" classname="Collection.GetUser_By_Latest_Message_Enrolled" time="0">
    <skipped message="expected: &lt;400&gt; but was: &lt;404&gt;"/>
    <system-out><![CDATA[**************************************** GetUser_By_Latest_Message_Enrolled_404 Started  ************************************** 
Request method:	POST
Request URI:	https://qa-backend.nexus360.mobi/api/authentication
Proxy:			<none>
Request params:	<none>
Query params:	<none>
Form params:	<none>
Path params:	<none>
Headers:		Accept=*/*
				Content-Type=application/json
Cookies:		<none>
Multiparts:		<none>
Body:
{
    "loginId": "admin@ebanqo.com",
    "password": "12345678"
}
HTTP/1.1 400 Bad Request
Date: Sat, 05 Feb 2022 09:28:55 GMT
Content-Type: application/json; charset=utf-8
Content-Length: 62
Connection: keep-alive
Set-Cookie: AWSALB=8Olxuw+PCDnmOeXKy3Nr/AnGZqx8hLt/ffRiLKCRo0cTweKutAoFpq9UVy0LJOoL4aEZ6F2HaJatxoQwyoBfFbOeKkhieJTLLp7dEczCRmWmqKvf9IfQsAmZ9ZBX; Expires=Sat, 12 Feb 2022 09:28:55 GMT; Path=/
Set-Cookie: AWSALBCORS=8Olxuw+PCDnmOeXKy3Nr/AnGZqx8hLt/ffRiLKCRo0cTweKutAoFpq9UVy0LJOoL4aEZ6F2HaJatxoQwyoBfFbOeKkhieJTLLp7dEczCRmWmqKvf9IfQsAmZ9ZBX; Expires=Sat, 12 Feb 2022 09:28:55 GMT; Path=/; SameSite=None; Secure
X-Powered-By: Express
Access-Control-Allow-Origin: *
ETag: W/"3e-YxTkT+Wyx+K5joYry/o1QSrNseU"

{
    "status": "fail",
    "data": "agent_id or agent_code is not valid"
}
***************************Skipped********************* GetUser_By_Latest_Message_Enrolled_404  Sat Feb 05 10:28:53 WAT 2022 ********Skipped************ 


]]></system-out>
  </testcase>
  <testcase name="GetUser_By_Latest_Message_Enrolled_404" classname="Collection.GetUser_By_Latest_Message_Enrolled" time="4.176">
    <failure message="expected: &lt;400&gt; but was: &lt;404&gt;" type="org.opentest4j.AssertionFailedError"><![CDATA[org.opentest4j.AssertionFailedError: expected: <400> but was: <404>
	at Collection.GetUser_By_Latest_Message_Enrolled.GetUser_By_Latest_Message_Enrolled_404(GetUser_By_Latest_Message_Enrolled.java:82)
]]></failure>
    <system-out><![CDATA[**************************************** GetUser_By_Latest_Message_Enrolled_404 Started  ************************************** 
Request method:	POST
Request URI:	https://qa-backend.nexus360.mobi/api/authentication
Proxy:			<none>
Request params:	<none>
Query params:	<none>
Form params:	<none>
Path params:	<none>
Headers:		Accept=*/*
				Content-Type=application/json
Cookies:		<none>
Multiparts:		<none>
Body:
{
    "loginId": "admin@ebanqo.com",
    "password": "12345678"
}
HTTP/1.1 400 Bad Request
Date: Sat, 05 Feb 2022 09:28:59 GMT
Content-Type: application/json; charset=utf-8
Content-Length: 62
Connection: keep-alive
Set-Cookie: AWSALB=wRRwgIHoRTkqShs3B8Syv9ipM4hhUtCrx7bLfIiQh69EqxXUWdAF3L12NMB2o98qdOcC0uy+nSZKD8IirhGRCVW8a1TnxOEfiWHuM0G8q/tw6ueDM7Qf+VY+VkaI; Expires=Sat, 12 Feb 2022 09:28:59 GMT; Path=/
Set-Cookie: AWSALBCORS=wRRwgIHoRTkqShs3B8Syv9ipM4hhUtCrx7bLfIiQh69EqxXUWdAF3L12NMB2o98qdOcC0uy+nSZKD8IirhGRCVW8a1TnxOEfiWHuM0G8q/tw6ueDM7Qf+VY+VkaI; Expires=Sat, 12 Feb 2022 09:28:59 GMT; Path=/; SameSite=None; Secure
X-Powered-By: Express
Access-Control-Allow-Origin: *
ETag: W/"3e-YxTkT+Wyx+K5joYry/o1QSrNseU"

{
    "status": "fail",
    "data": "agent_id or agent_code is not valid"
}
**********Failed********************* GetUser_By_Latest_Message_Enrolled_404  Sat Feb 05 10:28:57 WAT 2022 **********Failed************* 
 

]]></system-out>
  </testcase>
  <testcase name="GetUserInfo_200" classname="Collection.GetUserInfo" time="0">
    <skipped message="2 expectations failed.&#10;Expected status code &lt;200&gt; but was &lt;400&gt;.&#10;&#10;Expected status line &quot;HTTP/1.1 200 OK&quot; doesn&apos;t match actual status line &quot;HTTP/1.1 400 Bad Request&quot;.&#10;"/>
    <system-out><![CDATA[===== Invoked methods
    GetUser_By_Latest_Message_Enrolled.GetUser_By_Latest_Message_Enrolled_200()[pri:1, instance:Collection.GetUser_By_Latest_Message_Enrolled@539d019]
    GetUser_By_Latest_Message_Enrolled.GetUser_By_Latest_Message_Enrolled_401()[pri:2, instance:Collection.GetUser_By_Latest_Message_Enrolled@539d019]
    GetUser_By_Latest_Message_Enrolled.GetUser_By_Latest_Message_Enrolled_403()[pri:3, instance:Collection.GetUser_By_Latest_Message_Enrolled@539d019]
    GetUser_By_Latest_Message_Enrolled.GetUser_By_Latest_Message_Enrolled_404()[pri:4, instance:Collection.GetUser_By_Latest_Message_Enrolled@539d019]
=====
PASSED: GetUser_By_Latest_Message_Enrolled_401
PASSED: GetUser_By_Latest_Message_Enrolled_200
PASSED: GetUser_By_Latest_Message_Enrolled_403
FAILED: GetUser_By_Latest_Message_Enrolled_404
org.opentest4j.AssertionFailedError: expected: <400> but was: <404>
	at org.junit.jupiter.api.AssertionUtils.fail(AssertionUtils.java:55)
	at org.junit.jupiter.api.AssertionUtils.failNotEqual(AssertionUtils.java:62)
	at org.junit.jupiter.api.AssertEquals.assertEquals(AssertEquals.java:150)
	at org.junit.jupiter.api.AssertEquals.assertEquals(AssertEquals.java:145)
	at org.junit.jupiter.api.Assertions.assertEquals(Assertions.java:527)
	at Collection.GetUser_By_Latest_Message_Enrolled.GetUser_By_Latest_Message_Enrolled_404(GetUser_By_Latest_Message_Enrolled.java:82)
	at java.base/jdk.internal.reflect.NativeMethodAccessorImpl.invoke0(Native Method)
	at java.base/jdk.internal.reflect.NativeMethodAccessorImpl.invoke(NativeMethodAccessorImpl.java:77)
	at java.base/jdk.internal.reflect.DelegatingMethodAccessorImpl.invoke(DelegatingMethodAccessorImpl.java:43)
	at java.base/java.lang.reflect.Method.invoke(Method.java:568)
	at org.testng.internal.invokers.MethodInvocationHelper.invokeMethod(MethodInvocationHelper.java:135)
	at org.testng.internal.invokers.TestInvoker.invokeMethod(TestInvoker.java:673)
	at org.testng.internal.invokers.TestInvoker.retryFailed(TestInvoker.java:262)
	at org.testng.internal.invokers.MethodRunner.runInSequence(MethodRunner.java:62)
	at org.testng.internal.invokers.TestInvoker$MethodInvocationAgent.invoke(TestInvoker.java:945)
	at org.testng.internal.invokers.TestInvoker.invokeTestMethods(TestInvoker.java:193)
	at org.testng.internal.invokers.TestMethodWorker.invokeTestMethods(TestMethodWorker.java:146)
	at org.testng.internal.invokers.TestMethodWorker.run(TestMethodWorker.java:128)
	at java.base/java.util.ArrayList.forEach(ArrayList.java:1511)
	at org.testng.TestRunner.privateRun(TestRunner.java:808)
	at org.testng.TestRunner.run(TestRunner.java:603)
	at org.testng.SuiteRunner.runTest(SuiteRunner.java:429)
	at org.testng.SuiteRunner.runSequentially(SuiteRunner.java:423)
	at org.testng.SuiteRunner.privateRun(SuiteRunner.java:383)
	at org.testng.SuiteRunner.run(SuiteRunner.java:326)
	at org.testng.SuiteRunnerWorker.runSuite(SuiteRunnerWorker.java:52)
	at org.testng.SuiteRunnerWorker.run(SuiteRunnerWorker.java:95)
	at org.testng.TestNG.runSuitesSequentially(TestNG.java:1249)
	at org.testng.TestNG.runSuitesLocally(TestNG.java:1169)
	at org.testng.TestNG.runSuites(TestNG.java:1092)
	at org.testng.TestNG.run(TestNG.java:1060)
	at org.apache.maven.surefire.testng.TestNGExecutor.run(TestNGExecutor.java:281)
	at org.apache.maven.surefire.testng.TestNGXmlTestSuite.execute(TestNGXmlTestSuite.java:75)
	at org.apache.maven.surefire.testng.TestNGProvider.invoke(TestNGProvider.java:121)
	at org.apache.maven.surefire.booter.ForkedBooter.invokeProviderInSameClassLoader(ForkedBooter.java:290)
	at org.apache.maven.surefire.booter.ForkedBooter.runSuitesInProcess(ForkedBooter.java:242)
	at org.apache.maven.surefire.booter.ForkedBooter.main(ForkedBooter.java:121)

RETRIED: GetUser_By_Latest_Message_Enrolled_404
org.opentest4j.AssertionFailedError: expected: <400> but was: <404>
	at org.junit.jupiter.api.AssertionUtils.fail(AssertionUtils.java:55)
	at org.junit.jupiter.api.AssertionUtils.failNotEqual(AssertionUtils.java:62)
	at org.junit.jupiter.api.AssertEquals.assertEquals(AssertEquals.java:150)
	at org.junit.jupiter.api.AssertEquals.assertEquals(AssertEquals.java:145)
	at org.junit.jupiter.api.Assertions.assertEquals(Assertions.java:527)
	at Collection.GetUser_By_Latest_Message_Enrolled.GetUser_By_Latest_Message_Enrolled_404(GetUser_By_Latest_Message_Enrolled.java:82)
	at java.base/jdk.internal.reflect.NativeMethodAccessorImpl.invoke0(Native Method)
	at java.base/jdk.internal.reflect.NativeMethodAccessorImpl.invoke(NativeMethodAccessorImpl.java:77)
	at java.base/jdk.internal.reflect.DelegatingMethodAccessorImpl.invoke(DelegatingMethodAccessorImpl.java:43)
	at java.base/java.lang.reflect.Method.invoke(Method.java:568)
	at org.testng.internal.invokers.MethodInvocationHelper.invokeMethod(MethodInvocationHelper.java:135)
	at org.testng.internal.invokers.TestInvoker.invokeMethod(TestInvoker.java:673)
	at org.testng.internal.invokers.TestInvoker.invokeTestMethod(TestInvoker.java:220)
	at org.testng.internal.invokers.MethodRunner.runInSequence(MethodRunner.java:50)
	at org.testng.internal.invokers.TestInvoker$MethodInvocationAgent.invoke(TestInvoker.java:945)
	at org.testng.internal.invokers.TestInvoker.invokeTestMethods(TestInvoker.java:193)
	at org.testng.internal.invokers.TestMethodWorker.invokeTestMethods(TestMethodWorker.java:146)
	at org.testng.internal.invokers.TestMethodWorker.run(TestMethodWorker.java:128)
	at java.base/java.util.ArrayList.forEach(ArrayList.java:1511)
	at org.testng.TestRunner.privateRun(TestRunner.java:808)
	at org.testng.TestRunner.run(TestRunner.java:603)
	at org.testng.SuiteRunner.runTest(SuiteRunner.java:429)
	at org.testng.SuiteRunner.runSequentially(SuiteRunner.java:423)
	at org.testng.SuiteRunner.privateRun(SuiteRunner.java:383)
	at org.testng.SuiteRunner.run(SuiteRunner.java:326)
	at org.testng.SuiteRunnerWorker.runSuite(SuiteRunnerWorker.java:52)
	at org.testng.SuiteRunnerWorker.run(SuiteRunnerWorker.java:95)
	at org.testng.TestNG.runSuitesSequentially(TestNG.java:1249)
	at org.testng.TestNG.runSuitesLocally(TestNG.java:1169)
	at org.testng.TestNG.runSuites(TestNG.java:1092)
	at org.testng.TestNG.run(TestNG.java:1060)
	at org.apache.maven.surefire.testng.TestNGExecutor.run(TestNGExecutor.java:281)
	at org.apache.maven.surefire.testng.TestNGXmlTestSuite.execute(TestNGXmlTestSuite.java:75)
	at org.apache.maven.surefire.testng.TestNGProvider.invoke(TestNGProvider.java:121)
	at org.apache.maven.surefire.booter.ForkedBooter.invokeProviderInSameClassLoader(ForkedBooter.java:290)
	at org.apache.maven.surefire.booter.ForkedBooter.runSuitesInProcess(ForkedBooter.java:242)
	at org.apache.maven.surefire.booter.ForkedBooter.main(ForkedBooter.java:121)


===============================================
    Get User by latest message enrolled
    Tests run: 4, Failures: 1, Skips: 0, Retries: 1
===============================================

**************************************** GetUserInfo_200 Started  ************************************** 
Request method:	POST
Request URI:	https://qa-backend.nexus360.mobi/api/authentication
Proxy:			<none>
Request params:	<none>
Query params:	<none>
Form params:	<none>
Path params:	<none>
Headers:		Accept=*/*
				Content-Type=application/json
Cookies:		<none>
Multiparts:		<none>
Body:
{
    "loginId": "admin@ebanqo.com",
    "password": "12345678"
}
HTTP/1.1 400 Bad Request
Date: Sat, 05 Feb 2022 09:29:05 GMT
Content-Type: application/json; charset=utf-8
Content-Length: 47
Connection: keep-alive
Set-Cookie: AWSALB=2eORnShNA4mq+hPd1y4KjxPE8yhdymAE7rSgPyXOY0ZJGThNFLTMl8m4ZYY+zwq5Sw6y2TTU9BrVPxDPoNEg6i5ReMBNJYqEidmE/KOY9E+R6omA1vds2TG8PZSa; Expires=Sat, 12 Feb 2022 09:29:05 GMT; Path=/
Set-Cookie: AWSALBCORS=2eORnShNA4mq+hPd1y4KjxPE8yhdymAE7rSgPyXOY0ZJGThNFLTMl8m4ZYY+zwq5Sw6y2TTU9BrVPxDPoNEg6i5ReMBNJYqEidmE/KOY9E+R6omA1vds2TG8PZSa; Expires=Sat, 12 Feb 2022 09:29:05 GMT; Path=/; SameSite=None; Secure
X-Powered-By: Express
Access-Control-Allow-Origin: *
ETag: W/"2f-Z8M3vAXY7nHGCGsFCMeR1A1UAW0"

{
    "status": "fail",
    "data": "No data is available"
}
***************************Skipped********************* GetUserInfo_200  Sat Feb 05 10:29:02 WAT 2022 ********Skipped************ 


]]></system-out>
  </testcase>
  <testcase name="GetUserInfo_200" classname="Collection.GetUserInfo" time="3.851">
    <failure message="2 expectations failed.&#10;Expected status code &lt;200&gt; but was &lt;400&gt;.&#10;&#10;Expected status line &quot;HTTP/1.1 200 OK&quot; doesn&apos;t match actual status line &quot;HTTP/1.1 400 Bad Request&quot;.&#10;" type="java.lang.AssertionError"><![CDATA[java.lang.AssertionError: 
2 expectations failed.
Expected status code <200> but was <400>.

Expected status line "HTTP/1.1 200 OK" doesn't match actual status line "HTTP/1.1 400 Bad Request".

	at Collection.GetUserInfo.GetUserInfo_200(GetUserInfo.java:32)
]]></failure>
    <system-out><![CDATA[**************************************** GetUserInfo_200 Started  ************************************** 
Request method:	POST
Request URI:	https://qa-backend.nexus360.mobi/api/authentication
Proxy:			<none>
Request params:	<none>
Query params:	<none>
Form params:	<none>
Path params:	<none>
Headers:		Accept=*/*
				Content-Type=application/json
Cookies:		<none>
Multiparts:		<none>
Body:
{
    "loginId": "admin@ebanqo.com",
    "password": "12345678"
}
HTTP/1.1 400 Bad Request
Date: Sat, 05 Feb 2022 09:29:09 GMT
Content-Type: application/json; charset=utf-8
Content-Length: 47
Connection: keep-alive
Set-Cookie: AWSALB=aQnoDyan8jZaL0hUsgkpXJ6Q1c4Rdrlm+npd31ydNdnZJWmt0B/q7eKE2t+/yTn5HYpJogYfQlQSuD8PVS0lU75iu8GTKF4XT5HJN4bcN8mGTpSlQGGBkkriT6Ax; Expires=Sat, 12 Feb 2022 09:29:09 GMT; Path=/
Set-Cookie: AWSALBCORS=aQnoDyan8jZaL0hUsgkpXJ6Q1c4Rdrlm+npd31ydNdnZJWmt0B/q7eKE2t+/yTn5HYpJogYfQlQSuD8PVS0lU75iu8GTKF4XT5HJN4bcN8mGTpSlQGGBkkriT6Ax; Expires=Sat, 12 Feb 2022 09:29:09 GMT; Path=/; SameSite=None; Secure
X-Powered-By: Express
Access-Control-Allow-Origin: *
ETag: W/"2f-Z8M3vAXY7nHGCGsFCMeR1A1UAW0"

{
    "status": "fail",
    "data": "No data is available"
}
**********Failed********************* GetUserInfo_200  Sat Feb 05 10:29:07 WAT 2022 **********Failed************* 
 

]]></system-out>
  </testcase>
  <testcase name="GetUserInfo_401" classname="Collection.GetUserInfo" time="1.882"/>
  <testcase name="GetUserInfo_403" classname="Collection.GetUserInfo" time="3.458"/>
  <testcase name="GetUserInformation_Client_200" classname="Collection.GetUserInformation_Client" time="4.122"/>
  <testcase name="GetUserInformation_Client_401" classname="Collection.GetUserInformation_Client" time="1.512"/>
  <testcase name="GetUserInformation_Client_403" classname="Collection.GetUserInformation_Client" time="2.996"/>
  <testcase name="GetUser_By_Latest_Message_Not_Enrolled_200" classname="Collection.GetUsers_By_Latest_Messages_Not_Enrolled" time="4.699"/>
  <testcase name="GetUser_By_Latest_Message_Not_Enrolled_401" classname="Collection.GetUsers_By_Latest_Messages_Not_Enrolled" time="1.292"/>
  <testcase name="GetUser_By_Latest_Message_Not_Enrolled_403" classname="Collection.GetUsers_By_Latest_Messages_Not_Enrolled" time="2.704"/>
  <testcase name="GetUser_By_Latest_Message_Not_Enrolled_404" classname="Collection.GetUsers_By_Latest_Messages_Not_Enrolled" time="0">
    <skipped message="expected: &lt;400&gt; but was: &lt;404&gt;"/>
    <system-out><![CDATA[**************************************** GetUser_By_Latest_Message_Not_Enrolled_404 Started  ************************************** 
Request method:	POST
Request URI:	https://qa-backend.nexus360.mobi/api/authentication
Proxy:			<none>
Request params:	<none>
Query params:	<none>
Form params:	<none>
Path params:	<none>
Headers:		Accept=*/*
				Content-Type=application/json
Cookies:		<none>
Multiparts:		<none>
Body:
{
    "loginId": "admin@ebanqo.com",
    "password": "12345678"
}
HTTP/1.1 400 Bad Request
Date: Sat, 05 Feb 2022 09:29:41 GMT
Content-Type: application/json; charset=utf-8
Content-Length: 62
Connection: keep-alive
Set-Cookie: AWSALB=VCnT/C0GbZEj5+ReVg66lzwjsx45SJD3XYe55N262IFwio13ufvFc17O8WfRwVEsYkZAlqe7l70v+TAvQKO42itow5Vt4nEGEZTGhMQXeNzMRYYttQtJUsq6GTer; Expires=Sat, 12 Feb 2022 09:29:41 GMT; Path=/
Set-Cookie: AWSALBCORS=VCnT/C0GbZEj5+ReVg66lzwjsx45SJD3XYe55N262IFwio13ufvFc17O8WfRwVEsYkZAlqe7l70v+TAvQKO42itow5Vt4nEGEZTGhMQXeNzMRYYttQtJUsq6GTer; Expires=Sat, 12 Feb 2022 09:29:41 GMT; Path=/; SameSite=None; Secure
X-Powered-By: Express
Access-Control-Allow-Origin: *
ETag: W/"3e-YxTkT+Wyx+K5joYry/o1QSrNseU"

{
    "status": "fail",
    "data": "agent_id or agent_code is not valid"
}
***************************Skipped********************* GetUser_By_Latest_Message_Not_Enrolled_404  Sat Feb 05 10:29:39 WAT 2022 ********Skipped************ 


]]></system-out>
  </testcase>
  <testcase name="GetUser_By_Latest_Message_Not_Enrolled_404" classname="Collection.GetUsers_By_Latest_Messages_Not_Enrolled" time="4.34">
    <failure message="expected: &lt;400&gt; but was: &lt;404&gt;" type="org.opentest4j.AssertionFailedError"><![CDATA[org.opentest4j.AssertionFailedError: expected: <400> but was: <404>
	at Collection.GetUsers_By_Latest_Messages_Not_Enrolled.GetUser_By_Latest_Message_Not_Enrolled_404(GetUsers_By_Latest_Messages_Not_Enrolled.java:84)
]]></failure>
    <system-out><![CDATA[**************************************** GetUser_By_Latest_Message_Not_Enrolled_404 Started  ************************************** 
Request method:	POST
Request URI:	https://qa-backend.nexus360.mobi/api/authentication
Proxy:			<none>
Request params:	<none>
Query params:	<none>
Form params:	<none>
Path params:	<none>
Headers:		Accept=*/*
				Content-Type=application/json
Cookies:		<none>
Multiparts:		<none>
Body:
{
    "loginId": "admin@ebanqo.com",
    "password": "12345678"
}
HTTP/1.1 400 Bad Request
Date: Sat, 05 Feb 2022 09:29:46 GMT
Content-Type: application/json; charset=utf-8
Content-Length: 62
Connection: keep-alive
Set-Cookie: AWSALB=oKW/1j35YlgxsbBrjSuBIXGIVznEmUPIFViIvjTOQ0R4E1vIqDYaOjCMSh3N7q6VSVZhJRTRENZXNqIA4ZDFOCtmiQnHlIgcuqBtk6qdzqzPh5YbCqy+iVWbbcEN; Expires=Sat, 12 Feb 2022 09:29:46 GMT; Path=/
Set-Cookie: AWSALBCORS=oKW/1j35YlgxsbBrjSuBIXGIVznEmUPIFViIvjTOQ0R4E1vIqDYaOjCMSh3N7q6VSVZhJRTRENZXNqIA4ZDFOCtmiQnHlIgcuqBtk6qdzqzPh5YbCqy+iVWbbcEN; Expires=Sat, 12 Feb 2022 09:29:46 GMT; Path=/; SameSite=None; Secure
X-Powered-By: Express
Access-Control-Allow-Origin: *
ETag: W/"3e-YxTkT+Wyx+K5joYry/o1QSrNseU"

{
    "status": "fail",
    "data": "agent_id or agent_code is not valid"
}
**********Failed********************* GetUser_By_Latest_Message_Not_Enrolled_404  Sat Feb 05 10:29:44 WAT 2022 **********Failed************* 
 

]]></system-out>
  </testcase>
  <testcase name="GetUserSession_Message_200" classname="Collection.GetUserSession_Message" time="4.826"/>
  <testcase name="GetUserSession_Message_401" classname="Collection.GetUserSession_Message" time="1.493"/>
  <testcase name="GetUserSession_Message_403" classname="Collection.GetUserSession_Message" time="2.719"/>
  <testcase name="GetUserSession_Message_404" classname="Collection.GetUserSession_Message" time="4.435"/>
  <testcase name="GetUserSessionWebhook_200" classname="Collection.GetUserSessionWebhook" time="4.725"/>
  <testcase name="GetUserSessionWebhook_401" classname="Collection.GetUserSessionWebhook" time="1.384"/>
  <testcase name="GetUserSessionWebhook_403" classname="Collection.GetUserSessionWebhook" time="3.753"/>
  <testcase name="GetUserSessionWebhook_400" classname="Collection.GetUserSessionWebhook" time="0">
    <skipped message="expected: &lt;400&gt; but was: &lt;404&gt;"/>
    <system-out><![CDATA[**************************************** GetUserSessionWebhook_400 Started  ************************************** 
Request method:	POST
Request URI:	https://qa-backend.nexus360.mobi/api/authentication
Proxy:			<none>
Request params:	<none>
Query params:	<none>
Form params:	<none>
Path params:	<none>
Headers:		Accept=*/*
				Content-Type=application/json
Cookies:		<none>
Multiparts:		<none>
Body:
{
    "loginId": "admin@ebanqo.com",
    "password": "12345678"
}
HTTP/1.1 400 Bad Request
Date: Sat, 05 Feb 2022 09:30:18 GMT
Content-Type: application/json; charset=utf-8
Content-Length: 47
Connection: keep-alive
Set-Cookie: AWSALB=0axQ7V0NJik/qa7EDLyi4LOoWPFB76zJ+i/fLHLNWedjFBFu6hUvf8ULxzO5yqnxMYMu8ijFP1OSD8ZFy63bCX+DLYLYXGIwxnLvYHcwSq+sAuXLZPouOb3VhN8W; Expires=Sat, 12 Feb 2022 09:30:18 GMT; Path=/
Set-Cookie: AWSALBCORS=0axQ7V0NJik/qa7EDLyi4LOoWPFB76zJ+i/fLHLNWedjFBFu6hUvf8ULxzO5yqnxMYMu8ijFP1OSD8ZFy63bCX+DLYLYXGIwxnLvYHcwSq+sAuXLZPouOb3VhN8W; Expires=Sat, 12 Feb 2022 09:30:18 GMT; Path=/; SameSite=None; Secure
X-Powered-By: Express
Access-Control-Allow-Origin: *
ETag: W/"2f-Z8M3vAXY7nHGCGsFCMeR1A1UAW0"

{
    "status": "fail",
    "data": "No data is available"
}
***************************Skipped********************* GetUserSessionWebhook_400  Sat Feb 05 10:30:16 WAT 2022 ********Skipped************ 


]]></system-out>
  </testcase>
  <testcase name="GetUserSessionWebhook_400" classname="Collection.GetUserSessionWebhook" time="4.248">
    <failure message="expected: &lt;400&gt; but was: &lt;404&gt;" type="org.opentest4j.AssertionFailedError"><![CDATA[org.opentest4j.AssertionFailedError: expected: <400> but was: <404>
	at Collection.GetUserSessionWebhook.GetUserSessionWebhook_400(GetUserSessionWebhook.java:54)
]]></failure>
    <system-out><![CDATA[**************************************** GetUserSessionWebhook_400 Started  ************************************** 
Request method:	POST
Request URI:	https://qa-backend.nexus360.mobi/api/authentication
Proxy:			<none>
Request params:	<none>
Query params:	<none>
Form params:	<none>
Path params:	<none>
Headers:		Accept=*/*
				Content-Type=application/json
Cookies:		<none>
Multiparts:		<none>
Body:
{
    "loginId": "admin@ebanqo.com",
    "password": "12345678"
}
HTTP/1.1 400 Bad Request
Date: Sat, 05 Feb 2022 09:30:22 GMT
Content-Type: application/json; charset=utf-8
Content-Length: 47
Connection: keep-alive
Set-Cookie: AWSALB=TGZBqVqcLheIoBTzCXSDBte9ySsTkUK7lOICcnTntF6pMyCi+O8Iq6Yidh2McZOGjVpN/HC2i/JpmlfrZN6F9u4ihujlbknDIq3QL/YkUk2sxWPoFuqMVw4co+Vq; Expires=Sat, 12 Feb 2022 09:30:22 GMT; Path=/
Set-Cookie: AWSALBCORS=TGZBqVqcLheIoBTzCXSDBte9ySsTkUK7lOICcnTntF6pMyCi+O8Iq6Yidh2McZOGjVpN/HC2i/JpmlfrZN6F9u4ihujlbknDIq3QL/YkUk2sxWPoFuqMVw4co+Vq; Expires=Sat, 12 Feb 2022 09:30:22 GMT; Path=/; SameSite=None; Secure
X-Powered-By: Express
Access-Control-Allow-Origin: *
ETag: W/"2f-Z8M3vAXY7nHGCGsFCMeR1A1UAW0"

{
    "status": "fail",
    "data": "No data is available"
}
**********Failed********************* GetUserSessionWebhook_400  Sat Feb 05 10:30:20 WAT 2022 **********Failed************* 
 

]]></system-out>
  </testcase>
  <testcase name="List_KnowledgeBase_200" classname="Collection.List_KnowledgeBase" time="4.216"/>
  <testcase name="List_KnowledgeBase_401" classname="Collection.List_KnowledgeBase" time="1.5"/>
  <testcase name="List_KnowledgeBase_403" classname="Collection.List_KnowledgeBase" time="3.307"/>
  <testcase name="List_KnowledgeBase_400" classname="Collection.List_KnowledgeBase" time="3.949"/>
  <testcase name="MessageReply_200" classname="Collection.MessageReply" time="4.81"/>
  <testcase name="MessageReply_401" classname="Collection.MessageReply" time="1.721"/>
  <testcase name="MessageReply_403" classname="Collection.MessageReply" time="3.112"/>
  <testcase name="MessageReply_400" classname="Collection.MessageReply" time="4.754"/>
  <testcase name="SaveChannel_200" classname="Collection.SaveChannel" time="3.804"/>
  <testcase name="SaveChannel_401" classname="Collection.SaveChannel" time="1.607"/>
  <testcase name="SaveChannel_403" classname="Collection.SaveChannel" time="3.017"/>
  <testcase name="Search_Failed_Response_200" classname="Collection.Search_Failed_Response" time="4.655"/>
  <testcase name="Search_Failed_Response_401" classname="Collection.Search_Failed_Response" time="1.37"/>
  <testcase name="Search_Failed_Response_403" classname="Collection.Search_Failed_Response" time="3.573"/>
  <testcase name="Search_Services_200" classname="Collection.Search_Services" time="4.155"/>
  <testcase name="Search_Services_401" classname="Collection.Search_Services" time="1.456"/>
  <testcase name="Search_Services_403" classname="Collection.Search_Services" time="3.134"/>
  <testcase name="SearchKnowledgeBase_200" classname="Collection.SearchKnowledgeBase" time="4.349"/>
  <testcase name="SearchKnowledgeBase_401" classname="Collection.SearchKnowledgeBase" time="1.598"/>
  <testcase name="SearchUser_403" classname="Collection.SearchKnowledgeBase" time="3.111"/>
  <testcase name="SearchUser_200" classname="Collection.SearchUser" time="4.58"/>
  <testcase name="SearchUser_401" classname="Collection.SearchUser" time="1.508"/>
  <testcase name="SearchUser_403" classname="Collection.SearchUser" time="3.352"/>
  <testcase name="Send_Message_Support_200" classname="Collection.Send_Message_Support" time="0">
    <skipped message="3 expectations failed.&#10;Expected status code &lt;200&gt; but was &lt;404&gt;.&#10;&#10;Expected status line &quot;HTTP/1.1 200 OK&quot; doesn&apos;t match actual status line &quot;HTTP/1.1 404 Not Found&quot;.&#10;&#10;Expected content-type &quot;JSON&quot; doesn&apos;t match actual content-type &quot;text/html; charset=utf-8&quot;.&#10;"/>
    <system-out><![CDATA[===== Invoked methods
    SearchUser.SearchUser_200()[pri:1, instance:Collection.SearchUser@1fde5d22]
    SearchUser.SearchUser_401()[pri:2, instance:Collection.SearchUser@1fde5d22]
    SearchUser.SearchUser_403()[pri:3, instance:Collection.SearchUser@1fde5d22]
=====
PASSED: SearchUser_403
PASSED: SearchUser_200
PASSED: SearchUser_401

===============================================
    Search User
    Tests run: 3, Failures: 0, Skips: 0
===============================================

**************************************** Send_Message_Support_200 Started  ************************************** 
Request method:	POST
Request URI:	https://qa-backend.nexus360.mobi/api/authentication
Proxy:			<none>
Request params:	<none>
Query params:	<none>
Form params:	<none>
Path params:	<none>
Headers:		Accept=*/*
				Content-Type=application/json
Cookies:		<none>
Multiparts:		<none>
Body:
{
    "loginId": "admin@ebanqo.com",
    "password": "12345678"
}
Request method:	PUT
Request URI:	https://qa-be.ebanqo.io/support/sendmessage
Proxy:			<none>
Request params:	<none>
Query params:	<none>
Form params:	<none>
Path params:	<none>
Headers:		token=eyJhbGciOiJIUzI1NiIsInR5cCI6IkpXVCJ9.eyJ1bmlxdWVfbmFtZSI6ImFkbWluQGViYW5xby5jb20iLCJodHRwOi8vc2NoZW1hcy5taWNyb3NvZnQuY29tL3dzLzIwMDgvMDYvaWRlbnRpdHkvY2xhaW1zL3VzZXJkYXRhIjoie1wiaWRcIjoxLFwiZ3VpZFwiOlwiOTQ2ODk3OTItYjBhMi00MzY4LWExMDktYWRhNDUwY2U3OWMyXCIsXCJ0aXRsZVwiOlwiTXIuXCIsXCJmaXJzdE5hbWVcIjpcImVCYW5xb1wiLFwibGFzdE5hbWVcIjpcIkFkbWluXCIsXCJwaG9uZVwiOlwiOTIzMzM4MTI1NTc1XCIsXCJjb3VudHJ5XCI6bnVsbCxcImNvdW50cnlDb2RlXCI6bnVsbCxcInN0YWtlaG9sZGVyXCI6XCJlQmFucW8gSW5jLlwiLFwic3Rha2Vob2xkZXJJZFwiOjEsXCJpbmR1c3RyeUlkXCI6NyxcInN0YWtlaG9sZGVyQ29kZVwiOlwiRUJRXCIsXCJwbGFuQ29kZVwiOm51bGwsXCJsb2dpbklkXCI6XCJhZG1pbkBlYmFucW8uY29tXCIsXCJpc0FkbWluXCI6dHJ1ZSxcInByb2ZpbGVQaG90b1wiOlwibm9zdHJ1ZFwiLFwidG9rZW5cIjpudWxsLFwicmVmcmVzaEtleVwiOm51bGwsXCJsYXN0TG9naW5BdFwiOlwiMjAyMi0wMi0wNVQwOTozMToyOFwiLFwicm9sZVBlcm1pc3Npb25zXCI6bnVsbCxcInVzZXJSb2xlc1wiOm51bGwsXCJ1c2VyUGVybWlzc2lvbnNcIjpudWxsLFwiZGFzaGJvYXJkXCI6bnVsbH0iLCJuYmYiOjE2NDQwNTM0MzksImV4cCI6MTY0NDA1NzA5OSwiaWF0IjoxNjQ0MDUzNDk5fQ.GJ4sLRuAV65xqd-Jcv_fMK6ZNq3CnqznRZ0vKlA1IeU
				Accept=*/*
				Content-Type=application/json
Cookies:		<none>
Multiparts:		<none>
Body:
{
    "agent_id": 5,
    "user_code": "fd840300850c1610099107553",
    "platform": "webchat",
    "message": "This is just a postman test message",
    "support_id": 50
}
HTTP/1.1 404 Not Found
Date: Sat, 05 Feb 2022 09:31:53 GMT
Content-Type: text/html; charset=utf-8
Content-Length: 158
Connection: keep-alive
Set-Cookie: AWSALB=UoAkg7nokv68aW854jrkY83qMiWTb3+2kOX+E6igda9u54MN0Rvemvt/GB2X2gKsSTFv7aAfygcShijS0W2vbfIOoaoHe6BMtFCgtWAO737EiUzHOUoCH6yUNHPj; Expires=Sat, 12 Feb 2022 09:31:53 GMT; Path=/
Set-Cookie: AWSALBCORS=UoAkg7nokv68aW854jrkY83qMiWTb3+2kOX+E6igda9u54MN0Rvemvt/GB2X2gKsSTFv7aAfygcShijS0W2vbfIOoaoHe6BMtFCgtWAO737EiUzHOUoCH6yUNHPj; Expires=Sat, 12 Feb 2022 09:31:53 GMT; Path=/; SameSite=None; Secure
X-Powered-By: Express
Access-Control-Allow-Origin: *
Content-Security-Policy: default-src 'none'
X-Content-Type-Options: nosniff

<html lang="en">
  <head>
    <meta charset="utf-8"/>
    <title>Error</title>
  </head>
  <body>
    <pre>Cannot PUT /support/sendmessage</pre>
  </body>
</html>
***************************Skipped********************* Send_Message_Support_200  Sat Feb 05 10:31:51 WAT 2022 ********Skipped************ 


]]></system-out>
  </testcase>
  <testcase name="Send_Message_Support_200" classname="Collection.Send_Message_Support" time="4.057">
    <failure message="3 expectations failed.&#10;Expected status code &lt;200&gt; but was &lt;404&gt;.&#10;&#10;Expected status line &quot;HTTP/1.1 200 OK&quot; doesn&apos;t match actual status line &quot;HTTP/1.1 404 Not Found&quot;.&#10;&#10;Expected content-type &quot;JSON&quot; doesn&apos;t match actual content-type &quot;text/html; charset=utf-8&quot;.&#10;" type="java.lang.AssertionError"><![CDATA[java.lang.AssertionError: 
3 expectations failed.
Expected status code <200> but was <404>.

Expected status line "HTTP/1.1 200 OK" doesn't match actual status line "HTTP/1.1 404 Not Found".

Expected content-type "JSON" doesn't match actual content-type "text/html; charset=utf-8".

	at Collection.Send_Message_Support.Send_Message_Support_200(Send_Message_Support.java:24)
]]></failure>
    <system-out><![CDATA[**************************************** Send_Message_Support_200 Started  ************************************** 
Request method:	POST
Request URI:	https://qa-backend.nexus360.mobi/api/authentication
Proxy:			<none>
Request params:	<none>
Query params:	<none>
Form params:	<none>
Path params:	<none>
Headers:		Accept=*/*
				Content-Type=application/json
Cookies:		<none>
Multiparts:		<none>
Body:
{
    "loginId": "admin@ebanqo.com",
    "password": "12345678"
}
Request method:	PUT
Request URI:	https://qa-be.ebanqo.io/support/sendmessage
Proxy:			<none>
Request params:	<none>
Query params:	<none>
Form params:	<none>
Path params:	<none>
Headers:		token=eyJhbGciOiJIUzI1NiIsInR5cCI6IkpXVCJ9.eyJ1bmlxdWVfbmFtZSI6ImFkbWluQGViYW5xby5jb20iLCJodHRwOi8vc2NoZW1hcy5taWNyb3NvZnQuY29tL3dzLzIwMDgvMDYvaWRlbnRpdHkvY2xhaW1zL3VzZXJkYXRhIjoie1wiaWRcIjoxLFwiZ3VpZFwiOlwiOTQ2ODk3OTItYjBhMi00MzY4LWExMDktYWRhNDUwY2U3OWMyXCIsXCJ0aXRsZVwiOlwiTXIuXCIsXCJmaXJzdE5hbWVcIjpcImVCYW5xb1wiLFwibGFzdE5hbWVcIjpcIkFkbWluXCIsXCJwaG9uZVwiOlwiOTIzMzM4MTI1NTc1XCIsXCJjb3VudHJ5XCI6bnVsbCxcImNvdW50cnlDb2RlXCI6bnVsbCxcInN0YWtlaG9sZGVyXCI6XCJlQmFucW8gSW5jLlwiLFwic3Rha2Vob2xkZXJJZFwiOjEsXCJpbmR1c3RyeUlkXCI6NyxcInN0YWtlaG9sZGVyQ29kZVwiOlwiRUJRXCIsXCJwbGFuQ29kZVwiOm51bGwsXCJsb2dpbklkXCI6XCJhZG1pbkBlYmFucW8uY29tXCIsXCJpc0FkbWluXCI6dHJ1ZSxcInByb2ZpbGVQaG90b1wiOlwibm9zdHJ1ZFwiLFwidG9rZW5cIjpudWxsLFwicmVmcmVzaEtleVwiOm51bGwsXCJsYXN0TG9naW5BdFwiOlwiMjAyMi0wMi0wNVQwOTozMTozOVwiLFwicm9sZVBlcm1pc3Npb25zXCI6bnVsbCxcInVzZXJSb2xlc1wiOm51bGwsXCJ1c2VyUGVybWlzc2lvbnNcIjpudWxsLFwiZGFzaGJvYXJkXCI6bnVsbH0iLCJuYmYiOjE2NDQwNTM0NTYsImV4cCI6MTY0NDA1NzExNiwiaWF0IjoxNjQ0MDUzNTE2fQ.VA4hxbQHavWprMgBV-mVSH6DZEFlOUsK1Cl5OR15ySg
				Accept=*/*
				Content-Type=application/json
Cookies:		<none>
Multiparts:		<none>
Body:
{
    "agent_id": 5,
    "user_code": "fd840300850c1610099107553",
    "platform": "webchat",
    "message": "This is just a postman test message",
    "support_id": 50
}
HTTP/1.1 404 Not Found
Date: Sat, 05 Feb 2022 09:31:58 GMT
Content-Type: text/html; charset=utf-8
Content-Length: 158
Connection: keep-alive
Set-Cookie: AWSALB=FKKcn1C4XjvguEDndS1m6KvlOQj44e0xdOaM9Ok2a1JqvOJvIichyF2XW0Ow0Eu2/nlBU+xwJNJq2u5C79B6SrFMogXChopJXG6t3GCsY5J1Ll5yUFkbbdeGGU98; Expires=Sat, 12 Feb 2022 09:31:58 GMT; Path=/
Set-Cookie: AWSALBCORS=FKKcn1C4XjvguEDndS1m6KvlOQj44e0xdOaM9Ok2a1JqvOJvIichyF2XW0Ow0Eu2/nlBU+xwJNJq2u5C79B6SrFMogXChopJXG6t3GCsY5J1Ll5yUFkbbdeGGU98; Expires=Sat, 12 Feb 2022 09:31:58 GMT; Path=/; SameSite=None; Secure
X-Powered-By: Express
Access-Control-Allow-Origin: *
Content-Security-Policy: default-src 'none'
X-Content-Type-Options: nosniff

<html lang="en">
  <head>
    <meta charset="utf-8"/>
    <title>Error</title>
  </head>
  <body>
    <pre>Cannot PUT /support/sendmessage</pre>
  </body>
</html>
**********Failed********************* Send_Message_Support_200  Sat Feb 05 10:31:56 WAT 2022 **********Failed************* 
 

]]></system-out>
  </testcase>
  <testcase name="Send_Message_Support_401" classname="Collection.Send_Message_Support" time="1.358"/>
  <testcase name="Send_Message_Support_403" classname="Collection.Send_Message_Support" time="3.368"/>
  <testcase name="Send_Message_Support_404" classname="Collection.Send_Message_Support" time="4.123"/>
  <testcase name="SendNotification_200" classname="Collection.SendNotification" time="4.249"/>
  <testcase name="SendNotification_401" classname="Collection.SendNotification" time="1.939"/>
  <testcase name="SendNotification_403" classname="Collection.SendNotification" time="2.845"/>
  <testcase name="SendNotification_400" classname="Collection.SendNotification" time="4.205"/>
  <testcase name="SendTemplateImage_200" classname="Collection.SendTemplateImage" time="4.138"/>
  <testcase name="SendTemplateImage_401" classname="Collection.SendTemplateImage" time="1.507"/>
  <testcase name="SendTemplateImage_403" classname="Collection.SendTemplateImage" time="3.361"/>
  <testcase name="SendTemplateImage_400" classname="Collection.SendTemplateImage" time="4.041"/>
  <testcase name="SendTemplateMessage_TemplateID_200" classname="Collection.SendTemplateMessage_TemplateID" time="4.217"/>
  <testcase name="SendTemplateMessage_TemplateID_401" classname="Collection.SendTemplateMessage_TemplateID" time="1.43"/>
  <testcase name="SendTemplateMessage_TemplateID_403" classname="Collection.SendTemplateMessage_TemplateID" time="3.187"/>
  <testcase name="SendTemplateMessage_TemplateID_400" classname="Collection.SendTemplateMessage_TemplateID" time="4.278"/>
  <testcase name="SendTemplateMessageInteractiveText_200" classname="Collection.SendTemplateMessageInteractiveText" time="4.366"/>
  <testcase name="SendTemplateMessageInteractiveText_401" classname="Collection.SendTemplateMessageInteractiveText" time="1.605"/>
  <testcase name="SendTemplateMessageInteractiveText_403" classname="Collection.SendTemplateMessageInteractiveText" time="3.325"/>
  <testcase name="SendTemplateMessageOnly_200" classname="Collection.SendTemplateMessageOnly" time="4.404"/>
  <testcase name="SendTemplateMessageOnly_401" classname="Collection.SendTemplateMessageOnly" time="1.917"/>
  <testcase name="SendTemplateMessageOnly_403" classname="Collection.SendTemplateMessageOnly" time="3.222"/>
  <testcase name="SendTemplateMessageOnly_400" classname="Collection.SendTemplateMessageOnly" time="3.888"/>
  <testcase name="SetUp_Template_200" classname="Collection.SetUp_Template" time="6.4"/>
  <testcase name="SetUp_Template_401" classname="Collection.SetUp_Template" time="1.605"/>
  <testcase name="SetUp_Template_403" classname="Collection.SetUp_Template" time="3.475"/>
  <testcase name="SetUp_Template_400" classname="Collection.SetUp_Template" time="3.889"/>
  <testcase name="TriggerIntent_200" classname="Collection.TriggerIntent" time="4.217"/>
  <testcase name="TriggerIntent_401" classname="Collection.TriggerIntent" time="1.65"/>
  <testcase name="TriggerIntent_403" classname="Collection.TriggerIntent" time="3.3"/>
  <testcase name="TriggerIntent_400" classname="Collection.TriggerIntent" time="4.074"/>
  <testcase name="TriggerIntent_Client_200" classname="Collection.TriggerIntent_Client" time="0">
    <skipped message="2 expectations failed.&#10;Expected status code &lt;200&gt; but was &lt;400&gt;.&#10;&#10;Expected status line &quot;HTTP/1.1 200 OK&quot; doesn&apos;t match actual status line &quot;HTTP/1.1 400 Bad Request&quot;.&#10;"/>
    <system-out><![CDATA[===== Invoked methods
    TriggerIntent.TriggerIntent_200()[pri:1, instance:Collection.TriggerIntent@421bba99]
    TriggerIntent.TriggerIntent_401()[pri:2, instance:Collection.TriggerIntent@421bba99]
    TriggerIntent.TriggerIntent_403()[pri:3, instance:Collection.TriggerIntent@421bba99]
    TriggerIntent.TriggerIntent_400()[pri:5, instance:Collection.TriggerIntent@421bba99]
=====
PASSED: TriggerIntent_401
PASSED: TriggerIntent_400
PASSED: TriggerIntent_200
PASSED: TriggerIntent_403

===============================================
    Trigger Intent
    Tests run: 4, Failures: 0, Skips: 0
===============================================

**************************************** TriggerIntent_Client_200 Started  ************************************** 
Request method:	POST
Request URI:	https://qa-backend.nexus360.mobi/api/authentication
Proxy:			<none>
Request params:	<none>
Query params:	<none>
Form params:	<none>
Path params:	<none>
Headers:		Accept=*/*
				Content-Type=application/json
Cookies:		<none>
Multiparts:		<none>
Body:
{
    "loginId": "admin@ebanqo.com",
    "password": "12345678"
}
Request method:	POST
Request URI:	https://qa-be.ebanqo.io/intent/trigger
Proxy:			<none>
Request params:	<none>
Query params:	<none>
Form params:	<none>
Path params:	<none>
Headers:		token=eyJhbGciOiJIUzI1NiIsInR5cCI6IkpXVCJ9.eyJ1bmlxdWVfbmFtZSI6ImFkbWluQGViYW5xby5jb20iLCJodHRwOi8vc2NoZW1hcy5taWNyb3NvZnQuY29tL3dzLzIwMDgvMDYvaWRlbnRpdHkvY2xhaW1zL3VzZXJkYXRhIjoie1wiaWRcIjoxLFwiZ3VpZFwiOlwiOTQ2ODk3OTItYjBhMi00MzY4LWExMDktYWRhNDUwY2U3OWMyXCIsXCJ0aXRsZVwiOlwiTXIuXCIsXCJmaXJzdE5hbWVcIjpcImVCYW5xb1wiLFwibGFzdE5hbWVcIjpcIkFkbWluXCIsXCJwaG9uZVwiOlwiOTIzMzM4MTI1NTc1XCIsXCJjb3VudHJ5XCI6bnVsbCxcImNvdW50cnlDb2RlXCI6bnVsbCxcInN0YWtlaG9sZGVyXCI6XCJlQmFucW8gSW5jLlwiLFwic3Rha2Vob2xkZXJJZFwiOjEsXCJpbmR1c3RyeUlkXCI6NyxcInN0YWtlaG9sZGVyQ29kZVwiOlwiRUJRXCIsXCJwbGFuQ29kZVwiOm51bGwsXCJsb2dpbklkXCI6XCJhZG1pbkBlYmFucW8uY29tXCIsXCJpc0FkbWluXCI6dHJ1ZSxcInByb2ZpbGVQaG90b1wiOlwibm9zdHJ1ZFwiLFwidG9rZW5cIjpudWxsLFwicmVmcmVzaEtleVwiOm51bGwsXCJsYXN0TG9naW5BdFwiOlwiMjAyMi0wMi0wNVQwOTozMzo1M1wiLFwicm9sZVBlcm1pc3Npb25zXCI6bnVsbCxcInVzZXJSb2xlc1wiOm51bGwsXCJ1c2VyUGVybWlzc2lvbnNcIjpudWxsLFwiZGFzaGJvYXJkXCI6bnVsbH0iLCJuYmYiOjE2NDQwNTM1NjUsImV4cCI6MTY0NDA1NzIyNSwiaWF0IjoxNjQ0MDUzNjI1fQ.mGX_Jdr6FxTKyDYV286Wseqh5hug_exgxeQwPLoHXAg
				Accept=*/*
				Content-Type=application/json
Cookies:		<none>
Multiparts:		<none>
Body:
{
    "platform": "facebook",
    "agent_code": "EBQ59LGX3L2",
    "message": "New Enrollee",
    "identifier": "toyosio@ebanqo.com"
}
HTTP/1.1 400 Bad Request
Date: Sat, 05 Feb 2022 09:33:59 GMT
Content-Type: application/json; charset=utf-8
Content-Length: 47
Connection: keep-alive
Set-Cookie: AWSALB=wiD8z1U3JJUhD8qjWtFXcGPC5RP3Fa6BwHQ10yo3DJdM2CIeGhpsQum6Yzm1qXJskxOEoMaa5IO75UE43LblF8UUPpfbpwH9bONoElqFISHfZ423A02HSkXppgnD; Expires=Sat, 12 Feb 2022 09:33:59 GMT; Path=/
Set-Cookie: AWSALBCORS=wiD8z1U3JJUhD8qjWtFXcGPC5RP3Fa6BwHQ10yo3DJdM2CIeGhpsQum6Yzm1qXJskxOEoMaa5IO75UE43LblF8UUPpfbpwH9bONoElqFISHfZ423A02HSkXppgnD; Expires=Sat, 12 Feb 2022 09:33:59 GMT; Path=/; SameSite=None; Secure
X-Powered-By: Express
Access-Control-Allow-Origin: *
ETag: W/"2f-Z8M3vAXY7nHGCGsFCMeR1A1UAW0"

{
    "status": "fail",
    "data": "No data is available"
}
***************************Skipped********************* TriggerIntent_Client_200  Sat Feb 05 10:33:57 WAT 2022 ********Skipped************ 


]]></system-out>
  </testcase>
  <testcase name="TriggerIntent_Client_200" classname="Collection.TriggerIntent_Client" time="24.676">
    <failure message="2 expectations failed.&#10;Expected status code &lt;200&gt; but was &lt;400&gt;.&#10;&#10;Expected status line &quot;HTTP/1.1 200 OK&quot; doesn&apos;t match actual status line &quot;HTTP/1.1 400 Bad Request&quot;.&#10;" type="java.lang.AssertionError"><![CDATA[java.lang.AssertionError: 
2 expectations failed.
Expected status code <200> but was <400>.

Expected status line "HTTP/1.1 200 OK" doesn't match actual status line "HTTP/1.1 400 Bad Request".

	at Collection.TriggerIntent_Client.TriggerIntent_Client_200(TriggerIntent_Client.java:27)
]]></failure>
    <system-out><![CDATA[**************************************** TriggerIntent_Client_200 Started  ************************************** 
Request method:	POST
Request URI:	https://qa-backend.nexus360.mobi/api/authentication
Proxy:			<none>
Request params:	<none>
Query params:	<none>
Form params:	<none>
Path params:	<none>
Headers:		Accept=*/*
				Content-Type=application/json
Cookies:		<none>
Multiparts:		<none>
Body:
{
    "loginId": "admin@ebanqo.com",
    "password": "12345678"
}
Request method:	POST
Request URI:	https://qa-be.ebanqo.io/intent/trigger
Proxy:			<none>
Request params:	<none>
Query params:	<none>
Form params:	<none>
Path params:	<none>
Headers:		token=eyJhbGciOiJIUzI1NiIsInR5cCI6IkpXVCJ9.eyJ1bmlxdWVfbmFtZSI6ImFkbWluQGViYW5xby5jb20iLCJodHRwOi8vc2NoZW1hcy5taWNyb3NvZnQuY29tL3dzLzIwMDgvMDYvaWRlbnRpdHkvY2xhaW1zL3VzZXJkYXRhIjoie1wiaWRcIjoxLFwiZ3VpZFwiOlwiOTQ2ODk3OTItYjBhMi00MzY4LWExMDktYWRhNDUwY2U3OWMyXCIsXCJ0aXRsZVwiOlwiTXIuXCIsXCJmaXJzdE5hbWVcIjpcImVCYW5xb1wiLFwibGFzdE5hbWVcIjpcIkFkbWluXCIsXCJwaG9uZVwiOlwiOTIzMzM4MTI1NTc1XCIsXCJjb3VudHJ5XCI6bnVsbCxcImNvdW50cnlDb2RlXCI6bnVsbCxcInN0YWtlaG9sZGVyXCI6XCJlQmFucW8gSW5jLlwiLFwic3Rha2Vob2xkZXJJZFwiOjEsXCJpbmR1c3RyeUlkXCI6NyxcInN0YWtlaG9sZGVyQ29kZVwiOlwiRUJRXCIsXCJwbGFuQ29kZVwiOm51bGwsXCJsb2dpbklkXCI6XCJhZG1pbkBlYmFucW8uY29tXCIsXCJpc0FkbWluXCI6dHJ1ZSxcInByb2ZpbGVQaG90b1wiOlwibm9zdHJ1ZFwiLFwidG9rZW5cIjpudWxsLFwicmVmcmVzaEtleVwiOm51bGwsXCJsYXN0TG9naW5BdFwiOlwiMjAyMi0wMi0wNVQwOTozMzo0NVwiLFwicm9sZVBlcm1pc3Npb25zXCI6bnVsbCxcInVzZXJSb2xlc1wiOm51bGwsXCJ1c2VyUGVybWlzc2lvbnNcIjpudWxsLFwiZGFzaGJvYXJkXCI6bnVsbH0iLCJuYmYiOjE2NDQwNTM2MDMsImV4cCI6MTY0NDA1NzI2MywiaWF0IjoxNjQ0MDUzNjYzfQ.tN8V3pCrD9qiggj6PHhhN2m7ulsDj8VyEOmUA1lzq4M
				Accept=*/*
				Content-Type=application/json
Cookies:		<none>
Multiparts:		<none>
Body:
{
    "platform": "facebook",
    "agent_code": "EBQ59LGX3L2",
    "message": "New Enrollee",
    "identifier": "toyosio@ebanqo.com"
}
HTTP/1.1 400 Bad Request
Date: Sat, 05 Feb 2022 09:34:24 GMT
Content-Type: application/json; charset=utf-8
Content-Length: 47
Connection: keep-alive
Set-Cookie: AWSALB=VIonF0IdYU9PdMCMUzz2+4G4vuNDsM8gUyztPDvB9DLrfnIPD8mBXRF0DS2jETg9DR/bDfBxxotFGW14GB8m1ab+Py//Ml5lL5gHgyDHymYUd68XtzmqowPVApnx; Expires=Sat, 12 Feb 2022 09:34:24 GMT; Path=/
Set-Cookie: AWSALBCORS=VIonF0IdYU9PdMCMUzz2+4G4vuNDsM8gUyztPDvB9DLrfnIPD8mBXRF0DS2jETg9DR/bDfBxxotFGW14GB8m1ab+Py//Ml5lL5gHgyDHymYUd68XtzmqowPVApnx; Expires=Sat, 12 Feb 2022 09:34:24 GMT; Path=/; SameSite=None; Secure
X-Powered-By: Express
Access-Control-Allow-Origin: *
ETag: W/"2f-Z8M3vAXY7nHGCGsFCMeR1A1UAW0"

{
    "status": "fail",
    "data": "No data is available"
}
**********Failed********************* TriggerIntent_Client_200  Sat Feb 05 10:34:22 WAT 2022 **********Failed************* 
 

]]></system-out>
  </testcase>
  <testcase name="TriggerIntent_Client_401" classname="Collection.TriggerIntent_Client" time="1.702"/>
  <testcase name="TriggerIntent_Client_403" classname="Collection.TriggerIntent_Client" time="3.668"/>
  <testcase name="TriggerIntent_Client_400" classname="Collection.TriggerIntent_Client" time="4.276"/>
  <testcase name="UpdateNoMessage_200" classname="Collection.UpdateNoMessage" time="4.341"/>
  <testcase name="UpdateNoMessage_401" classname="Collection.UpdateNoMessage" time="1.401"/>
  <testcase name="UpdateNoMessage_403" classname="Collection.UpdateNoMessage" time="3.336"/>
  <testcase name="UpdateUserArchive_200" classname="Collection.UpdateUserArchive" time="0">
    <skipped message="2 expectations failed.&#10;Expected status code &lt;200&gt; but was &lt;400&gt;.&#10;&#10;Expected status line &quot;HTTP/1.1 200 OK&quot; doesn&apos;t match actual status line &quot;HTTP/1.1 400 Bad Request&quot;.&#10;"/>
    <system-out><![CDATA[===== Invoked methods
    UpdateNoMessage.UpdateNoMessage_200()[pri:1, instance:Collection.UpdateNoMessage@4982cc36]
    UpdateNoMessage.UpdateNoMessage_401()[pri:2, instance:Collection.UpdateNoMessage@4982cc36]
    UpdateNoMessage.UpdateNoMessage_403()[pri:3, instance:Collection.UpdateNoMessage@4982cc36]
=====
PASSED: UpdateNoMessage_200
PASSED: UpdateNoMessage_403
PASSED: UpdateNoMessage_401

===============================================
    Update No message
    Tests run: 3, Failures: 0, Skips: 0
===============================================

**************************************** UpdateUserArchive_200 Started  ************************************** 
Request method:	POST
Request URI:	https://qa-backend.nexus360.mobi/api/authentication
Proxy:			<none>
Request params:	<none>
Query params:	<none>
Form params:	<none>
Path params:	<none>
Headers:		Accept=*/*
				Content-Type=application/json
Cookies:		<none>
Multiparts:		<none>
Body:
{
    "loginId": "admin@ebanqo.com",
    "password": "12345678"
}
Request method:	POST
Request URI:	https://qa-be.ebanqo.io/user/updateArchive
Proxy:			<none>
Request params:	<none>
Query params:	<none>
Form params:	<none>
Path params:	<none>
Headers:		token=eyJhbGciOiJIUzI1NiIsInR5cCI6IkpXVCJ9.eyJ1bmlxdWVfbmFtZSI6ImFkbWluQGViYW5xby5jb20iLCJodHRwOi8vc2NoZW1hcy5taWNyb3NvZnQuY29tL3dzLzIwMDgvMDYvaWRlbnRpdHkvY2xhaW1zL3VzZXJkYXRhIjoie1wiaWRcIjoxLFwiZ3VpZFwiOlwiOTQ2ODk3OTItYjBhMi00MzY4LWExMDktYWRhNDUwY2U3OWMyXCIsXCJ0aXRsZVwiOlwiTXIuXCIsXCJmaXJzdE5hbWVcIjpcImVCYW5xb1wiLFwibGFzdE5hbWVcIjpcIkFkbWluXCIsXCJwaG9uZVwiOlwiOTIzMzM4MTI1NTc1XCIsXCJjb3VudHJ5XCI6bnVsbCxcImNvdW50cnlDb2RlXCI6bnVsbCxcInN0YWtlaG9sZGVyXCI6XCJlQmFucW8gSW5jLlwiLFwic3Rha2Vob2xkZXJJZFwiOjEsXCJpbmR1c3RyeUlkXCI6NyxcInN0YWtlaG9sZGVyQ29kZVwiOlwiRUJRXCIsXCJwbGFuQ29kZVwiOm51bGwsXCJsb2dpbklkXCI6XCJhZG1pbkBlYmFucW8uY29tXCIsXCJpc0FkbWluXCI6dHJ1ZSxcInByb2ZpbGVQaG90b1wiOlwibm9zdHJ1ZFwiLFwidG9rZW5cIjpudWxsLFwicmVmcmVzaEtleVwiOm51bGwsXCJsYXN0TG9naW5BdFwiOlwiMjAyMi0wMi0wNVQwOTozNDozOVwiLFwicm9sZVBlcm1pc3Npb25zXCI6bnVsbCxcInVzZXJSb2xlc1wiOm51bGwsXCJ1c2VyUGVybWlzc2lvbnNcIjpudWxsLFwiZGFzaGJvYXJkXCI6bnVsbH0iLCJuYmYiOjE2NDQwNTM2MjksImV4cCI6MTY0NDA1NzI4OSwiaWF0IjoxNjQ0MDUzNjg5fQ.sBAbbsg5n15_lzPGdP2McUY0rLIgCAkH9o6ahR9cOgE
				Accept=*/*
				Content-Type=application/json
Cookies:		<none>
Multiparts:		<none>
Body:
{
    "agent_code": "HYG4KL8YUJ4",
    "identifier": "1525105-0-1525105",
    "archive": {
        "RequestId": "3984789045",
        "HospitalName": "OMC IJU",
        "Type": "CheckIn|CheckOut"
    }
}
HTTP/1.1 400 Bad Request
Date: Sat, 05 Feb 2022 09:34:51 GMT
Content-Type: application/json; charset=utf-8
Content-Length: 66
Connection: keep-alive
Set-Cookie: AWSALB=uXeB9dvgZjcMaID/Ps2BrVqpLgM9cW4s86MaiL2ADR4ZoDxsda+DB5JgmDeYc7OrLd1J/o9+xVVYCWWcEfsNmcfED9K7hMxZDmqEazOz4uRAJrvrS/rMasTtH548; Expires=Sat, 12 Feb 2022 09:34:51 GMT; Path=/
Set-Cookie: AWSALBCORS=uXeB9dvgZjcMaID/Ps2BrVqpLgM9cW4s86MaiL2ADR4ZoDxsda+DB5JgmDeYc7OrLd1J/o9+xVVYCWWcEfsNmcfED9K7hMxZDmqEazOz4uRAJrvrS/rMasTtH548; Expires=Sat, 12 Feb 2022 09:34:51 GMT; Path=/; SameSite=None; Secure
X-Powered-By: Express
Access-Control-Allow-Origin: *
ETag: W/"42-w2KrqNd7Ys/kHY1p+ZZHR37IlQY"

{
    "status": "fail",
    "data": "Incorrect Agent or Identifier Specified"
}
***************************Skipped********************* UpdateUserArchive_200  Sat Feb 05 10:34:49 WAT 2022 ********Skipped************ 


]]></system-out>
  </testcase>
  <testcase name="UpdateUserArchive_200" classname="Collection.UpdateUserArchive" time="3.678">
    <failure message="2 expectations failed.&#10;Expected status code &lt;200&gt; but was &lt;400&gt;.&#10;&#10;Expected status line &quot;HTTP/1.1 200 OK&quot; doesn&apos;t match actual status line &quot;HTTP/1.1 400 Bad Request&quot;.&#10;" type="java.lang.AssertionError"><![CDATA[java.lang.AssertionError: 
2 expectations failed.
Expected status code <200> but was <400>.

Expected status line "HTTP/1.1 200 OK" doesn't match actual status line "HTTP/1.1 400 Bad Request".

	at Collection.UpdateUserArchive.UpdateUserArchive_200(UpdateUserArchive.java:25)
]]></failure>
    <system-out><![CDATA[**************************************** UpdateUserArchive_200 Started  ************************************** 
Request method:	POST
Request URI:	https://qa-backend.nexus360.mobi/api/authentication
Proxy:			<none>
Request params:	<none>
Query params:	<none>
Form params:	<none>
Path params:	<none>
Headers:		Accept=*/*
				Content-Type=application/json
Cookies:		<none>
Multiparts:		<none>
Body:
{
    "loginId": "admin@ebanqo.com",
    "password": "12345678"
}
Request method:	POST
Request URI:	https://qa-be.ebanqo.io/user/updateArchive
Proxy:			<none>
Request params:	<none>
Query params:	<none>
Form params:	<none>
Path params:	<none>
Headers:		token=eyJhbGciOiJIUzI1NiIsInR5cCI6IkpXVCJ9.eyJ1bmlxdWVfbmFtZSI6ImFkbWluQGViYW5xby5jb20iLCJodHRwOi8vc2NoZW1hcy5taWNyb3NvZnQuY29tL3dzLzIwMDgvMDYvaWRlbnRpdHkvY2xhaW1zL3VzZXJkYXRhIjoie1wiaWRcIjoxLFwiZ3VpZFwiOlwiOTQ2ODk3OTItYjBhMi00MzY4LWExMDktYWRhNDUwY2U3OWMyXCIsXCJ0aXRsZVwiOlwiTXIuXCIsXCJmaXJzdE5hbWVcIjpcImVCYW5xb1wiLFwibGFzdE5hbWVcIjpcIkFkbWluXCIsXCJwaG9uZVwiOlwiOTIzMzM4MTI1NTc1XCIsXCJjb3VudHJ5XCI6bnVsbCxcImNvdW50cnlDb2RlXCI6bnVsbCxcInN0YWtlaG9sZGVyXCI6XCJlQmFucW8gSW5jLlwiLFwic3Rha2Vob2xkZXJJZFwiOjEsXCJpbmR1c3RyeUlkXCI6NyxcInN0YWtlaG9sZGVyQ29kZVwiOlwiRUJRXCIsXCJwbGFuQ29kZVwiOm51bGwsXCJsb2dpbklkXCI6XCJhZG1pbkBlYmFucW8uY29tXCIsXCJpc0FkbWluXCI6dHJ1ZSxcInByb2ZpbGVQaG90b1wiOlwibm9zdHJ1ZFwiLFwidG9rZW5cIjpudWxsLFwicmVmcmVzaEtleVwiOm51bGwsXCJsYXN0TG9naW5BdFwiOlwiMjAyMi0wMi0wNVQwOTozNDo1MFwiLFwicm9sZVBlcm1pc3Npb25zXCI6bnVsbCxcInVzZXJSb2xlc1wiOm51bGwsXCJ1c2VyUGVybWlzc2lvbnNcIjpudWxsLFwiZGFzaGJvYXJkXCI6bnVsbH0iLCJuYmYiOjE2NDQwNTM2MjEsImV4cCI6MTY0NDA1NzI4MSwiaWF0IjoxNjQ0MDUzNjgxfQ.SFDrosfyWI__Z22uNx_MioFQ_VosJvRCSJYuFhkHspo
				Accept=*/*
				Content-Type=application/json
Cookies:		<none>
Multiparts:		<none>
Body:
{
    "agent_code": "HYG4KL8YUJ4",
    "identifier": "1525105-0-1525105",
    "archive": {
        "RequestId": "3984789045",
        "HospitalName": "OMC IJU",
        "Type": "CheckIn|CheckOut"
    }
}
HTTP/1.1 400 Bad Request
Date: Sat, 05 Feb 2022 09:34:55 GMT
Content-Type: application/json; charset=utf-8
Content-Length: 66
Connection: keep-alive
Set-Cookie: AWSALB=vrBDzxjsac/Pw7rjJpq8/mpw97ahIWNu7aZqPjXzijnN8uzvxrqL339xhlgL1pZ/77QftIOoBkaQewQTY72uN23r+AV3dMgM8kb0e+4sJ2PCpRLegTpzirb451HY; Expires=Sat, 12 Feb 2022 09:34:55 GMT; Path=/
Set-Cookie: AWSALBCORS=vrBDzxjsac/Pw7rjJpq8/mpw97ahIWNu7aZqPjXzijnN8uzvxrqL339xhlgL1pZ/77QftIOoBkaQewQTY72uN23r+AV3dMgM8kb0e+4sJ2PCpRLegTpzirb451HY; Expires=Sat, 12 Feb 2022 09:34:55 GMT; Path=/; SameSite=None; Secure
X-Powered-By: Express
Access-Control-Allow-Origin: *
ETag: W/"42-w2KrqNd7Ys/kHY1p+ZZHR37IlQY"

{
    "status": "fail",
    "data": "Incorrect Agent or Identifier Specified"
}
**********Failed********************* UpdateUserArchive_200  Sat Feb 05 10:34:53 WAT 2022 **********Failed************* 
 

]]></system-out>
  </testcase>
  <testcase name="UpdateUserArchive_401" classname="Collection.UpdateUserArchive" time="1.244"/>
  <testcase name="UpdateUserArchive_403" classname="Collection.UpdateUserArchive" time="2.78"/>
  <testcase name="UpdateUserArchive_400" classname="Collection.UpdateUserArchive" time="3.625"/>
  <testcase name="User_Message_by_Session_Support_200" classname="Collection.User_Message_by_Session_Support" time="4.786"/>
  <testcase name="User_Message_by_Session_Support_401" classname="Collection.User_Message_by_Session_Support" time="1.799"/>
  <testcase name="User_Message_by_Session_Support_403" classname="Collection.User_Message_by_Session_Support" time="3.386"/>
  <testcase name="User_Messages_bot_200" classname="Collection.User_Messages_by_Session_bot" time="5.284"/>
  <testcase name="User_Messages_bot_401" classname="Collection.User_Messages_by_Session_bot" time="1.365"/>
  <testcase name="User_Messages_bot_403" classname="Collection.User_Messages_by_Session_bot" time="2.962"/>
  <testcase name="WebChatMessageHistory_200" classname="Collection.WebChatMessageHistory" time="4.882"/>
  <testcase name="WebChatMessageHistory_401" classname="Collection.WebChatMessageHistory" time="1.436"/>
  <testcase name="SetUp_WebChatMessageHistory_403" classname="Collection.WebChatMessageHistory" time="3.062"/>
  <testcase name="WebChatMessageHistory_400" classname="Collection.WebChatMessageHistory" time="0">
    <skipped message="2 expectations failed.&#10;Expected status code &lt;400&gt; but was &lt;500&gt;.&#10;&#10;Expected status line &quot;HTTP/1.1 400 Bad Request&quot; doesn&apos;t match actual status line &quot;HTTP/1.1 500 Internal Server Error&quot;.&#10;"/>
    <system-out><![CDATA[**************************************** WebChatMessageHistory_400 Started  ************************************** 
Request method:	POST
Request URI:	https://qa-backend.nexus360.mobi/api/authentication
Proxy:			<none>
Request params:	<none>
Query params:	<none>
Form params:	<none>
Path params:	<none>
Headers:		Accept=*/*
				Content-Type=application/json
Cookies:		<none>
Multiparts:		<none>
Body:
{
    "loginId": "admin@ebanqo.com",
    "password": "12345678"
}
Request method:	POST
Request URI:	https://qa-be.ebanqo.io/user/webchat/messages/
Proxy:			<none>
Request params:	<none>
Query params:	<none>
Form params:	<none>
Path params:	<none>
Headers:		token=eyJhbGciOiJIUzI1NiIsInR5cCI6IkpXVCJ9.eyJ1bmlxdWVfbmFtZSI6ImFkbWluQGViYW5xby5jb20iLCJodHRwOi8vc2NoZW1hcy5taWNyb3NvZnQuY29tL3dzLzIwMDgvMDYvaWRlbnRpdHkvY2xhaW1zL3VzZXJkYXRhIjoie1wiaWRcIjoxLFwiZ3VpZFwiOlwiOTQ2ODk3OTItYjBhMi00MzY4LWExMDktYWRhNDUwY2U3OWMyXCIsXCJ0aXRsZVwiOlwiTXIuXCIsXCJmaXJzdE5hbWVcIjpcImVCYW5xb1wiLFwibGFzdE5hbWVcIjpcIkFkbWluXCIsXCJwaG9uZVwiOlwiOTIzMzM4MTI1NTc1XCIsXCJjb3VudHJ5XCI6bnVsbCxcImNvdW50cnlDb2RlXCI6bnVsbCxcInN0YWtlaG9sZGVyXCI6XCJlQmFucW8gSW5jLlwiLFwic3Rha2Vob2xkZXJJZFwiOjEsXCJpbmR1c3RyeUlkXCI6NyxcInN0YWtlaG9sZGVyQ29kZVwiOlwiRUJRXCIsXCJwbGFuQ29kZVwiOm51bGwsXCJsb2dpbklkXCI6XCJhZG1pbkBlYmFucW8uY29tXCIsXCJpc0FkbWluXCI6dHJ1ZSxcInByb2ZpbGVQaG90b1wiOlwibm9zdHJ1ZFwiLFwidG9rZW5cIjpudWxsLFwicmVmcmVzaEtleVwiOm51bGwsXCJsYXN0TG9naW5BdFwiOlwiMjAyMi0wMi0wNVQwOTozNTozMVwiLFwicm9sZVBlcm1pc3Npb25zXCI6bnVsbCxcInVzZXJSb2xlc1wiOm51bGwsXCJ1c2VyUGVybWlzc2lvbnNcIjpudWxsLFwiZGFzaGJvYXJkXCI6bnVsbH0iLCJuYmYiOjE2NDQwNTM2ODEsImV4cCI6MTY0NDA1NzM0MSwiaWF0IjoxNjQ0MDUzNzQxfQ.B_bZ1nO44U1MlGZJ5PDIRp-6alC1UV7fQdzS1AHUWws
				Accept=*/*
				Content-Type=application/json
Cookies:		<none>
Multiparts:		<none>
Body:
{
    "agent_id": 1,
    "phrase": "My Airtime Buy"
}
HTTP/1.1 500 Internal Server Error
Date: Sat, 05 Feb 2022 09:35:43 GMT
Content-Type: application/json; charset=utf-8
Content-Length: 144
Connection: keep-alive
Set-Cookie: AWSALB=YCSBJdM5wFstcCDrpnnWKDHW550uY+is/IvuX4OIlV8cnyWxu3kSK2ngVGG2mVpgvlSrUKAiRtks2EuJ4NGkMudi8c7KW+EpX4ehu/oCihLoX53UGiz6JGLZyCOR; Expires=Sat, 12 Feb 2022 09:35:43 GMT; Path=/
Set-Cookie: AWSALBCORS=YCSBJdM5wFstcCDrpnnWKDHW550uY+is/IvuX4OIlV8cnyWxu3kSK2ngVGG2mVpgvlSrUKAiRtks2EuJ4NGkMudi8c7KW+EpX4ehu/oCihLoX53UGiz6JGLZyCOR; Expires=Sat, 12 Feb 2022 09:35:43 GMT; Path=/; SameSite=None; Secure
X-Powered-By: Express
Access-Control-Allow-Origin: *
ETag: W/"90-uJUzROgSfiCtCJ6i3vzdlBO07RE"

{
    "status": "error",
    "message": "Undefined binding(s) detected when compiling SELECT query: select `agent`.* from `agent` where `code` = ? limit ?"
}
***************************Skipped********************* WebChatMessageHistory_400  Sat Feb 05 10:35:41 WAT 2022 ********Skipped************ 


]]></system-out>
  </testcase>
  <testcase name="WebChatMessageHistory_400" classname="Collection.WebChatMessageHistory" time="4.244">
    <failure message="2 expectations failed.&#10;Expected status code &lt;400&gt; but was &lt;500&gt;.&#10;&#10;Expected status line &quot;HTTP/1.1 400 Bad Request&quot; doesn&apos;t match actual status line &quot;HTTP/1.1 500 Internal Server Error&quot;.&#10;" type="java.lang.AssertionError"><![CDATA[java.lang.AssertionError: 
2 expectations failed.
Expected status code <400> but was <500>.

Expected status line "HTTP/1.1 400 Bad Request" doesn't match actual status line "HTTP/1.1 500 Internal Server Error".

	at Collection.WebChatMessageHistory.WebChatMessageHistory_400(WebChatMessageHistory.java:53)
]]></failure>
    <system-out><![CDATA[**************************************** WebChatMessageHistory_400 Started  ************************************** 
Request method:	POST
Request URI:	https://qa-backend.nexus360.mobi/api/authentication
Proxy:			<none>
Request params:	<none>
Query params:	<none>
Form params:	<none>
Path params:	<none>
Headers:		Accept=*/*
				Content-Type=application/json
Cookies:		<none>
Multiparts:		<none>
Body:
{
    "loginId": "admin@ebanqo.com",
    "password": "12345678"
}
Request method:	POST
Request URI:	https://qa-be.ebanqo.io/user/webchat/messages/
Proxy:			<none>
Request params:	<none>
Query params:	<none>
Form params:	<none>
Path params:	<none>
Headers:		token=eyJhbGciOiJIUzI1NiIsInR5cCI6IkpXVCJ9.eyJ1bmlxdWVfbmFtZSI6ImFkbWluQGViYW5xby5jb20iLCJodHRwOi8vc2NoZW1hcy5taWNyb3NvZnQuY29tL3dzLzIwMDgvMDYvaWRlbnRpdHkvY2xhaW1zL3VzZXJkYXRhIjoie1wiaWRcIjoxLFwiZ3VpZFwiOlwiOTQ2ODk3OTItYjBhMi00MzY4LWExMDktYWRhNDUwY2U3OWMyXCIsXCJ0aXRsZVwiOlwiTXIuXCIsXCJmaXJzdE5hbWVcIjpcImVCYW5xb1wiLFwibGFzdE5hbWVcIjpcIkFkbWluXCIsXCJwaG9uZVwiOlwiOTIzMzM4MTI1NTc1XCIsXCJjb3VudHJ5XCI6bnVsbCxcImNvdW50cnlDb2RlXCI6bnVsbCxcInN0YWtlaG9sZGVyXCI6XCJlQmFucW8gSW5jLlwiLFwic3Rha2Vob2xkZXJJZFwiOjEsXCJpbmR1c3RyeUlkXCI6NyxcInN0YWtlaG9sZGVyQ29kZVwiOlwiRUJRXCIsXCJwbGFuQ29kZVwiOm51bGwsXCJsb2dpbklkXCI6XCJhZG1pbkBlYmFucW8uY29tXCIsXCJpc0FkbWluXCI6dHJ1ZSxcInByb2ZpbGVQaG90b1wiOlwibm9zdHJ1ZFwiLFwidG9rZW5cIjpudWxsLFwicmVmcmVzaEtleVwiOm51bGwsXCJsYXN0TG9naW5BdFwiOlwiMjAyMi0wMi0wNVQwOTozNTo0MlwiLFwicm9sZVBlcm1pc3Npb25zXCI6bnVsbCxcInVzZXJSb2xlc1wiOm51bGwsXCJ1c2VyUGVybWlzc2lvbnNcIjpudWxsLFwiZGFzaGJvYXJkXCI6bnVsbH0iLCJuYmYiOjE2NDQwNTM2NzMsImV4cCI6MTY0NDA1NzMzMywiaWF0IjoxNjQ0MDUzNzMzfQ.ddtmyE_AuE3cWrPd5MJhxFb8yBdGB3f9rn923pUt0nM
				Accept=*/*
				Content-Type=application/json
Cookies:		<none>
Multiparts:		<none>
Body:
{
    "agent_id": 1,
    "phrase": "My Airtime Buy"
}
HTTP/1.1 500 Internal Server Error
Date: Sat, 05 Feb 2022 09:35:48 GMT
Content-Type: application/json; charset=utf-8
Content-Length: 144
Connection: keep-alive
Set-Cookie: AWSALB=ZtvCX6leBavZ/zcHp+ZAB2dyLENI6BexWbCUtT/KOOFHm/+M3uDJTi/y+H8+9Ne4EvLYamd0hyhyW2PWOj8V7/yv2PxxztuYBhGNf+/a66yl/KpcGux49iWUyRu3; Expires=Sat, 12 Feb 2022 09:35:48 GMT; Path=/
Set-Cookie: AWSALBCORS=ZtvCX6leBavZ/zcHp+ZAB2dyLENI6BexWbCUtT/KOOFHm/+M3uDJTi/y+H8+9Ne4EvLYamd0hyhyW2PWOj8V7/yv2PxxztuYBhGNf+/a66yl/KpcGux49iWUyRu3; Expires=Sat, 12 Feb 2022 09:35:48 GMT; Path=/; SameSite=None; Secure
X-Powered-By: Express
Access-Control-Allow-Origin: *
ETag: W/"90-uJUzROgSfiCtCJ6i3vzdlBO07RE"

{
    "status": "error",
    "message": "Undefined binding(s) detected when compiling SELECT query: select `agent`.* from `agent` where `code` = ? limit ?"
}
**********Failed********************* WebChatMessageHistory_400  Sat Feb 05 10:35:45 WAT 2022 **********Failed************* 
 

]]></system-out>
  </testcase>
  <testcase name="WhatApp_OptIn_200" classname="Collection.WhatApp_OptIn" time="5.388"/>
  <testcase name="WhatApp_OptIn_401" classname="Collection.WhatApp_OptIn" time="1.219"/>
  <testcase name="WhatApp_OptIn_403" classname="Collection.WhatApp_OptIn" time="3.158"/>
  <testcase name="WhatApp_OptOut_200" classname="Collection.WhatApp_OptOut" time="4.942"/>
  <testcase name="WhatApp_OptOut_401" classname="Collection.WhatApp_OptOut" time="1.735"/>
  <testcase name="WhatApp_OptOut_403" classname="Collection.WhatApp_OptOut" time="3.659"/>
</testsuite>