<?xml version="1.0" encoding="UTF-8"?>
<!-- Generated by org.testng.reporters.JUnitReportReporter -->
<testsuite hostname="ennymax" failures="0" tests="2" name="Role.GetDashboards" time="5.961" errors="0" timestamp="2022-01-17T11:34:16 WAT" skipped="0">
  <testcase classname="Role.GetDashboards" name="GetDashboards401" time="1.777"/>
  <system-out/>
  <testcase classname="Role.GetDashboards" name="GetDashboards200" time="4.184"/>
  <system-out/>
</testsuite> <!-- Role.GetDashboards -->
