<?xml version="1.0" encoding="UTF-8"?>
<!-- Generated by org.testng.reporters.JUnitReportReporter -->
<testsuite hostname="ennymax" failures="0" tests="3" name="Permission.UpdateRoleAction" time="11.680" errors="0" timestamp="2022-01-17T11:34:16 WAT" skipped="0">
  <testcase classname="Permission.UpdateRoleAction" name="UpdateAction_200" time="4.954"/>
  <system-out/>
  <testcase classname="Permission.UpdateRoleAction" name="UpdateActionPermission_401" time="1.794"/>
  <system-out/>
  <testcase classname="Permission.UpdateRoleAction" name="UpdateAction_Multiple_Permission_200" time="4.932"/>
  <system-out/>
</testsuite> <!-- Permission.UpdateRoleAction -->
