<?xml version="1.0" encoding="UTF-8"?>
<!-- Generated by org.testng.reporters.JUnitReportReporter -->
<testsuite hostname="ennymax" failures="0" tests="2" name="Report.GetAgentChatPercentage" time="6.442" errors="0" timestamp="2022-01-17T11:34:16 WAT" skipped="0">
  <testcase classname="Report.GetAgentChatPercentage" name="GetAgentChatPercentage_401" time="1.812"/>
  <system-out/>
  <testcase classname="Report.GetAgentChatPercentage" name="GetAgentChatPercentage_200" time="4.630"/>
  <system-out/>
</testsuite> <!-- Report.GetAgentChatPercentage -->
