<?xml version="1.0" encoding="UTF-8"?>
<!-- Generated by org.testng.reporters.JUnitReportReporter -->
<testsuite hostname="ennymax" failures="0" tests="2" name="Role.Get_All_Roles" time="7.526" errors="0" timestamp="2022-01-17T11:34:16 WAT" skipped="0">
  <testcase classname="Role.Get_All_Roles" name="Get_Role_401" time="1.745"/>
  <system-out/>
  <testcase classname="Role.Get_All_Roles" name="Get_Role_Success" time="5.781"/>
  <system-out/>
</testsuite> <!-- Role.Get_All_Roles -->
