<?xml version="1.0" encoding="UTF-8"?>
<!-- Generated by org.testng.reporters.JUnitReportReporter -->
<testsuite hostname="ennymax" failures="0" tests="2" name="Report.GetChatWaitTimeGroup" time="6.595" errors="0" timestamp="2022-01-17T11:34:16 WAT" skipped="0">
  <testcase classname="Report.GetChatWaitTimeGroup" name="GetChatWaitTimeGroup_401" time="1.804"/>
  <system-out/>
  <testcase classname="Report.GetChatWaitTimeGroup" name="GetChatWaitTimeGroup_200" time="4.791"/>
  <system-out/>
</testsuite> <!-- Report.GetChatWaitTimeGroup -->
