<?xml version="1.0" encoding="UTF-8"?>
<!-- Generated by org.testng.reporters.JUnitReportReporter -->
<testsuite hostname="ennymax" failures="0" tests="4" name="Report.GetAllNotificationMessageCount" time="12.319" errors="0" timestamp="2022-01-17T11:34:17 WAT" skipped="0">
  <testcase classname="Report.GetAllNotificationMessageCount" name="GetAllNotificationMessageCount_401" time="1.778"/>
  <system-out/>
  <testcase classname="Report.GetAllNotificationMessageCount" name="GetAllNotificationMessageCount_401" time="1.770"/>
  <system-out/>
  <testcase classname="Report.GetAllNotificationMessageCount" name="GetAllNotificationMessageCount_200" time="4.315"/>
  <system-out/>
  <testcase classname="Report.GetAllNotificationMessageCount" name="GetAllNotificationMessageCount_200" time="4.456"/>
  <system-out/>
</testsuite> <!-- Report.GetAllNotificationMessageCount -->
