<?xml version="1.0" encoding="UTF-8"?>
<!-- Generated by org.testng.reporters.JUnitReportReporter -->
<testsuite hostname="ennymax" failures="0" tests="2" name="Report.GetNewCustomerCount" time="6.016" errors="0" timestamp="2022-01-17T11:34:17 WAT" skipped="0">
  <testcase classname="Report.GetNewCustomerCount" name="GetNewCustomerCount_401" time="1.733"/>
  <system-out/>
  <testcase classname="Report.GetNewCustomerCount" name="GetNewCustomerCount_200" time="4.283"/>
  <system-out/>
</testsuite> <!-- Report.GetNewCustomerCount -->
