<?xml version="1.0" encoding="UTF-8"?>
<!-- Generated by org.testng.reporters.JUnitReportReporter -->
<testsuite hostname="ennymax" failures="0" tests="2" name="Report.GetUserCount" time="6.157" errors="0" timestamp="2022-01-17T11:34:17 WAT" skipped="0">
  <testcase classname="Report.GetUserCount" name="GetUserCount_401" time="1.778"/>
  <system-out/>
  <testcase classname="Report.GetUserCount" name="GetUserCount_200" time="4.379"/>
  <system-out/>
</testsuite> <!-- Report.GetUserCount -->
