<?xml version="1.0" encoding="UTF-8"?>
<!-- Generated by org.testng.reporters.JUnitReportReporter -->
<testsuite hostname="ennymax" failures="0" tests="2" name="Role.DeleteRole" time="7.652" errors="0" timestamp="2022-01-17T11:34:16 WAT" skipped="0">
  <testcase classname="Role.DeleteRole" name="DeleteRole_401" time="1.860"/>
  <system-out/>
  <testcase classname="Role.DeleteRole" name="DeleteRole_404" time="5.792"/>
  <system-out/>
</testsuite> <!-- Role.DeleteRole -->
