<?xml version="1.0" encoding="UTF-8"?>
<!-- Generated by org.testng.reporters.JUnitReportReporter -->
<testsuite hostname="ennymax" failures="0" tests="2" name="Report.GetNewCustomerReport" time="5.971" errors="0" timestamp="2022-01-17T11:34:16 WAT" skipped="0">
  <testcase classname="Report.GetNewCustomerReport" name="GetNewCustomerReport_401" time="1.735"/>
  <system-out/>
  <testcase classname="Report.GetNewCustomerReport" name="GetNewCustomerReport_200" time="4.236"/>
  <system-out/>
</testsuite> <!-- Report.GetNewCustomerReport -->
