<?xml version="1.0" encoding="UTF-8"?>
<!-- Generated by org.testng.reporters.JUnitReportReporter -->
<testsuite hostname="ennymax" failures="0" tests="4" name="Report.GetAVGChatDuration" time="12.025" errors="0" timestamp="2022-01-17T11:34:16 WAT" skipped="0">
  <testcase classname="Report.GetAVGChatDuration" name="GetAVGChatDuration_401" time="1.753"/>
  <system-out/>
  <testcase classname="Report.GetAVGChatDuration" name="GetAVGChatDuration_401" time="1.721"/>
  <system-out/>
  <testcase classname="Report.GetAVGChatDuration" name="GetAVGChatDuration_200" time="4.362"/>
  <system-out/>
  <testcase classname="Report.GetAVGChatDuration" name="GetAVGChatDuration_200" time="4.189"/>
  <system-out/>
</testsuite> <!-- Report.GetAVGChatDuration -->
