<?xml version="1.0" encoding="UTF-8"?>
<!-- Generated by org.testng.reporters.JUnitReportReporter -->
<testsuite hostname="ennymax" failures="0" tests="2" name="Report.GetPlatFormMessageBot" time="6.189" errors="0" timestamp="2022-01-17T11:34:16 WAT" skipped="0">
  <testcase classname="Report.GetPlatFormMessageBot" name="GetPlatFormMessageBot_401" time="1.705"/>
  <system-out/>
  <testcase classname="Report.GetPlatFormMessageBot" name="GetPlatFormMessageBot_200" time="4.484"/>
  <system-out/>
</testsuite> <!-- Report.GetPlatFormMessageBot -->
