<?xml version="1.0" encoding="UTF-8"?>
<!-- Generated by org.testng.reporters.JUnitReportReporter -->
<testsuite hostname="ennymax" failures="0" tests="2" name="Report.GetSupportAgentReport" time="6.683" errors="0" timestamp="2022-01-17T11:34:17 WAT" skipped="0">
  <testcase classname="Report.GetSupportAgentReport" name="GetSupportAgentReport_401" time="1.718"/>
  <system-out/>
  <testcase classname="Report.GetSupportAgentReport" name="GetSupportAgentReport_200" time="4.965"/>
  <system-out/>
</testsuite> <!-- Report.GetSupportAgentReport -->
