<?xml version="1.0" encoding="UTF-8"?>
<!-- Generated by org.testng.reporters.JUnitReportReporter -->
<testsuite hostname="ennymax" failures="0" tests="1" name="Permission.GetPermission" time="5.443" errors="0" timestamp="2022-01-17T11:34:16 WAT" skipped="0">
  <testcase classname="Permission.GetPermission" name="GetPermission_200" time="5.443"/>
  <system-out/>
</testsuite> <!-- Permission.GetPermission -->
