<?xml version="1.0" encoding="UTF-8"?>
<!-- Generated by org.testng.reporters.JUnitReportReporter -->
<testsuite hostname="ennymax" failures="0" tests="2" name="Report.GetSupportSession" time="6.150" errors="0" timestamp="2022-01-17T11:34:16 WAT" skipped="0">
  <testcase classname="Report.GetSupportSession" name="GetSupportSession_401" time="1.706"/>
  <system-out/>
  <testcase classname="Report.GetSupportSession" name="GetSupportSession_200" time="4.444"/>
  <system-out/>
</testsuite> <!-- Report.GetSupportSession -->
