<?xml version="1.0" encoding="UTF-8"?>
<!-- Generated by org.testng.reporters.JUnitReportReporter -->
<testsuite hostname="ennymax" failures="0" tests="2" name="Report.GetSupportAgentDropDown" time="7.036" errors="0" timestamp="2022-01-17T11:34:16 WAT" skipped="0">
  <testcase classname="Report.GetSupportAgentDropDown" name="GetSupportAgentDropDown_401" time="1.741"/>
  <system-out/>
  <testcase classname="Report.GetSupportAgentDropDown" name="GetSupportAgentDropDown_200" time="5.295"/>
  <system-out/>
</testsuite> <!-- Report.GetSupportAgentDropDown -->
