<?xml version="1.0" encoding="UTF-8"?>
<!-- Generated by org.testng.reporters.JUnitReportReporter -->
<testsuite hostname="ennymax" failures="0" tests="2" name="Report.GetHourlySessionCount" time="7.331" errors="0" timestamp="2022-01-17T11:34:17 WAT" skipped="0">
  <testcase classname="Report.GetHourlySessionCount" name="GetHourlySessionCount_401" time="1.773"/>
  <system-out/>
  <testcase classname="Report.GetHourlySessionCount" name="GetHourlySessionCount_200" time="5.558"/>
  <system-out/>
</testsuite> <!-- Report.GetHourlySessionCount -->
