<?xml version="1.0" encoding="UTF-8"?>
<!-- Generated by org.testng.reporters.JUnitReportReporter -->
<testsuite hostname="ennymax" failures="0" tests="2" name="StakeHolder.GetSampleList" time="7.088" errors="0" timestamp="2022-01-17T11:34:16 WAT" skipped="0">
  <testcase classname="StakeHolder.GetSampleList" name="GetSampleList_401" time="2.751"/>
  <system-out/>
  <testcase classname="StakeHolder.GetSampleList" name="GetSampleList_200" time="4.337"/>
  <system-out/>
</testsuite> <!-- StakeHolder.GetSampleList -->
