<?xml version="1.0" encoding="UTF-8"?>
<!-- Generated by org.testng.reporters.JUnitReportReporter -->
<testsuite hostname="ennymax" failures="0" tests="2" name="Report.GetServiceMessengerCount" time="6.179" errors="0" timestamp="2022-01-17T11:34:16 WAT" skipped="0">
  <testcase classname="Report.GetServiceMessengerCount" name="GetServiceMessengerCount_401" time="1.773"/>
  <system-out/>
  <testcase classname="Report.GetServiceMessengerCount" name="GetServiceMessengerCount_200" time="4.406"/>
  <system-out/>
</testsuite> <!-- Report.GetServiceMessengerCount -->
