<?xml version="1.0" encoding="UTF-8"?>
<!-- Generated by org.testng.reporters.JUnitReportReporter -->
<testsuite hostname="ennymax" failures="0" tests="2" name="Report.GetCustomerInteractionReport" time="7.444" errors="0" timestamp="2022-01-17T11:34:16 WAT" skipped="0">
  <testcase classname="Report.GetCustomerInteractionReport" name="GetCustomerInteractionReport_401" time="1.766"/>
  <system-out/>
  <testcase classname="Report.GetCustomerInteractionReport" name="GetCustomerInteractionReport_200" time="5.678"/>
  <system-out/>
</testsuite> <!-- Report.GetCustomerInteractionReport -->
