<?xml version="1.0" encoding="UTF-8"?>
<!-- Generated by org.testng.reporters.JUnitReportReporter -->
<testsuite hostname="ennymax" failures="0" tests="2" name="Report.GetAuditLogsDetails" time="6.229" errors="0" timestamp="2022-01-17T11:34:16 WAT" skipped="0">
  <testcase classname="Report.GetAuditLogsDetails" name="GetAuditLogsDetails_401" time="1.686"/>
  <system-out/>
  <testcase classname="Report.GetAuditLogsDetails" name="GetAuditLogsDetails_200" time="4.543"/>
  <system-out/>
</testsuite> <!-- Report.GetAuditLogsDetails -->
