<?xml version="1.0" encoding="UTF-8"?>
<!-- Generated by org.testng.reporters.JUnitReportReporter -->
<testsuite hostname="ennymax" failures="0" tests="2" name="Report.GetServiceInitiatedChart" time="6.040" errors="0" timestamp="2022-01-17T11:34:16 WAT" skipped="0">
  <testcase classname="Report.GetServiceInitiatedChart" name="GetServiceInitiatedChart_401" time="1.758"/>
  <system-out/>
  <testcase classname="Report.GetServiceInitiatedChart" name="GetServiceInitiatedChart_200" time="4.282"/>
  <system-out/>
</testsuite> <!-- Report.GetServiceInitiatedChart -->
