<?xml version="1.0" encoding="UTF-8"?>
<!-- Generated by org.testng.reporters.JUnitReportReporter -->
<testsuite hostname="ennymax" failures="0" tests="2" name="Report.GetServiceUserChart" time="6.440" errors="0" timestamp="2022-01-17T11:34:16 WAT" skipped="0">
  <testcase classname="Report.GetServiceUserChart" name="GetServiceUserChart_401" time="1.700"/>
  <system-out/>
  <testcase classname="Report.GetServiceUserChart" name="GetServiceUserChart_200" time="4.740"/>
  <system-out/>
</testsuite> <!-- Report.GetServiceUserChart -->
