<?xml version="1.0" encoding="UTF-8"?>
<!-- Generated by org.testng.reporters.JUnitReportReporter -->
<testsuite hostname="ennymax" failures="0" tests="4" name="Role.CreateNewAdminRole" time="15.523" errors="0" timestamp="2022-01-17T11:34:16 WAT" skipped="0">
  <testcase classname="Role.CreateNewAdminRole" name="CreateNewAdminRoleWithoutPermission_" time="5.000"/>
  <system-out/>
  <testcase classname="Role.CreateNewAdminRole" name="CreateNewAdminRole_401" time="1.737"/>
  <system-out/>
  <testcase classname="Role.CreateNewAdminRole" name="CreateNewAdminRole_409" time="4.264"/>
  <system-out/>
  <testcase classname="Role.CreateNewAdminRole" name="CreateNewAdminRole_200" time="4.522"/>
  <system-out/>
</testsuite> <!-- Role.CreateNewAdminRole -->
