<?xml version="1.0" encoding="UTF-8"?>
<!-- Generated by org.testng.reporters.JUnitReportReporter -->
<testsuite hostname="ennymax" failures="0" tests="2" name="StakeHolder.GetCategoryList" time="16.628" errors="0" timestamp="2022-01-17T11:34:17 WAT" skipped="0">
  <testcase classname="StakeHolder.GetCategoryList" name="GetCategoryList_401" time="6.505"/>
  <system-out/>
  <testcase classname="StakeHolder.GetCategoryList" name="GetCategoryList_200" time="10.123"/>
  <system-out/>
</testsuite> <!-- StakeHolder.GetCategoryList -->
