<?xml version="1.0" encoding="UTF-8"?>
<!-- Generated by org.testng.reporters.JUnitReportReporter -->
<testsuite hostname="ennymax" failures="0" tests="1" name="Permission.Get_Action" time="4.853" errors="0" timestamp="2022-01-17T11:34:17 WAT" skipped="0">
  <testcase classname="Permission.Get_Action" name="Get_All_Action_Under_Role_200" time="4.853"/>
  <system-out/>
</testsuite> <!-- Permission.Get_Action -->
