<?xml version="1.0" encoding="UTF-8"?>
<!-- Generated by org.testng.reporters.JUnitReportReporter -->
<testsuite hostname="ennymax" failures="0" tests="2" name="Report.GetDailyBotSessionCount" time="11.338" errors="0" timestamp="2022-01-17T11:34:17 WAT" skipped="0">
  <testcase classname="Report.GetDailyBotSessionCount" name="GetDailyBotSessionCount_401" time="1.711"/>
  <system-out/>
  <testcase classname="Report.GetDailyBotSessionCount" name="GetDailyBotSessionCount_200" time="9.627"/>
  <system-out/>
</testsuite> <!-- Report.GetDailyBotSessionCount -->
