<?xml version="1.0" encoding="UTF-8"?>
<!-- Generated by org.testng.reporters.JUnitReportReporter -->
<testsuite hostname="ennymax" failures="0" tests="2" name="Report.GetPlatformMessageCount" time="6.311" errors="0" timestamp="2022-01-17T11:34:16 WAT" skipped="0">
  <testcase classname="Report.GetPlatformMessageCount" name="GetPlatformMessageCount_401" time="1.734"/>
  <system-out/>
  <testcase classname="Report.GetPlatformMessageCount" name="GetPlatformMessageCount_200" time="4.577"/>
  <system-out/>
</testsuite> <!-- Report.GetPlatformMessageCount -->
