<?xml version="1.0" encoding="UTF-8"?>
<!-- Generated by org.testng.reporters.JUnitReportReporter -->
<testsuite hostname="ennymax" failures="0" tests="1" name="BE.GetVersion.GetVersion" time="4.336" errors="0" timestamp="2022-01-17T11:34:16 WAT" skipped="0">
  <testcase classname="BE.GetVersion.GetVersion" name="GetVersion200" time="4.336"/>
  <system-out/>
</testsuite> <!-- BE.GetVersion.GetVersion -->
