<?xml version="1.0" encoding="UTF-8"?>
<!-- Generated by org.testng.reporters.JUnitReportReporter -->
<testsuite hostname="ennymax" failures="0" tests="2" name="StakeHolder.GetStake_Holder" time="6.220" errors="0" timestamp="2022-01-17T11:34:17 WAT" skipped="0">
  <testcase classname="StakeHolder.GetStake_Holder" name="GetStakeHolder_401" time="1.743"/>
  <system-out/>
  <testcase classname="StakeHolder.GetStake_Holder" name="GetStakeHolder_200" time="4.477"/>
  <system-out/>
</testsuite> <!-- StakeHolder.GetStake_Holder -->
