<?xml version="1.0" encoding="UTF-8"?>
<!-- Generated by org.testng.reporters.JUnitReportReporter -->
<testsuite hostname="ennymax" failures="0" tests="2" name="Admin.Admin" time="5.966" errors="0" timestamp="2022-01-17T11:34:16 WAT" skipped="0">
  <testcase classname="Admin.Admin" name="Admin_401" time="1.741"/>
  <system-out/>
  <testcase classname="Admin.Admin" name="Admin_200" time="4.225"/>
  <system-out/>
</testsuite> <!-- Admin.Admin -->
