<?xml version="1.0" encoding="UTF-8"?>
<!-- Generated by org.testng.reporters.JUnitReportReporter -->
<testsuite hostname="ennymax" failures="0" tests="2" name="Report.GetUserMessageCount" time="5.962" errors="0" timestamp="2022-01-17T11:34:16 WAT" skipped="0">
  <testcase classname="Report.GetUserMessageCount" name="GetUserMessageCount_401" time="1.726"/>
  <system-out/>
  <testcase classname="Report.GetUserMessageCount" name="GetUserMessageCount_200" time="4.236"/>
  <system-out/>
</testsuite> <!-- Report.GetUserMessageCount -->
