<?xml version="1.0" encoding="UTF-8"?>
<!-- Generated by org.testng.reporters.JUnitReportReporter -->
<testsuite hostname="ennymax" failures="0" tests="2" name="Report.GetSupportMessageCount" time="5.943" errors="0" timestamp="2022-01-17T11:34:16 WAT" skipped="0">
  <testcase classname="Report.GetSupportMessageCount" name="GetSupportMessageCount_401" time="1.679"/>
  <system-out/>
  <testcase classname="Report.GetSupportMessageCount" name="GetSupportMessageCount_200" time="4.264"/>
  <system-out/>
</testsuite> <!-- Report.GetSupportMessageCount -->
