<?xml version="1.0" encoding="UTF-8"?>
<!-- Generated by org.testng.reporters.JUnitReportReporter -->
<testsuite hostname="ennymax" failures="0" tests="2" name="Report.GetAuditLogs" time="7.263" errors="0" timestamp="2022-01-17T11:34:17 WAT" skipped="0">
  <testcase classname="Report.GetAuditLogs" name="GetAuditLogs_401" time="1.808"/>
  <system-out/>
  <testcase classname="Report.GetAuditLogs" name="GetAuditLogs_200" time="5.455"/>
  <system-out/>
</testsuite> <!-- Report.GetAuditLogs -->
