<?xml version="1.0" encoding="UTF-8"?>
<!-- Generated by org.testng.reporters.JUnitReportReporter -->
<testsuite hostname="ennymax" failures="0" tests="2" name="Report.GetMessageCountSender" time="6.118" errors="0" timestamp="2022-01-17T11:34:16 WAT" skipped="0">
  <testcase classname="Report.GetMessageCountSender" name="GetMessageCountSender_401" time="1.767"/>
  <system-out/>
  <testcase classname="Report.GetMessageCountSender" name="GetMessageCountSender_200" time="4.351"/>
  <system-out/>
</testsuite> <!-- Report.GetMessageCountSender -->
