<?xml version="1.0" encoding="UTF-8"?>
<!-- Generated by org.testng.reporters.JUnitReportReporter -->
<testsuite hostname="ennymax" failures="0" tests="2" name="Role.GetAllForSel" time="6.006" errors="0" timestamp="2022-01-17T11:34:16 WAT" skipped="0">
  <testcase classname="Role.GetAllForSel" name="GetAllSel401" time="1.725"/>
  <system-out/>
  <testcase classname="Role.GetAllForSel" name="GetAllSel200" time="4.281"/>
  <system-out/>
</testsuite> <!-- Role.GetAllForSel -->
