<?xml version="1.0" encoding="UTF-8"?>
<!-- Generated by org.testng.reporters.JUnitReportReporter -->
<testsuite hostname="ennymax" failures="0" tests="2" name="Report.GetAgentChatCount" time="6.395" errors="0" timestamp="2022-01-17T11:34:17 WAT" skipped="0">
  <testcase classname="Report.GetAgentChatCount" name="GetAgentChatCount_401" time="1.755"/>
  <system-out/>
  <testcase classname="Report.GetAgentChatCount" name="GetAgentChatCount_200" time="4.640"/>
  <system-out/>
</testsuite> <!-- Report.GetAgentChatCount -->
