<?xml version="1.0" encoding="UTF-8"?>
<!-- Generated by org.testng.reporters.JUnitReportReporter -->
<testsuite hostname="ennymax" failures="0" tests="2" name="Role.GetStakeHolderRoleForSelection" time="5.875" errors="0" timestamp="2022-01-17T11:34:17 WAT" skipped="0">
  <testcase classname="Role.GetStakeHolderRoleForSelection" name="GetDashboards401" time="1.767"/>
  <system-out/>
  <testcase classname="Role.GetStakeHolderRoleForSelection" name="GetAllSel200" time="4.108"/>
  <system-out/>
</testsuite> <!-- Role.GetStakeHolderRoleForSelection -->
