<?xml version="1.0" encoding="UTF-8"?>
<!-- Generated by org.testng.reporters.JUnitReportReporter -->
<testsuite hostname="ennymax" failures="0" tests="2" name="StakeHolder.UpdateStakeHolder" time="6.599" errors="0" timestamp="2022-01-17T11:34:17 WAT" skipped="0">
  <testcase classname="StakeHolder.UpdateStakeHolder" name="UpdateStakeHolder_400" time="4.713"/>
  <system-out/>
  <testcase classname="StakeHolder.UpdateStakeHolder" name="UpdateStakeHolder_401" time="1.886"/>
  <system-out/>
</testsuite> <!-- StakeHolder.UpdateStakeHolder -->
