<?xml version="1.0" encoding="UTF-8"?>
<!-- Generated by org.testng.reporters.JUnitReportReporter -->
<testsuite hostname="ennymax" failures="0" tests="2" name="StakeHolder.GetDropDownList" time="6.095" errors="0" timestamp="2022-01-17T11:34:16 WAT" skipped="0">
  <testcase classname="StakeHolder.GetDropDownList" name="GetDropDownList_401" time="1.768"/>
  <system-out/>
  <testcase classname="StakeHolder.GetDropDownList" name="GetDropDownList_200" time="4.327"/>
  <system-out/>
</testsuite> <!-- StakeHolder.GetDropDownList -->
