<?xml version="1.0" encoding="UTF-8"?>
<!-- Generated by org.testng.reporters.JUnitReportReporter -->
<testsuite hostname="ennymax" failures="0" tests="1" name="Role.Get_Role" time="6.838" errors="0" timestamp="2022-01-17T11:34:17 WAT" skipped="0">
  <testcase classname="Role.Get_Role" name="New_Role200" time="6.838"/>
  <system-out/>
</testsuite> <!-- Role.Get_Role -->
