<?xml version="1.0" encoding="UTF-8"?>
<!-- Generated by org.testng.reporters.JUnitReportReporter -->
<testsuite hostname="ennymax" failures="0" tests="2" name="Report.GetDailySupportSessionCount" time="10.067" errors="0" timestamp="2022-01-17T11:34:17 WAT" skipped="0">
  <testcase classname="Report.GetDailySupportSessionCount" name="GetDailySupportSessionCount_401" time="1.756"/>
  <system-out/>
  <testcase classname="Report.GetDailySupportSessionCount" name="GetDailySupportSessionCount_200" time="8.311"/>
  <system-out/>
</testsuite> <!-- Report.GetDailySupportSessionCount -->
