<?xml version="1.0" encoding="UTF-8"?>
<!-- Generated by org.testng.reporters.JUnitReportReporter -->
<testsuite hostname="ennymax" failures="0" tests="4" name="Report.GetServiceCount" time="11.862" errors="0" timestamp="2022-01-17T11:34:16 WAT" skipped="0">
  <testcase classname="Report.GetServiceCount" name="GetServiceCount_401" time="1.735"/>
  <system-out/>
  <testcase classname="Report.GetServiceCount" name="GetServiceCount_401" time="1.721"/>
  <system-out/>
  <testcase classname="Report.GetServiceCount" name="GetServiceCount_200" time="4.142"/>
  <system-out/>
  <testcase classname="Report.GetServiceCount" name="GetServiceCount_200" time="4.264"/>
  <system-out/>
</testsuite> <!-- Report.GetServiceCount -->
