<?xml version="1.0" encoding="UTF-8"?>
<!-- Generated by org.testng.reporters.JUnitReportReporter -->
<testsuite hostname="ennymax" failures="0" tests="2" name="Role.GetRoleOfStakeHolder" time="5.895" errors="0" timestamp="2022-01-17T11:34:17 WAT" skipped="0">
  <testcase classname="Role.GetRoleOfStakeHolder" name="GetDashboards401" time="1.713"/>
  <system-out/>
  <testcase classname="Role.GetRoleOfStakeHolder" name="GetAllSel200" time="4.182"/>
  <system-out/>
</testsuite> <!-- Role.GetRoleOfStakeHolder -->
