<?xml version="1.0" encoding="UTF-8"?>
<!-- Generated by org.testng.reporters.JUnitReportReporter -->
<testsuite hostname="ennymax" failures="0" tests="2" name="Report.GetDailyChartSession" time="26.495" errors="0" timestamp="2022-01-17T11:34:16 WAT" skipped="0">
  <testcase classname="Report.GetDailyChartSession" name="GetDailyChartSession_401" time="1.698"/>
  <system-out/>
  <testcase classname="Report.GetDailyChartSession" name="GetDailyChartSession_200" time="24.797"/>
  <system-out/>
</testsuite> <!-- Report.GetDailyChartSession -->
