<?xml version="1.0" encoding="UTF-8"?>
<!-- Generated by org.testng.reporters.JUnitReportReporter -->
<testsuite hostname="ennymax" failures="0" tests="2" name="Report.GetTransactionReport" time="8.680" errors="0" timestamp="2022-01-17T11:34:17 WAT" skipped="0">
  <testcase classname="Report.GetTransactionReport" name="GetTransactionReport_401" time="1.873"/>
  <system-out/>
  <testcase classname="Report.GetTransactionReport" name="GetTransactionReport_200" time="6.807"/>
  <system-out/>
</testsuite> <!-- Report.GetTransactionReport -->
