<?xml version="1.0" encoding="UTF-8"?>
<!-- Generated by org.testng.reporters.JUnitReportReporter -->
<testsuite hostname="ennymax" failures="0" tests="2" name="Report.GetAuditLogsAction" time="6.116" errors="0" timestamp="2022-01-17T11:34:16 WAT" skipped="0">
  <testcase classname="Report.GetAuditLogsAction" name="GetAuditLogsAction_401" time="1.787"/>
  <system-out/>
  <testcase classname="Report.GetAuditLogsAction" name="GetAuditLogsAction_200" time="4.329"/>
  <system-out/>
</testsuite> <!-- Report.GetAuditLogsAction -->
