<?xml version="1.0" encoding="UTF-8"?>
<!-- Generated by org.testng.reporters.JUnitReportReporter -->
<testsuite hostname="ennymax" failures="0" tests="2" name="Report.GetKBMessageChart" time="5.939" errors="0" timestamp="2022-01-17T11:34:16 WAT" skipped="0">
  <testcase classname="Report.GetKBMessageChart" name="GetKBMessageChart_401" time="1.741"/>
  <system-out/>
  <testcase classname="Report.GetKBMessageChart" name="GetKBMessageChart_200" time="4.198"/>
  <system-out/>
</testsuite> <!-- Report.GetKBMessageChart -->
