<?xml version="1.0" encoding="UTF-8"?>
<!-- Generated by org.testng.reporters.JUnitReportReporter -->
<testsuite hostname="ennymax" failures="0" tests="2" name="User.GetUserList" time="6.702" errors="0" timestamp="2022-01-17T11:34:16 WAT" skipped="0">
  <testcase classname="User.GetUserList" name="GetAllUsers_200" time="4.990"/>
  <system-out/>
  <testcase classname="User.GetUserList" name="GetAllUsers_401" time="1.712"/>
  <system-out/>
</testsuite> <!-- User.GetUserList -->
