<?xml version="1.0" encoding="UTF-8"?>
<!-- Generated by org.testng.reporters.JUnitReportReporter -->
<testsuite hostname="ennymax" failures="0" tests="3" name="User.GetStakeHolderUserList" time="10.322" errors="0" timestamp="2022-01-17T11:34:16 WAT" skipped="0">
  <testcase classname="User.GetStakeHolderUserList" name="GetStakeHolderUserList_200" time="4.178"/>
  <system-out/>
  <testcase classname="User.GetStakeHolderUserList" name="GetStakeHolderUserList_401" time="1.914"/>
  <system-out/>
  <testcase classname="User.GetStakeHolderUserList" name="GetStakeHolderUserList_404" time="4.230"/>
  <system-out/>
</testsuite> <!-- User.GetStakeHolderUserList -->
